[2017-02-07 10:07:45:717] [INFO] moses version 3.6.10
[2017-02-07 10:07:45:717] [INFO] hostname: TheComputer
[2017-02-07 10:07:45:717] [INFO] Command line: moses -i Iris_combined_first_column-class.txt -W1
[2017-02-07 10:07:45:717] [INFO] Read data file Iris_combined_first_column-class.txt
[2017-02-07 10:07:45:718] [INFO] Number of rows in tables = 150
[2017-02-07 10:07:45:718] [INFO] Inferred arity = 4
[2017-02-07 10:07:45:718] [INFO] Table signature ->(contin contin contin contin contin)
[2017-02-07 10:07:45:719] [INFO] Inferred output type: contin
[2017-02-07 10:07:45:719] [INFO] Alphabet size = 12 output = contin
[2017-02-07 10:07:45:719] [INFO] BScore complexity ratio = 3.5
[2017-02-07 10:07:45:719] [INFO] Cache composite scores
[2017-02-07 10:07:45:719] [INFO] Inferred target score = 0
[2017-02-07 10:07:45:719] [INFO] Subtract 0 (minimum significant improvement) from the target score to deal with float imprecision = 0
[2017-02-07 10:07:45:719] [INFO] MOSES starts, max_evals=10000 max_gens=-1 max_time=2147483647
[2017-02-07 10:07:45:719] [INFO] Stats: # 
Stats: # Stats are tab-separated, ready for graphing.
Stats: # You can also use the script parse_log.py to extract a CSV file given a moses log file.
Stats: # Column explanation:
Stats: # 
Stats: # gen is the generation number.
Stats: # num_evals is the number of scoring function evaluations so far.
Stats: # elapsed is the wall-clock time, in seconds, since start.
Stats: # metapop_size is the size of the metapopulation.
Stats: # best_score is the highest raw score seen, of all exemplars.
Stats: # complexity is in bits, of the highest-composite score exemplar.
Stats: # field_set_size is the ESTIMATED number of bits in all the knobs.
Stats: # optim_steps is the number of steps the optimizer took.
Stats: # over_budget is bool, T if search exceeded scoring func eval budget.
Stats: # 
Stats: # gen	num_evals	elapsed	metapop_size	best_score	complexity	field_set_size	optim_steps	over_budget
[2017-02-07 10:07:45:719] [INFO] Start knob building, rep size=1 complexity=1
[2017-02-07 10:07:45:719] [INFO] After knob building, rep size=129 complexity=5
[2017-02-07 10:07:45:720] [INFO] Total number of field specs: 42
[2017-02-07 10:07:45:720] [INFO] Number of disc knobs mapped: 0
[2017-02-07 10:07:45:720] [INFO] Number of contin knobs mapped: 42
[2017-02-07 10:07:45:720] [INFO] Field set, in bytes: 6944
[2017-02-07 10:07:45:720] [INFO] One instance, in bytes: 80
[2017-02-07 10:07:45:720] [INFO] DemesHill: # demeID	iteration	total_steps	total_evals	microseconds	new_instances	num_instances	inst_RAM	num_evals	has_improved	best_weighted_score	delta_weighted	best_raw	delta_raw	complexity
[2017-02-07 10:07:45:720] [INFO] DemesHill: 1	1	1	1	172	1	1	7.62939e-05	1	1	-250.286	3.40282e+38	-250	3.40282e+38	1
[2017-02-07 10:07:45:725] [WARN] The following instance could not be evaluated: [|1|1|0|0|0|0|0|0|-1|0|0|0|0|0|0|0|0|0|0|0|0|0|0|0|0|0|0|0|0|0|0|0|0|0|0|0|0|0|0|0|0|0]
Unreduced tree: +(/(*(+(0 *(0 sin(+(*(0 $1) *(0 $2) *(0 $3) *(0 $4)))) *(-1 log(+(*(0 $1) *(0 $2) *(0 $3) *(0 $4)))) *(0 exp(+(*(0 $1) *(0 $2) *(0 $3) *(0 $4)))) *(0 $1) *(0 $2) *(0 $3) *(0 $4)) 1) +(1 *(0 sin(+(*(0 $1) *(0 $2) *(0 $3) *(0 $4)))) *(0 log(+(*(0 $1) *(0 $2) *(0 $3) *(0 $4)))) *(0 exp(+(*(0 $1) *(0 $2) *(0 $3) *(0 $4)))) *(0 $1) *(0 $2) *(0 $3) *(0 $4))) 0)
reduced tree: -inf
[2017-02-07 10:07:45:726] [WARN] The following instance could not be evaluated: [|1|1|0|0|0|0|0|0|1|0|0|0|0|0|0|0|0|0|0|0|0|0|0|0|0|0|0|0|0|0|0|0|0|0|0|0|0|0|0|0|0|0]
Unreduced tree: +(/(*(+(0 *(0 sin(+(*(0 $1) *(0 $2) *(0 $3) *(0 $4)))) *(1 log(+(*(0 $1) *(0 $2) *(0 $3) *(0 $4)))) *(0 exp(+(*(0 $1) *(0 $2) *(0 $3) *(0 $4)))) *(0 $1) *(0 $2) *(0 $3) *(0 $4)) 1) +(1 *(0 sin(+(*(0 $1) *(0 $2) *(0 $3) *(0 $4)))) *(0 log(+(*(0 $1) *(0 $2) *(0 $3) *(0 $4)))) *(0 exp(+(*(0 $1) *(0 $2) *(0 $3) *(0 $4)))) *(0 $1) *(0 $2) *(0 $3) *(0 $4))) 0)
reduced tree: -inf
[2017-02-07 10:07:45:727] [INFO] DemesHill: 1	2	2	85	7150	84	85	0.00648499	85	1	-100.286	150	-100	150	1
[2017-02-07 10:07:45:734] [WARN] The following instance could not be evaluated: [|1|1|0|0|0|0|0|0|-1|0|0|0|0|0|0|0|0|0|0|0|0|0|0|0|0|0|0|0|0|0|0|0|0|0|0|0|0|0|0|0|0|1]
Unreduced tree: +(/(*(+(0 *(0 sin(+(*(0 $1) *(0 $2) *(0 $3) *(0 $4)))) *(-1 log(+(*(0 $1) *(0 $2) *(0 $3) *(0 $4)))) *(0 exp(+(*(0 $1) *(0 $2) *(0 $3) *(0 $4)))) *(0 $1) *(0 $2) *(0 $3) *(0 $4)) 1) +(1 *(0 sin(+(*(0 $1) *(0 $2) *(0 $3) *(0 $4)))) *(0 log(+(*(0 $1) *(0 $2) *(0 $3) *(0 $4)))) *(0 exp(+(*(0 $1) *(0 $2) *(0 $3) *(0 $4)))) *(0 $1) *(0 $2) *(0 $3) *(0 $4))) 1)
reduced tree: -inf
[2017-02-07 10:07:45:735] [WARN] The following instance could not be evaluated: [|1|1|0|0|0|0|0|0|1|0|0|0|0|0|0|0|0|0|0|0|0|0|0|0|0|0|0|0|0|0|0|0|0|0|0|0|0|0|0|0|0|1]
Unreduced tree: +(/(*(+(0 *(0 sin(+(*(0 $1) *(0 $2) *(0 $3) *(0 $4)))) *(1 log(+(*(0 $1) *(0 $2) *(0 $3) *(0 $4)))) *(0 exp(+(*(0 $1) *(0 $2) *(0 $3) *(0 $4)))) *(0 $1) *(0 $2) *(0 $3) *(0 $4)) 1) +(1 *(0 sin(+(*(0 $1) *(0 $2) *(0 $3) *(0 $4)))) *(0 log(+(*(0 $1) *(0 $2) *(0 $3) *(0 $4)))) *(0 exp(+(*(0 $1) *(0 $2) *(0 $3) *(0 $4)))) *(0 $1) *(0 $2) *(0 $3) *(0 $4))) 1)
reduced tree: -inf
[2017-02-07 10:07:45:736] [INFO] DemesHill: 1	3	3	171	8702	86	171	0.0130463	171	0	-100.286	0	-100	0	1
[2017-02-07 10:07:45:743] [INFO] DemesHill: 1	4	4	291	7827	120	291	0.0222015	291	0	-100.286	0	-100	0	1
[2017-02-07 10:07:45:783] [INFO] Expansion 1 done
[2017-02-07 10:07:45:783] [INFO] Total number of evaluations so far: 291
[2017-02-07 10:07:45:783] [INFO] The following candidate(s) have the best score [score=-100, penalized score=-100.285713195800781, complexity=1, complexity penalty=0.285714298486709595, diversity penalty=0]
[2017-02-07 10:07:45:783] [INFO] -100 1
[2017-02-07 10:07:45:783] [INFO] Stats: 1	291	0	22	-100	1	0	4	0
[2017-02-07 10:07:45:783] [INFO] Start knob building, rep size=1 complexity=1
[2017-02-07 10:07:45:783] [INFO] After knob building, rep size=129 complexity=5
[2017-02-07 10:07:45:783] [INFO] Total number of field specs: 42
[2017-02-07 10:07:45:783] [INFO] Number of disc knobs mapped: 0
[2017-02-07 10:07:45:783] [INFO] Number of contin knobs mapped: 42
[2017-02-07 10:07:45:783] [INFO] Field set, in bytes: 6944
[2017-02-07 10:07:45:783] [INFO] One instance, in bytes: 80
[2017-02-07 10:07:45:783] [INFO] DemesHill: # demeID	iteration	total_steps	total_evals	microseconds	new_instances	num_instances	inst_RAM	num_evals	has_improved	best_weighted_score	delta_weighted	best_raw	delta_raw	complexity
[2017-02-07 10:07:45:783] [INFO] DemesHill: 2	1	5	292	93	1	1	7.62939e-05	1	1	-100.286	3.40282e+38	-100	3.40282e+38	1
[2017-02-07 10:07:45:784] [WARN] The following instance could not be evaluated: [|1|1|1|0|0|0|0|0|0|0|0|0|0|0|0|0|0|0|0|0|0|0|0|0|0|0|0|0|0|0|0|0|0|0|0|0|0|0|0|0|-1|0]
Unreduced tree: +(/(*(+(1 *(0 sin(+(*(0 $1) *(0 $2) *(0 $3) *(0 $4)))) *(0 log(+(*(0 $1) *(0 $2) *(0 $3) *(0 $4)))) *(0 exp(+(*(0 $1) *(0 $2) *(0 $3) *(0 $4)))) *(0 $1) *(0 $2) *(0 $3) *(0 $4)) 1) +(1 *(0 sin(+(*(0 $1) *(0 $2) *(0 $3) *(0 $4)))) *(0 log(+(*(0 $1) *(0 $2) *(0 $3) *(0 $4)))) *(0 exp(+(*(0 $1) *(0 $2) *(0 $3) *(0 $4)))) *(0 $1) *(0 $2) *(0 $3) *(-1 $4))) 0)
reduced tree: /(1 +(1 *(-1 $4)))
[2017-02-07 10:07:45:784] [WARN] The following instance could not be evaluated: [|1|1|1|0|0|0|0|0|0|0|0|0|0|0|0|0|0|0|0|0|0|0|0|0|0|0|0|0|0|0|0|0|0|0|0|0|0|0|0|-1|0|0]
Unreduced tree: +(/(*(+(1 *(0 sin(+(*(0 $1) *(0 $2) *(0 $3) *(0 $4)))) *(0 log(+(*(0 $1) *(0 $2) *(0 $3) *(0 $4)))) *(0 exp(+(*(0 $1) *(0 $2) *(0 $3) *(0 $4)))) *(0 $1) *(0 $2) *(0 $3) *(0 $4)) 1) +(1 *(0 sin(+(*(0 $1) *(0 $2) *(0 $3) *(0 $4)))) *(0 log(+(*(0 $1) *(0 $2) *(0 $3) *(0 $4)))) *(0 exp(+(*(0 $1) *(0 $2) *(0 $3) *(0 $4)))) *(0 $1) *(0 $2) *(-1 $3) *(0 $4))) 0)
reduced tree: /(1 +(1 *(-1 $3)))
[2017-02-07 10:07:45:786] [WARN] The following instance could not be evaluated: [|1|1|1|0|0|0|0|0|0|0|0|0|0|0|0|0|0|0|0|0|0|0|0|0|0|0|0|0|0|0|0|0|-1|0|0|0|0|0|0|0|0|0]
Unreduced tree: +(/(*(+(1 *(0 sin(+(*(0 $1) *(0 $2) *(0 $3) *(0 $4)))) *(0 log(+(*(0 $1) *(0 $2) *(0 $3) *(0 $4)))) *(0 exp(+(*(0 $1) *(0 $2) *(0 $3) *(0 $4)))) *(0 $1) *(0 $2) *(0 $3) *(0 $4)) 1) +(1 *(0 sin(+(*(0 $1) *(0 $2) *(0 $3) *(0 $4)))) *(0 log(+(*(0 $1) *(0 $2) *(0 $3) *(0 $4)))) *(-1 exp(+(*(0 $1) *(0 $2) *(0 $3) *(0 $4)))) *(0 $1) *(0 $2) *(0 $3) *(0 $4))) 0)
reduced tree: inf
[2017-02-07 10:07:45:787] [WARN] The following instance could not be evaluated: [|1|1|1|0|0|0|0|0|0|0|0|0|0|0|0|0|0|0|0|0|0|0|0|0|0|0|0|-1|0|0|0|0|0|0|0|0|0|0|0|0|0|0]
Unreduced tree: +(/(*(+(1 *(0 sin(+(*(0 $1) *(0 $2) *(0 $3) *(0 $4)))) *(0 log(+(*(0 $1) *(0 $2) *(0 $3) *(0 $4)))) *(0 exp(+(*(0 $1) *(0 $2) *(0 $3) *(0 $4)))) *(0 $1) *(0 $2) *(0 $3) *(0 $4)) 1) +(1 *(0 sin(+(*(0 $1) *(0 $2) *(0 $3) *(0 $4)))) *(-1 log(+(*(0 $1) *(0 $2) *(0 $3) *(0 $4)))) *(0 exp(+(*(0 $1) *(0 $2) *(0 $3) *(0 $4)))) *(0 $1) *(0 $2) *(0 $3) *(0 $4))) 0)
reduced tree: -inf
[2017-02-07 10:07:45:787] [WARN] The following instance could not be evaluated: [|1|1|1|0|0|0|0|0|0|0|0|0|0|0|0|0|0|0|0|0|0|0|0|0|0|0|0|1|0|0|0|0|0|0|0|0|0|0|0|0|0|0]
Unreduced tree: +(/(*(+(1 *(0 sin(+(*(0 $1) *(0 $2) *(0 $3) *(0 $4)))) *(0 log(+(*(0 $1) *(0 $2) *(0 $3) *(0 $4)))) *(0 exp(+(*(0 $1) *(0 $2) *(0 $3) *(0 $4)))) *(0 $1) *(0 $2) *(0 $3) *(0 $4)) 1) +(1 *(0 sin(+(*(0 $1) *(0 $2) *(0 $3) *(0 $4)))) *(1 log(+(*(0 $1) *(0 $2) *(0 $3) *(0 $4)))) *(0 exp(+(*(0 $1) *(0 $2) *(0 $3) *(0 $4)))) *(0 $1) *(0 $2) *(0 $3) *(0 $4))) 0)
reduced tree: -inf
[2017-02-07 10:07:45:790] [WARN] The following instance could not be evaluated: [|1|1|1|0|0|0|0|0|-1|0|0|0|0|0|0|0|0|0|0|0|0|0|0|0|0|0|0|0|0|0|0|0|0|0|0|0|0|0|0|0|0|0]
Unreduced tree: +(/(*(+(1 *(0 sin(+(*(0 $1) *(0 $2) *(0 $3) *(0 $4)))) *(-1 log(+(*(0 $1) *(0 $2) *(0 $3) *(0 $4)))) *(0 exp(+(*(0 $1) *(0 $2) *(0 $3) *(0 $4)))) *(0 $1) *(0 $2) *(0 $3) *(0 $4)) 1) +(1 *(0 sin(+(*(0 $1) *(0 $2) *(0 $3) *(0 $4)))) *(0 log(+(*(0 $1) *(0 $2) *(0 $3) *(0 $4)))) *(0 exp(+(*(0 $1) *(0 $2) *(0 $3) *(0 $4)))) *(0 $1) *(0 $2) *(0 $3) *(0 $4))) 0)
reduced tree: -inf
[2017-02-07 10:07:45:791] [WARN] The following instance could not be evaluated: [|1|1|1|0|0|0|0|0|1|0|0|0|0|0|0|0|0|0|0|0|0|0|0|0|0|0|0|0|0|0|0|0|0|0|0|0|0|0|0|0|0|0]
Unreduced tree: +(/(*(+(1 *(0 sin(+(*(0 $1) *(0 $2) *(0 $3) *(0 $4)))) *(1 log(+(*(0 $1) *(0 $2) *(0 $3) *(0 $4)))) *(0 exp(+(*(0 $1) *(0 $2) *(0 $3) *(0 $4)))) *(0 $1) *(0 $2) *(0 $3) *(0 $4)) 1) +(1 *(0 sin(+(*(0 $1) *(0 $2) *(0 $3) *(0 $4)))) *(0 log(+(*(0 $1) *(0 $2) *(0 $3) *(0 $4)))) *(0 exp(+(*(0 $1) *(0 $2) *(0 $3) *(0 $4)))) *(0 $1) *(0 $2) *(0 $3) *(0 $4))) 0)
reduced tree: -inf
[2017-02-07 10:07:45:792] [WARN] The following instance could not be evaluated: [|1|1|0|0|0|0|0|0|0|0|0|0|0|0|0|0|0|0|0|0|0|0|0|0|0|0|0|0|0|0|0|0|0|0|0|0|0|0|0|0|0|0]
Unreduced tree: +(/(*(+(1 *(0 sin(+(*(0 $1) *(0 $2) *(0 $3) *(0 $4)))) *(0 log(+(*(0 $1) *(0 $2) *(0 $3) *(0 $4)))) *(0 exp(+(*(0 $1) *(0 $2) *(0 $3) *(0 $4)))) *(0 $1) *(0 $2) *(0 $3) *(0 $4)) 1) +(0 *(0 sin(+(*(0 $1) *(0 $2) *(0 $3) *(0 $4)))) *(0 log(+(*(0 $1) *(0 $2) *(0 $3) *(0 $4)))) *(0 exp(+(*(0 $1) *(0 $2) *(0 $3) *(0 $4)))) *(0 $1) *(0 $2) *(0 $3) *(0 $4))) 0)
reduced tree: inf
[2017-02-07 10:07:45:792] [INFO] DemesHill: 2	2	6	376	9093	84	85	0.00648499	85	0	-100.286	0	-100	0	1
[2017-02-07 10:07:45:801] [INFO] DemesHill: 2	3	7	496	9219	120	205	0.0156403	205	0	-100.286	0	-100	0	1
[2017-02-07 10:07:45:829] [INFO] Expansion 2 done
[2017-02-07 10:07:45:829] [INFO] Total number of evaluations so far: 496
[2017-02-07 10:07:45:829] [INFO] The following candidate(s) have the best score [score=-100, penalized score=-100.285713195800781, complexity=1, complexity penalty=0.285714298486709595, diversity penalty=0]
[2017-02-07 10:07:45:829] [INFO] -100 1
[2017-02-07 10:07:45:829] [INFO] Stats: 2	496	0	37	-100	1	0	3	0
[2017-02-07 10:07:45:830] [INFO] Start knob building, rep size=10 complexity=7
[2017-02-07 10:07:45:830] [INFO] After knob building, rep size=319 complexity=10
[2017-02-07 10:07:45:830] [INFO] Total number of field specs: 102
[2017-02-07 10:07:45:830] [INFO] Number of disc knobs mapped: 0
[2017-02-07 10:07:45:830] [INFO] Number of contin knobs mapped: 102
[2017-02-07 10:07:45:830] [INFO] Field set, in bytes: 16544
[2017-02-07 10:07:45:830] [INFO] One instance, in bytes: 152
[2017-02-07 10:07:45:830] [INFO] DemesHill: # demeID	iteration	total_steps	total_evals	microseconds	new_instances	num_instances	inst_RAM	num_evals	has_improved	best_weighted_score	delta_weighted	best_raw	delta_raw	complexity
[2017-02-07 10:07:45:830] [INFO] DemesHill: 3	1	8	497	225	1	1	0.000144958	1	1	-129.135	3.40282e+38	-127.135	3.40282e+38	7
[2017-02-07 10:07:45:872] [WARN] The following instance could not be evaluated: [|1|1|1|0|0|0|0|0|-1|0|0|0|0|0|0|0|0|0|0|0|0|0|0|0|0|0|0|0|0|0|0|0|0|0|0|0|0|0|0|0|0|0|0|0|0|0|0|0|0|0|0|0|0|0|0|0|0|0|0|0|0|0|0|0|0|0|0|0|0|0|0|0|0|0|0|0|0|0|0|0|0|0|0|0|0|0|0|0|0|0|0|0|0|0|0|0|0|0|0|0|-1|-1]
Unreduced tree: +(/(*(+(1 *(0 sin(+(*(0 $1) *(0 $2) *(0 $3) *(0 $4)))) *(-1 log(+(*(0 $1) *(0 $2) *(0 $3) *(0 $4)))) *(0 exp(+(*(0 $1) *(0 $2) *(0 $3) *(0 $4)))) *(0 $1) *(0 $2) *(0 $3) *(0 $4)) 1) +(*(sin(+(*($4 +(-1 *(0 sin(+(*(0 $1) *(0 $2) *(0 $3) *(0 $4)))) *(0 log(+(*(0 $1) *(0 $2) *(0 $3) *(0 $4)))) *(0 exp(+(*(0 $1) *(0 $2) *(0 $3) *(0 $4)))) *(0 $1) *(0 $2) *(0 $3) *(0 $4))) 0 *(0 sin(+(*(0 $1) *(0 $2) *(0 $3) *(0 $4)))) *(0 log(+(*(0 $1) *(0 $2) *(0 $3) *(0 $4)))) *(0 exp(+(*(0 $1) *(0 $2) *(0 $3) *(0 $4)))) *(0 $1) *(0 $2) *(0 $3) *(0 $4))) +(-1 *(0 sin(+(*(0 $1) *(0 $2) *(0 $3) *(0 $4)))) *(0 log(+(*(0 $1) *(0 $2) *(0 $3) *(0 $4)))) *(0 exp(+(*(0 $1) *(0 $2) *(0 $3) *(0 $4)))) *(0 $1) *(0 $2) *(0 $3) *(0 $4))) 1 *(0 sin(+(*(0 $1) *(0 $2) *(0 $3) *(0 $4)))) *(0 log(+(*(0 $1) *(0 $2) *(0 $3) *(0 $4)))) *(0 exp(+(*(0 $1) *(0 $2) *(0 $3) *(0 $4)))) *(0 $1) *(0 $2) *(0 $3) *(0 $4))) 0)
reduced tree: /(-inf +(1 *(-1 sin(*(-1 $4)))))
[2017-02-07 10:07:45:873] [WARN] The following instance could not be evaluated: [|1|1|1|0|0|0|0|0|1|0|0|0|0|0|0|0|0|0|0|0|0|0|0|0|0|0|0|0|0|0|0|0|0|0|0|0|0|0|0|0|0|0|0|0|0|0|0|0|0|0|0|0|0|0|0|0|0|0|0|0|0|0|0|0|0|0|0|0|0|0|0|0|0|0|0|0|0|0|0|0|0|0|0|0|0|0|0|0|0|0|0|0|0|0|0|0|0|0|0|0|-1|-1]
Unreduced tree: +(/(*(+(1 *(0 sin(+(*(0 $1) *(0 $2) *(0 $3) *(0 $4)))) *(1 log(+(*(0 $1) *(0 $2) *(0 $3) *(0 $4)))) *(0 exp(+(*(0 $1) *(0 $2) *(0 $3) *(0 $4)))) *(0 $1) *(0 $2) *(0 $3) *(0 $4)) 1) +(*(sin(+(*($4 +(-1 *(0 sin(+(*(0 $1) *(0 $2) *(0 $3) *(0 $4)))) *(0 log(+(*(0 $1) *(0 $2) *(0 $3) *(0 $4)))) *(0 exp(+(*(0 $1) *(0 $2) *(0 $3) *(0 $4)))) *(0 $1) *(0 $2) *(0 $3) *(0 $4))) 0 *(0 sin(+(*(0 $1) *(0 $2) *(0 $3) *(0 $4)))) *(0 log(+(*(0 $1) *(0 $2) *(0 $3) *(0 $4)))) *(0 exp(+(*(0 $1) *(0 $2) *(0 $3) *(0 $4)))) *(0 $1) *(0 $2) *(0 $3) *(0 $4))) +(-1 *(0 sin(+(*(0 $1) *(0 $2) *(0 $3) *(0 $4)))) *(0 log(+(*(0 $1) *(0 $2) *(0 $3) *(0 $4)))) *(0 exp(+(*(0 $1) *(0 $2) *(0 $3) *(0 $4)))) *(0 $1) *(0 $2) *(0 $3) *(0 $4))) 1 *(0 sin(+(*(0 $1) *(0 $2) *(0 $3) *(0 $4)))) *(0 log(+(*(0 $1) *(0 $2) *(0 $3) *(0 $4)))) *(0 exp(+(*(0 $1) *(0 $2) *(0 $3) *(0 $4)))) *(0 $1) *(0 $2) *(0 $3) *(0 $4))) 0)
reduced tree: /(-inf +(1 *(-1 sin(*(-1 $4)))))
[2017-02-07 10:07:45:876] [INFO] DemesHill: 3	2	9	701	46031	204	205	0.0297165	205	1	-100.286	28.849	-100	27.1347	1
[2017-02-07 10:07:45:899] [INFO] DemesHill: 3	3	10	821	22790	120	325	0.0471115	325	0	-100.286	0	-100	0	1
[2017-02-07 10:07:46:005] [INFO] Expansion 3 done
[2017-02-07 10:07:46:005] [INFO] Total number of evaluations so far: 821
[2017-02-07 10:07:46:005] [INFO] The following candidate(s) have the best score [score=-100, penalized score=-100.285713195800781, complexity=1, complexity penalty=0.285714298486709595, diversity penalty=0]
[2017-02-07 10:07:46:005] [INFO] -100 1
[2017-02-07 10:07:46:005] [INFO] Stats: 3	821	0	87	-100	1	0	3	0
[2017-02-07 10:07:46:005] [INFO] Start knob building, rep size=10 complexity=7
[2017-02-07 10:07:46:005] [INFO] After knob building, rep size=319 complexity=10
[2017-02-07 10:07:46:005] [INFO] Total number of field specs: 102
[2017-02-07 10:07:46:005] [INFO] Number of disc knobs mapped: 0
[2017-02-07 10:07:46:005] [INFO] Number of contin knobs mapped: 102
[2017-02-07 10:07:46:005] [INFO] Field set, in bytes: 16544
[2017-02-07 10:07:46:005] [INFO] One instance, in bytes: 152
[2017-02-07 10:07:46:005] [INFO] DemesHill: # demeID	iteration	total_steps	total_evals	microseconds	new_instances	num_instances	inst_RAM	num_evals	has_improved	best_weighted_score	delta_weighted	best_raw	delta_raw	complexity
[2017-02-07 10:07:46:006] [INFO] DemesHill: 4	1	11	822	220	1	1	0.000144958	1	1	-127.92	3.40282e+38	-125.92	3.40282e+38	7
[2017-02-07 10:07:46:048] [WARN] The following instance could not be evaluated: [|2|1|1|0|0|0|0|0|-1|0|0|0|0|0|0|0|0|0|0|0|0|0|0|0|0|0|0|0|0|0|0|0|0|0|0|0|0|0|0|0|0|0|0|0|0|0|0|0|0|0|0|0|0|0|0|0|0|0|0|0|0|0|0|0|0|0|0|0|0|0|0|0|0|0|0|0|0|0|0|0|0|0|0|0|0|0|0|0|0|0|0|0|0|0|0|0|0|0|0|0|-1|-1]
Unreduced tree: +(/(*(+(2 *(0 sin(+(*(0 $1) *(0 $2) *(0 $3) *(0 $4)))) *(-1 log(+(*(0 $1) *(0 $2) *(0 $3) *(0 $4)))) *(0 exp(+(*(0 $1) *(0 $2) *(0 $3) *(0 $4)))) *(0 $1) *(0 $2) *(0 $3) *(0 $4)) 1) +(*(sin(+(*($4 +(-1 *(0 sin(+(*(0 $1) *(0 $2) *(0 $3) *(0 $4)))) *(0 log(+(*(0 $1) *(0 $2) *(0 $3) *(0 $4)))) *(0 exp(+(*(0 $1) *(0 $2) *(0 $3) *(0 $4)))) *(0 $1) *(0 $2) *(0 $3) *(0 $4))) 0 *(0 sin(+(*(0 $1) *(0 $2) *(0 $3) *(0 $4)))) *(0 log(+(*(0 $1) *(0 $2) *(0 $3) *(0 $4)))) *(0 exp(+(*(0 $1) *(0 $2) *(0 $3) *(0 $4)))) *(0 $1) *(0 $2) *(0 $3) *(0 $4))) +(-1 *(0 sin(+(*(0 $1) *(0 $2) *(0 $3) *(0 $4)))) *(0 log(+(*(0 $1) *(0 $2) *(0 $3) *(0 $4)))) *(0 exp(+(*(0 $1) *(0 $2) *(0 $3) *(0 $4)))) *(0 $1) *(0 $2) *(0 $3) *(0 $4))) 1 *(0 sin(+(*(0 $1) *(0 $2) *(0 $3) *(0 $4)))) *(0 log(+(*(0 $1) *(0 $2) *(0 $3) *(0 $4)))) *(0 exp(+(*(0 $1) *(0 $2) *(0 $3) *(0 $4)))) *(0 $1) *(0 $2) *(0 $3) *(0 $4))) 0)
reduced tree: /(-inf +(1 *(-1 sin(*(-1 $4)))))
[2017-02-07 10:07:46:048] [WARN] The following instance could not be evaluated: [|2|1|1|0|0|0|0|0|1|0|0|0|0|0|0|0|0|0|0|0|0|0|0|0|0|0|0|0|0|0|0|0|0|0|0|0|0|0|0|0|0|0|0|0|0|0|0|0|0|0|0|0|0|0|0|0|0|0|0|0|0|0|0|0|0|0|0|0|0|0|0|0|0|0|0|0|0|0|0|0|0|0|0|0|0|0|0|0|0|0|0|0|0|0|0|0|0|0|0|0|-1|-1]
Unreduced tree: +(/(*(+(2 *(0 sin(+(*(0 $1) *(0 $2) *(0 $3) *(0 $4)))) *(1 log(+(*(0 $1) *(0 $2) *(0 $3) *(0 $4)))) *(0 exp(+(*(0 $1) *(0 $2) *(0 $3) *(0 $4)))) *(0 $1) *(0 $2) *(0 $3) *(0 $4)) 1) +(*(sin(+(*($4 +(-1 *(0 sin(+(*(0 $1) *(0 $2) *(0 $3) *(0 $4)))) *(0 log(+(*(0 $1) *(0 $2) *(0 $3) *(0 $4)))) *(0 exp(+(*(0 $1) *(0 $2) *(0 $3) *(0 $4)))) *(0 $1) *(0 $2) *(0 $3) *(0 $4))) 0 *(0 sin(+(*(0 $1) *(0 $2) *(0 $3) *(0 $4)))) *(0 log(+(*(0 $1) *(0 $2) *(0 $3) *(0 $4)))) *(0 exp(+(*(0 $1) *(0 $2) *(0 $3) *(0 $4)))) *(0 $1) *(0 $2) *(0 $3) *(0 $4))) +(-1 *(0 sin(+(*(0 $1) *(0 $2) *(0 $3) *(0 $4)))) *(0 log(+(*(0 $1) *(0 $2) *(0 $3) *(0 $4)))) *(0 exp(+(*(0 $1) *(0 $2) *(0 $3) *(0 $4)))) *(0 $1) *(0 $2) *(0 $3) *(0 $4))) 1 *(0 sin(+(*(0 $1) *(0 $2) *(0 $3) *(0 $4)))) *(0 log(+(*(0 $1) *(0 $2) *(0 $3) *(0 $4)))) *(0 exp(+(*(0 $1) *(0 $2) *(0 $3) *(0 $4)))) *(0 $1) *(0 $2) *(0 $3) *(0 $4))) 0)
reduced tree: /(-inf +(1 *(-1 sin(*(-1 $4)))))
[2017-02-07 10:07:46:052] [INFO] DemesHill: 4	2	12	1026	46033	204	205	0.0297165	205	1	-100.286	27.6339	-100	25.9196	1
[2017-02-07 10:07:46:061] [WARN] The following instance could not be evaluated: [|2|1|1|0|0|0|0|0|0|0|0|0|0|0|0|0|0|0|0|0|0|0|0|0|0|0|0|0|0|0|0|0|0|0|0|0|0|0|0|0|0|0|0|0|0|0|0|0|0|0|0|0|0|0|0|0|0|0|0|0|0|0|0|0|0|0|-1|0|0|0|-1|0|0|0|0|0|0|0|0|0|0|0|0|0|0|0|0|0|0|0|0|0|0|0|0|0|0|0|0|0|-1|-1]
Unreduced tree: +(/(*(+(2 *(0 sin(+(*(0 $1) *(0 $2) *(0 $3) *(0 $4)))) *(0 log(+(*(0 $1) *(0 $2) *(0 $3) *(0 $4)))) *(0 exp(+(*(0 $1) *(0 $2) *(0 $3) *(0 $4)))) *(0 $1) *(0 $2) *(0 $3) *(0 $4)) 1) +(*(sin(+(*($4 +(-1 *(0 sin(+(*(0 $1) *(0 $2) *(0 $3) *(0 $4)))) *(0 log(+(*(0 $1) *(0 $2) *(0 $3) *(0 $4)))) *(0 exp(+(*(0 $1) *(0 $2) *(0 $3) *(0 $4)))) *(0 $1) *(0 $2) *(0 $3) *(0 $4))) 0 *(0 sin(+(*(0 $1) *(0 $2) *(0 $3) *(0 $4)))) *(0 log(+(*(0 $1) *(0 $2) *(0 $3) *(0 $4)))) *(0 exp(+(*(0 $1) *(0 $2) *(0 $3) *(0 $4)))) *(0 $1) *(0 $2) *(0 $3) *(0 $4))) +(-1 *(0 sin(+(*(0 $1) *(0 $2) *(0 $3) *(0 $4)))) *(-1 log(+(*(0 $1) *(0 $2) *(0 $3) *(-1 $4)))) *(0 exp(+(*(0 $1) *(0 $2) *(0 $3) *(0 $4)))) *(0 $1) *(0 $2) *(0 $3) *(0 $4))) 1 *(0 sin(+(*(0 $1) *(0 $2) *(0 $3) *(0 $4)))) *(0 log(+(*(0 $1) *(0 $2) *(0 $3) *(0 $4)))) *(0 exp(+(*(0 $1) *(0 $2) *(0 $3) *(0 $4)))) *(0 $1) *(0 $2) *(0 $3) *(0 $4))) 0)
reduced tree: /(2 +(1 *(+(-1 *(-1 log(*(-1 $4)))) sin(*(-1 $4)))))
[2017-02-07 10:07:46:078] [INFO] DemesHill: 4	3	13	1146	26670	120	325	0.0471115	325	0	-100.286	0	-100	0	1
[2017-02-07 10:07:46:190] [INFO] Expansion 4 done
[2017-02-07 10:07:46:190] [INFO] Total number of evaluations so far: 1146
[2017-02-07 10:07:46:190] [INFO] The following candidate(s) have the best score [score=-100, penalized score=-100.285713195800781, complexity=1, complexity penalty=0.285714298486709595, diversity penalty=0]
[2017-02-07 10:07:46:191] [INFO] -100 1
[2017-02-07 10:07:46:191] [INFO] Stats: 4	1146	0	146	-100	1	0	3	0
[2017-02-07 10:07:46:191] [INFO] Start knob building, rep size=12 complexity=8
[2017-02-07 10:07:46:191] [INFO] After knob building, rep size=383 complexity=12
[2017-02-07 10:07:46:191] [INFO] Total number of field specs: 122
[2017-02-07 10:07:46:191] [INFO] Number of disc knobs mapped: 0
[2017-02-07 10:07:46:191] [INFO] Number of contin knobs mapped: 122
[2017-02-07 10:07:46:191] [INFO] Field set, in bytes: 19744
[2017-02-07 10:07:46:191] [INFO] One instance, in bytes: 184
[2017-02-07 10:07:46:191] [INFO] DemesHill: # demeID	iteration	total_steps	total_evals	microseconds	new_instances	num_instances	inst_RAM	num_evals	has_improved	best_weighted_score	delta_weighted	best_raw	delta_raw	complexity
[2017-02-07 10:07:46:191] [INFO] DemesHill: 5	1	14	1147	258	1	1	0.000175476	1	1	-111.45	3.40282e+38	-109.165	3.40282e+38	8
[2017-02-07 10:07:46:252] [WARN] The following instance could not be evaluated: [|2|1|1|1|0|0|0|0|0|-1|0|0|0|0|0|0|0|0|0|0|0|0|0|0|0|0|0|0|0|0|0|0|0|0|0|0|0|0|0|0|0|0|0|0|0|0|0|0|0|0|0|0|0|0|0|0|0|0|0|0|0|0|0|0|0|0|0|0|0|0|0|0|0|0|0|0|0|0|0|0|0|0|0|0|0|0|0|0|0|0|0|0|0|0|0|0|0|0|0|0|0|0|0|0|0|0|0|0|0|0|0|0|0|0|0|0|0|0|0|0|-1|-1]
Unreduced tree: +(/(*(+(2 *(0 sin(+(*(0 $1) *(0 $2) *(0 $3) *(0 $4)))) *(-1 log(+(*(0 $1) *(0 $2) *(0 $3) *(0 $4)))) *(0 exp(+(*(0 $1) *(0 $2) *(0 $3) *(0 $4)))) *(0 $1) *(0 $2) *(0 $3) *(0 $4)) 1) +(*(sin(+(*($4 +(-1 *(0 sin(+(*(0 $1) *(0 $2) *(0 $3) *(0 $4)))) *(0 log(+(*(0 $1) *(0 $2) *(0 $3) *(0 $4)))) *(0 exp(+(*(0 $1) *(0 $2) *(0 $3) *(0 $4)))) *(0 $1) *(0 $2) *(0 $3) *(0 $4))) *($1 +(1 *(0 sin(+(*(0 $1) *(0 $2) *(0 $3) *(0 $4)))) *(0 log(+(*(0 $1) *(0 $2) *(0 $3) *(0 $4)))) *(0 exp(+(*(0 $1) *(0 $2) *(0 $3) *(0 $4)))) *(0 $1) *(0 $2) *(0 $3) *(0 $4))) 0 *(0 sin(+(*(0 $1) *(0 $2) *(0 $3) *(0 $4)))) *(0 log(+(*(0 $1) *(0 $2) *(0 $3) *(0 $4)))) *(0 exp(+(*(0 $1) *(0 $2) *(0 $3) *(0 $4)))) *(0 $1) *(0 $2) *(0 $3) *(0 $4))) +(-1 *(0 sin(+(*(0 $1) *(0 $2) *(0 $3) *(0 $4)))) *(0 log(+(*(0 $1) *(0 $2) *(0 $3) *(0 $4)))) *(0 exp(+(*(0 $1) *(0 $2) *(0 $3) *(0 $4)))) *(0 $1) *(0 $2) *(0 $3) *(0 $4))) 1 *(0 sin(+(*(0 $1) *(0 $2) *(0 $3) *(0 $4)))) *(0 log(+(*(0 $1) *(0 $2) *(0 $3) *(0 $4)))) *(0 exp(+(*(0 $1) *(0 $2) *(0 $3) *(0 $4)))) *(0 $1) *(0 $2) *(0 $3) *(0 $4))) 0)
reduced tree: /(-inf +(1 *(-1 sin(+(*(-1 $4) $1)))))
[2017-02-07 10:07:46:253] [WARN] The following instance could not be evaluated: [|2|1|1|1|0|0|0|0|0|1|0|0|0|0|0|0|0|0|0|0|0|0|0|0|0|0|0|0|0|0|0|0|0|0|0|0|0|0|0|0|0|0|0|0|0|0|0|0|0|0|0|0|0|0|0|0|0|0|0|0|0|0|0|0|0|0|0|0|0|0|0|0|0|0|0|0|0|0|0|0|0|0|0|0|0|0|0|0|0|0|0|0|0|0|0|0|0|0|0|0|0|0|0|0|0|0|0|0|0|0|0|0|0|0|0|0|0|0|0|0|-1|-1]
Unreduced tree: +(/(*(+(2 *(0 sin(+(*(0 $1) *(0 $2) *(0 $3) *(0 $4)))) *(1 log(+(*(0 $1) *(0 $2) *(0 $3) *(0 $4)))) *(0 exp(+(*(0 $1) *(0 $2) *(0 $3) *(0 $4)))) *(0 $1) *(0 $2) *(0 $3) *(0 $4)) 1) +(*(sin(+(*($4 +(-1 *(0 sin(+(*(0 $1) *(0 $2) *(0 $3) *(0 $4)))) *(0 log(+(*(0 $1) *(0 $2) *(0 $3) *(0 $4)))) *(0 exp(+(*(0 $1) *(0 $2) *(0 $3) *(0 $4)))) *(0 $1) *(0 $2) *(0 $3) *(0 $4))) *($1 +(1 *(0 sin(+(*(0 $1) *(0 $2) *(0 $3) *(0 $4)))) *(0 log(+(*(0 $1) *(0 $2) *(0 $3) *(0 $4)))) *(0 exp(+(*(0 $1) *(0 $2) *(0 $3) *(0 $4)))) *(0 $1) *(0 $2) *(0 $3) *(0 $4))) 0 *(0 sin(+(*(0 $1) *(0 $2) *(0 $3) *(0 $4)))) *(0 log(+(*(0 $1) *(0 $2) *(0 $3) *(0 $4)))) *(0 exp(+(*(0 $1) *(0 $2) *(0 $3) *(0 $4)))) *(0 $1) *(0 $2) *(0 $3) *(0 $4))) +(-1 *(0 sin(+(*(0 $1) *(0 $2) *(0 $3) *(0 $4)))) *(0 log(+(*(0 $1) *(0 $2) *(0 $3) *(0 $4)))) *(0 exp(+(*(0 $1) *(0 $2) *(0 $3) *(0 $4)))) *(0 $1) *(0 $2) *(0 $3) *(0 $4))) 1 *(0 sin(+(*(0 $1) *(0 $2) *(0 $3) *(0 $4)))) *(0 log(+(*(0 $1) *(0 $2) *(0 $3) *(0 $4)))) *(0 exp(+(*(0 $1) *(0 $2) *(0 $3) *(0 $4)))) *(0 $1) *(0 $2) *(0 $3) *(0 $4))) 0)
reduced tree: /(-inf +(1 *(-1 sin(+(*(-1 $4) $1)))))
[2017-02-07 10:07:46:257] [INFO] DemesHill: 5	2	15	1391	65777	244	245	0.0429916	245	1	-100.286	11.1645	-100	9.16454	1
[2017-02-07 10:07:46:263] [WARN] The following instance could not be evaluated: [|2|1|1|1|0|0|0|0|0|0|0|0|0|0|0|0|0|0|0|0|0|0|0|0|0|0|0|0|0|0|0|0|0|0|0|0|0|0|0|0|0|0|0|0|0|0|0|0|0|0|0|0|0|0|0|0|0|0|0|0|0|0|0|0|0|0|0|0|0|0|0|0|0|0|0|0|0|0|0|0|0|0|0|0|0|0|0|0|0|0|0|0|0|0|0|0|0|0|0|0|0|0|0|0|0|-1|0|0|0|-1|0|0|0|0|0|0|0|0|0|0|-1|-1]
Unreduced tree: +(/(*(+(2 *(0 sin(+(*(0 $1) *(0 $2) *(0 $3) *(0 $4)))) *(0 log(+(*(0 $1) *(0 $2) *(0 $3) *(0 $4)))) *(0 exp(+(*(0 $1) *(0 $2) *(0 $3) *(0 $4)))) *(0 $1) *(0 $2) *(0 $3) *(0 $4)) 1) +(*(sin(+(*($4 +(-1 *(0 sin(+(*(0 $1) *(0 $2) *(0 $3) *(0 $4)))) *(0 log(+(*(0 $1) *(0 $2) *(0 $3) *(0 $4)))) *(0 exp(+(*(0 $1) *(0 $2) *(0 $3) *(0 $4)))) *(0 $1) *(0 $2) *(0 $3) *(0 $4))) *($1 +(1 *(0 sin(+(*(0 $1) *(0 $2) *(0 $3) *(0 $4)))) *(0 log(+(*(0 $1) *(0 $2) *(0 $3) *(0 $4)))) *(0 exp(+(*(0 $1) *(0 $2) *(0 $3) *(0 $4)))) *(0 $1) *(0 $2) *(0 $3) *(0 $4))) 0 *(0 sin(+(*(0 $1) *(0 $2) *(0 $3) *(0 $4)))) *(0 log(+(*(0 $1) *(0 $2) *(0 $3) *(0 $4)))) *(0 exp(+(*(0 $1) *(0 $2) *(0 $3) *(0 $4)))) *(0 $1) *(0 $2) *(0 $3) *(0 $4))) +(-1 *(0 sin(+(*(0 $1) *(0 $2) *(0 $3) *(0 $4)))) *(0 log(+(*(0 $1) *(0 $2) *(0 $3) *(0 $4)))) *(0 exp(+(*(0 $1) *(0 $2) *(0 $3) *(0 $4)))) *(0 $1) *(0 $2) *(0 $3) *(0 $4))) 1 *(0 sin(+(*(0 $1) *(0 $2) *(0 $3) *(0 $4)))) *(-1 log(+(*(0 $1) *(0 $2) *(0 $3) *(-1 $4)))) *(0 exp(+(*(0 $1) *(0 $2) *(0 $3) *(0 $4)))) *(0 $1) *(0 $2) *(0 $3) *(0 $4))) 0)
reduced tree: /(2 +(1 *(-1 log(*(-1 $4))) *(-1 sin(+(*(-1 $4) $1)))))
[2017-02-07 10:07:46:265] [WARN] The following instance could not be evaluated: [|2|1|1|1|0|0|0|0|0|0|0|0|0|0|0|0|0|0|0|0|0|0|0|0|0|0|0|0|0|0|0|0|0|0|0|0|0|0|0|0|0|0|0|0|0|0|0|0|0|0|0|0|0|0|0|0|0|0|0|0|0|0|0|0|0|0|0|0|0|0|0|0|0|0|0|0|0|0|0|0|0|0|0|0|0|0|0|0|0|0|0|0|0|0|0|0|0|0|0|0|0|0|0|0|0|-1|0|0|-1|0|0|0|0|0|0|0|0|0|0|0|-1|-1]
Unreduced tree: +(/(*(+(2 *(0 sin(+(*(0 $1) *(0 $2) *(0 $3) *(0 $4)))) *(0 log(+(*(0 $1) *(0 $2) *(0 $3) *(0 $4)))) *(0 exp(+(*(0 $1) *(0 $2) *(0 $3) *(0 $4)))) *(0 $1) *(0 $2) *(0 $3) *(0 $4)) 1) +(*(sin(+(*($4 +(-1 *(0 sin(+(*(0 $1) *(0 $2) *(0 $3) *(0 $4)))) *(0 log(+(*(0 $1) *(0 $2) *(0 $3) *(0 $4)))) *(0 exp(+(*(0 $1) *(0 $2) *(0 $3) *(0 $4)))) *(0 $1) *(0 $2) *(0 $3) *(0 $4))) *($1 +(1 *(0 sin(+(*(0 $1) *(0 $2) *(0 $3) *(0 $4)))) *(0 log(+(*(0 $1) *(0 $2) *(0 $3) *(0 $4)))) *(0 exp(+(*(0 $1) *(0 $2) *(0 $3) *(0 $4)))) *(0 $1) *(0 $2) *(0 $3) *(0 $4))) 0 *(0 sin(+(*(0 $1) *(0 $2) *(0 $3) *(0 $4)))) *(0 log(+(*(0 $1) *(0 $2) *(0 $3) *(0 $4)))) *(0 exp(+(*(0 $1) *(0 $2) *(0 $3) *(0 $4)))) *(0 $1) *(0 $2) *(0 $3) *(0 $4))) +(-1 *(0 sin(+(*(0 $1) *(0 $2) *(0 $3) *(0 $4)))) *(0 log(+(*(0 $1) *(0 $2) *(0 $3) *(0 $4)))) *(0 exp(+(*(0 $1) *(0 $2) *(0 $3) *(0 $4)))) *(0 $1) *(0 $2) *(0 $3) *(0 $4))) 1 *(0 sin(+(*(0 $1) *(0 $2) *(0 $3) *(0 $4)))) *(-1 log(+(*(0 $1) *(0 $2) *(-1 $3) *(0 $4)))) *(0 exp(+(*(0 $1) *(0 $2) *(0 $3) *(0 $4)))) *(0 $1) *(0 $2) *(0 $3) *(0 $4))) 0)
reduced tree: /(2 +(1 *(-1 log(*(-1 $3))) *(-1 sin(+(*(-1 $4) $1)))))
[2017-02-07 10:07:46:267] [WARN] The following instance could not be evaluated: [|2|1|1|1|0|0|0|0|0|0|0|0|0|0|0|0|0|0|0|0|0|0|0|0|0|0|0|0|0|0|0|0|0|0|0|0|0|0|0|0|0|0|0|0|0|0|0|0|0|0|0|0|0|0|0|0|0|0|0|0|0|0|0|0|0|0|0|0|0|0|0|0|0|0|0|0|0|0|0|0|0|0|0|0|0|0|0|0|0|0|0|0|0|0|0|0|0|0|0|0|0|0|0|0|0|-1|0|-1|0|0|0|0|0|0|0|0|0|0|0|0|-1|-1]
Unreduced tree: +(/(*(+(2 *(0 sin(+(*(0 $1) *(0 $2) *(0 $3) *(0 $4)))) *(0 log(+(*(0 $1) *(0 $2) *(0 $3) *(0 $4)))) *(0 exp(+(*(0 $1) *(0 $2) *(0 $3) *(0 $4)))) *(0 $1) *(0 $2) *(0 $3) *(0 $4)) 1) +(*(sin(+(*($4 +(-1 *(0 sin(+(*(0 $1) *(0 $2) *(0 $3) *(0 $4)))) *(0 log(+(*(0 $1) *(0 $2) *(0 $3) *(0 $4)))) *(0 exp(+(*(0 $1) *(0 $2) *(0 $3) *(0 $4)))) *(0 $1) *(0 $2) *(0 $3) *(0 $4))) *($1 +(1 *(0 sin(+(*(0 $1) *(0 $2) *(0 $3) *(0 $4)))) *(0 log(+(*(0 $1) *(0 $2) *(0 $3) *(0 $4)))) *(0 exp(+(*(0 $1) *(0 $2) *(0 $3) *(0 $4)))) *(0 $1) *(0 $2) *(0 $3) *(0 $4))) 0 *(0 sin(+(*(0 $1) *(0 $2) *(0 $3) *(0 $4)))) *(0 log(+(*(0 $1) *(0 $2) *(0 $3) *(0 $4)))) *(0 exp(+(*(0 $1) *(0 $2) *(0 $3) *(0 $4)))) *(0 $1) *(0 $2) *(0 $3) *(0 $4))) +(-1 *(0 sin(+(*(0 $1) *(0 $2) *(0 $3) *(0 $4)))) *(0 log(+(*(0 $1) *(0 $2) *(0 $3) *(0 $4)))) *(0 exp(+(*(0 $1) *(0 $2) *(0 $3) *(0 $4)))) *(0 $1) *(0 $2) *(0 $3) *(0 $4))) 1 *(0 sin(+(*(0 $1) *(0 $2) *(0 $3) *(0 $4)))) *(-1 log(+(*(0 $1) *(-1 $2) *(0 $3) *(0 $4)))) *(0 exp(+(*(0 $1) *(0 $2) *(0 $3) *(0 $4)))) *(0 $1) *(0 $2) *(0 $3) *(0 $4))) 0)
reduced tree: /(2 +(1 *(-1 log(*(-1 $2))) *(-1 sin(+(*(-1 $4) $1)))))
[2017-02-07 10:07:46:286] [INFO] DemesHill: 5	3	16	1511	29045	120	365	0.0640488	365	0	-100.286	0	-100	0	1
[2017-02-07 10:07:46:433] [INFO] Expansion 5 done
[2017-02-07 10:07:46:433] [INFO] Total number of evaluations so far: 1511
[2017-02-07 10:07:46:433] [INFO] The following candidate(s) have the best score [score=-100, penalized score=-100.285713195800781, complexity=1, complexity penalty=0.285714298486709595, diversity penalty=0]
[2017-02-07 10:07:46:433] [INFO] -100 1
[2017-02-07 10:07:46:433] [INFO] Stats: 5	1511	0	206	-100	1	0	3	0
[2017-02-07 10:07:46:433] [INFO] Start knob building, rep size=5 complexity=4
[2017-02-07 10:07:46:433] [INFO] After knob building, rep size=193 complexity=7
[2017-02-07 10:07:46:433] [INFO] Total number of field specs: 62
[2017-02-07 10:07:46:433] [INFO] Number of disc knobs mapped: 0
[2017-02-07 10:07:46:433] [INFO] Number of contin knobs mapped: 62
[2017-02-07 10:07:46:433] [INFO] Field set, in bytes: 10144
[2017-02-07 10:07:46:433] [INFO] One instance, in bytes: 104
[2017-02-07 10:07:46:433] [INFO] DemesHill: # demeID	iteration	total_steps	total_evals	microseconds	new_instances	num_instances	inst_RAM	num_evals	has_improved	best_weighted_score	delta_weighted	best_raw	delta_raw	complexity
[2017-02-07 10:07:46:433] [INFO] DemesHill: 6	1	17	1512	162	1	1	9.91821e-05	1	1	-111.893	3.40282e+38	-110.75	3.40282e+38	4
[2017-02-07 10:07:46:439] [WARN] The following instance could not be evaluated: [|2|2|1|1|0|0|0|0|0|0|0|0|0|0|0|0|0|0|0|0|0|0|0|0|0|0|0|0|0|0|0|0|0|0|0|0|0|0|0|0|0|-1|0|0|0|0|0|0|0|0|0|0|0|0|0|0|0|0|0|0|0|0]
Unreduced tree: +(/(*(+(2 *(0 sin(+(*(0 $1) *(0 $2) *(0 $3) *(0 $4)))) *(0 log(+(*(0 $1) *(0 $2) *(0 $3) *(0 $4)))) *(0 exp(+(*(0 $1) *(0 $2) *(0 $3) *(0 $4)))) *(0 $1) *(0 $2) *(0 $3) *(0 $4)) 1) +(*($4 +(1 *(0 sin(+(*(0 $1) *(0 $2) *(0 $3) *(0 $4)))) *(0 log(+(*(0 $1) *(0 $2) *(0 $3) *(0 $4)))) *(0 exp(+(*(0 $1) *(0 $2) *(0 $3) *(0 $4)))) *(0 $1) *(0 $2) *(0 $3) *(-1 $4))) 2 *(0 sin(+(*(0 $1) *(0 $2) *(0 $3) *(0 $4)))) *(0 log(+(*(0 $1) *(0 $2) *(0 $3) *(0 $4)))) *(0 exp(+(*(0 $1) *(0 $2) *(0 $3) *(0 $4)))) *(0 $1) *(0 $2) *(0 $3) *(0 $4))) 0)
reduced tree: /(2 +(2 *(+(1 *(-1 $4)) $4)))
[2017-02-07 10:07:46:449] [WARN] The following instance could not be evaluated: [|2|2|1|1|0|0|0|0|0|-1|0|0|0|0|0|0|0|0|0|0|0|0|0|0|0|0|0|0|0|0|0|0|0|0|0|0|0|0|0|0|0|0|0|0|0|0|0|0|0|0|0|0|0|0|0|0|0|0|0|0|0|0]
Unreduced tree: +(/(*(+(2 *(0 sin(+(*(0 $1) *(0 $2) *(0 $3) *(0 $4)))) *(-1 log(+(*(0 $1) *(0 $2) *(0 $3) *(0 $4)))) *(0 exp(+(*(0 $1) *(0 $2) *(0 $3) *(0 $4)))) *(0 $1) *(0 $2) *(0 $3) *(0 $4)) 1) +(*($4 +(1 *(0 sin(+(*(0 $1) *(0 $2) *(0 $3) *(0 $4)))) *(0 log(+(*(0 $1) *(0 $2) *(0 $3) *(0 $4)))) *(0 exp(+(*(0 $1) *(0 $2) *(0 $3) *(0 $4)))) *(0 $1) *(0 $2) *(0 $3) *(0 $4))) 2 *(0 sin(+(*(0 $1) *(0 $2) *(0 $3) *(0 $4)))) *(0 log(+(*(0 $1) *(0 $2) *(0 $3) *(0 $4)))) *(0 exp(+(*(0 $1) *(0 $2) *(0 $3) *(0 $4)))) *(0 $1) *(0 $2) *(0 $3) *(0 $4))) 0)
reduced tree: /(-inf +(2 $4))
[2017-02-07 10:07:46:449] [WARN] The following instance could not be evaluated: [|2|2|1|1|0|0|0|0|0|1|0|0|0|0|0|0|0|0|0|0|0|0|0|0|0|0|0|0|0|0|0|0|0|0|0|0|0|0|0|0|0|0|0|0|0|0|0|0|0|0|0|0|0|0|0|0|0|0|0|0|0|0]
Unreduced tree: +(/(*(+(2 *(0 sin(+(*(0 $1) *(0 $2) *(0 $3) *(0 $4)))) *(1 log(+(*(0 $1) *(0 $2) *(0 $3) *(0 $4)))) *(0 exp(+(*(0 $1) *(0 $2) *(0 $3) *(0 $4)))) *(0 $1) *(0 $2) *(0 $3) *(0 $4)) 1) +(*($4 +(1 *(0 sin(+(*(0 $1) *(0 $2) *(0 $3) *(0 $4)))) *(0 log(+(*(0 $1) *(0 $2) *(0 $3) *(0 $4)))) *(0 exp(+(*(0 $1) *(0 $2) *(0 $3) *(0 $4)))) *(0 $1) *(0 $2) *(0 $3) *(0 $4))) 2 *(0 sin(+(*(0 $1) *(0 $2) *(0 $3) *(0 $4)))) *(0 log(+(*(0 $1) *(0 $2) *(0 $3) *(0 $4)))) *(0 exp(+(*(0 $1) *(0 $2) *(0 $3) *(0 $4)))) *(0 $1) *(0 $2) *(0 $3) *(0 $4))) 0)
reduced tree: /(-inf +(2 $4))
[2017-02-07 10:07:46:452] [INFO] DemesHill: 6	2	18	1636	18215	124	125	0.0123978	125	1	-95.3315	16.5611	-94.1887	16.5611	4
[2017-02-07 10:07:46:458] [WARN] The following instance could not be evaluated: [|2|2|1|1|0|0|0|0|0|0|0|0|0|0|1|0|0|0|0|0|0|0|0|0|0|0|0|0|0|0|0|0|0|0|0|0|0|0|0|0|0|-1|0|0|0|0|0|0|0|0|0|0|0|0|0|0|0|0|0|0|0|0]
Unreduced tree: +(/(*(+(2 *(0 sin(+(*(0 $1) *(0 $2) *(0 $3) *(0 $4)))) *(0 log(+(*(0 $1) *(0 $2) *(0 $3) *(0 $4)))) *(1 exp(+(*(0 $1) *(0 $2) *(0 $3) *(0 $4)))) *(0 $1) *(0 $2) *(0 $3) *(0 $4)) 1) +(*($4 +(1 *(0 sin(+(*(0 $1) *(0 $2) *(0 $3) *(0 $4)))) *(0 log(+(*(0 $1) *(0 $2) *(0 $3) *(0 $4)))) *(0 exp(+(*(0 $1) *(0 $2) *(0 $3) *(0 $4)))) *(0 $1) *(0 $2) *(0 $3) *(-1 $4))) 2 *(0 sin(+(*(0 $1) *(0 $2) *(0 $3) *(0 $4)))) *(0 log(+(*(0 $1) *(0 $2) *(0 $3) *(0 $4)))) *(0 exp(+(*(0 $1) *(0 $2) *(0 $3) *(0 $4)))) *(0 $1) *(0 $2) *(0 $3) *(0 $4))) 0)
reduced tree: /(3 +(2 *(+(1 *(-1 $4)) $4)))
[2017-02-07 10:07:46:468] [WARN] The following instance could not be evaluated: [|2|2|1|1|0|0|0|0|0|-1|0|0|0|0|1|0|0|0|0|0|0|0|0|0|0|0|0|0|0|0|0|0|0|0|0|0|0|0|0|0|0|0|0|0|0|0|0|0|0|0|0|0|0|0|0|0|0|0|0|0|0|0]
Unreduced tree: +(/(*(+(2 *(0 sin(+(*(0 $1) *(0 $2) *(0 $3) *(0 $4)))) *(-1 log(+(*(0 $1) *(0 $2) *(0 $3) *(0 $4)))) *(1 exp(+(*(0 $1) *(0 $2) *(0 $3) *(0 $4)))) *(0 $1) *(0 $2) *(0 $3) *(0 $4)) 1) +(*($4 +(1 *(0 sin(+(*(0 $1) *(0 $2) *(0 $3) *(0 $4)))) *(0 log(+(*(0 $1) *(0 $2) *(0 $3) *(0 $4)))) *(0 exp(+(*(0 $1) *(0 $2) *(0 $3) *(0 $4)))) *(0 $1) *(0 $2) *(0 $3) *(0 $4))) 2 *(0 sin(+(*(0 $1) *(0 $2) *(0 $3) *(0 $4)))) *(0 log(+(*(0 $1) *(0 $2) *(0 $3) *(0 $4)))) *(0 exp(+(*(0 $1) *(0 $2) *(0 $3) *(0 $4)))) *(0 $1) *(0 $2) *(0 $3) *(0 $4))) 0)
reduced tree: /(-inf +(2 $4))
[2017-02-07 10:07:46:469] [WARN] The following instance could not be evaluated: [|2|2|1|1|0|0|0|0|0|1|0|0|0|0|1|0|0|0|0|0|0|0|0|0|0|0|0|0|0|0|0|0|0|0|0|0|0|0|0|0|0|0|0|0|0|0|0|0|0|0|0|0|0|0|0|0|0|0|0|0|0|0]
Unreduced tree: +(/(*(+(2 *(0 sin(+(*(0 $1) *(0 $2) *(0 $3) *(0 $4)))) *(1 log(+(*(0 $1) *(0 $2) *(0 $3) *(0 $4)))) *(1 exp(+(*(0 $1) *(0 $2) *(0 $3) *(0 $4)))) *(0 $1) *(0 $2) *(0 $3) *(0 $4)) 1) +(*($4 +(1 *(0 sin(+(*(0 $1) *(0 $2) *(0 $3) *(0 $4)))) *(0 log(+(*(0 $1) *(0 $2) *(0 $3) *(0 $4)))) *(0 exp(+(*(0 $1) *(0 $2) *(0 $3) *(0 $4)))) *(0 $1) *(0 $2) *(0 $3) *(0 $4))) 2 *(0 sin(+(*(0 $1) *(0 $2) *(0 $3) *(0 $4)))) *(0 log(+(*(0 $1) *(0 $2) *(0 $3) *(0 $4)))) *(0 exp(+(*(0 $1) *(0 $2) *(0 $3) *(0 $4)))) *(0 $1) *(0 $2) *(0 $3) *(0 $4))) 0)
reduced tree: /(-inf +(2 $4))
[2017-02-07 10:07:46:471] [INFO] DemesHill: 6	3	19	1762	19602	126	251	0.0248947	251	0	-95.3315	0	-94.1887	0	4
[2017-02-07 10:07:46:486] [INFO] DemesHill: 6	4	20	1882	14901	120	371	0.0367966	371	1	-75.8336	19.4979	-73.5479	20.6408	8
[2017-02-07 10:07:46:510] [WARN] The following instance could not be evaluated: [|2|2|1|1|0|0|0|0|0|-1|0|0|0|0|1|0|0|0|0|0|0|0|0|0|0|0|0|0|0|0|0|0|0|0|0|0|0|0|0|0|0|0|-1|0|0|-1|0|0|0|0|0|0|0|0|0|0|0|0|0|0|0|0]
Unreduced tree: +(/(*(+(2 *(0 sin(+(*(0 $1) *(0 $2) *(0 $3) *(0 $4)))) *(-1 log(+(*(0 $1) *(0 $2) *(0 $3) *(0 $4)))) *(1 exp(+(*(0 $1) *(0 $2) *(0 $3) *(0 $4)))) *(0 $1) *(0 $2) *(0 $3) *(0 $4)) 1) +(*($4 +(1 *(0 sin(+(*(0 $1) *(0 $2) *(0 $3) *(0 $4)))) *(0 log(+(*(0 $1) *(0 $2) *(0 $3) *(0 $4)))) *(0 exp(+(*(0 $1) *(0 $2) *(0 $3) *(0 $4)))) *(0 $1) *(0 $2) *(0 $3) *(0 $4))) 2 *(-1 sin(+(*(0 $1) *(0 $2) *(-1 $3) *(0 $4)))) *(0 log(+(*(0 $1) *(0 $2) *(0 $3) *(0 $4)))) *(0 exp(+(*(0 $1) *(0 $2) *(0 $3) *(0 $4)))) *(0 $1) *(0 $2) *(0 $3) *(0 $4))) 0)
reduced tree: /(-inf +(2 *(-1 sin(*(-1 $3))) $4))
[2017-02-07 10:07:46:511] [WARN] The following instance could not be evaluated: [|2|2|1|1|0|0|0|0|0|1|0|0|0|0|1|0|0|0|0|0|0|0|0|0|0|0|0|0|0|0|0|0|0|0|0|0|0|0|0|0|0|0|-1|0|0|-1|0|0|0|0|0|0|0|0|0|0|0|0|0|0|0|0]
Unreduced tree: +(/(*(+(2 *(0 sin(+(*(0 $1) *(0 $2) *(0 $3) *(0 $4)))) *(1 log(+(*(0 $1) *(0 $2) *(0 $3) *(0 $4)))) *(1 exp(+(*(0 $1) *(0 $2) *(0 $3) *(0 $4)))) *(0 $1) *(0 $2) *(0 $3) *(0 $4)) 1) +(*($4 +(1 *(0 sin(+(*(0 $1) *(0 $2) *(0 $3) *(0 $4)))) *(0 log(+(*(0 $1) *(0 $2) *(0 $3) *(0 $4)))) *(0 exp(+(*(0 $1) *(0 $2) *(0 $3) *(0 $4)))) *(0 $1) *(0 $2) *(0 $3) *(0 $4))) 2 *(-1 sin(+(*(0 $1) *(0 $2) *(-1 $3) *(0 $4)))) *(0 log(+(*(0 $1) *(0 $2) *(0 $3) *(0 $4)))) *(0 exp(+(*(0 $1) *(0 $2) *(0 $3) *(0 $4)))) *(0 $1) *(0 $2) *(0 $3) *(0 $4))) 0)
reduced tree: /(-inf +(2 *(-1 sin(*(-1 $3))) $4))
[2017-02-07 10:07:46:513] [INFO] DemesHill: 6	5	21	2012	27295	130	501	0.0496902	501	1	-65.1378	10.6958	-62.5664	10.9815	9
[2017-02-07 10:07:46:544] [WARN] The following instance could not be evaluated: [|2|2|1|1|0|0|0|0|0|-1|0|0|0|0|1|0|0|0|0|0|0|0|0|0|0|0|0|0|0|0|0|0|0|0|0|0|0|0|0|0|0|0|-1|0|0|-1|-1|0|0|0|0|0|0|0|0|0|0|0|0|0|0|0]
Unreduced tree: +(/(*(+(2 *(0 sin(+(*(0 $1) *(0 $2) *(0 $3) *(0 $4)))) *(-1 log(+(*(0 $1) *(0 $2) *(0 $3) *(0 $4)))) *(1 exp(+(*(0 $1) *(0 $2) *(0 $3) *(0 $4)))) *(0 $1) *(0 $2) *(0 $3) *(0 $4)) 1) +(*($4 +(1 *(0 sin(+(*(0 $1) *(0 $2) *(0 $3) *(0 $4)))) *(0 log(+(*(0 $1) *(0 $2) *(0 $3) *(0 $4)))) *(0 exp(+(*(0 $1) *(0 $2) *(0 $3) *(0 $4)))) *(0 $1) *(0 $2) *(0 $3) *(0 $4))) 2 *(-1 sin(+(*(0 $1) *(0 $2) *(-1 $3) *(-1 $4)))) *(0 log(+(*(0 $1) *(0 $2) *(0 $3) *(0 $4)))) *(0 exp(+(*(0 $1) *(0 $2) *(0 $3) *(0 $4)))) *(0 $1) *(0 $2) *(0 $3) *(0 $4))) 0)
reduced tree: /(-inf +(2 *(-1 sin(*(-1 +($3 $4)))) $4))
[2017-02-07 10:07:46:545] [WARN] The following instance could not be evaluated: [|2|2|1|1|0|0|0|0|0|1|0|0|0|0|1|0|0|0|0|0|0|0|0|0|0|0|0|0|0|0|0|0|0|0|0|0|0|0|0|0|0|0|-1|0|0|-1|-1|0|0|0|0|0|0|0|0|0|0|0|0|0|0|0]
Unreduced tree: +(/(*(+(2 *(0 sin(+(*(0 $1) *(0 $2) *(0 $3) *(0 $4)))) *(1 log(+(*(0 $1) *(0 $2) *(0 $3) *(0 $4)))) *(1 exp(+(*(0 $1) *(0 $2) *(0 $3) *(0 $4)))) *(0 $1) *(0 $2) *(0 $3) *(0 $4)) 1) +(*($4 +(1 *(0 sin(+(*(0 $1) *(0 $2) *(0 $3) *(0 $4)))) *(0 log(+(*(0 $1) *(0 $2) *(0 $3) *(0 $4)))) *(0 exp(+(*(0 $1) *(0 $2) *(0 $3) *(0 $4)))) *(0 $1) *(0 $2) *(0 $3) *(0 $4))) 2 *(-1 sin(+(*(0 $1) *(0 $2) *(-1 $3) *(-1 $4)))) *(0 log(+(*(0 $1) *(0 $2) *(0 $3) *(0 $4)))) *(0 exp(+(*(0 $1) *(0 $2) *(0 $3) *(0 $4)))) *(0 $1) *(0 $2) *(0 $3) *(0 $4))) 0)
reduced tree: /(-inf +(2 *(-1 sin(*(-1 +($3 $4)))) $4))
[2017-02-07 10:07:46:549] [INFO] DemesHill: 6	6	22	2144	36058	132	633	0.0627823	633	1	-59.5958	5.54203	-57.0244	5.54204	9
[2017-02-07 10:07:46:579] [WARN] The following instance could not be evaluated: [|3|2|1|1|0|0|0|0|0|-1|0|0|0|0|1|0|0|0|0|0|0|0|0|0|0|0|0|0|0|0|0|0|0|0|0|0|0|0|0|0|0|0|-1|0|0|-1|-1|0|0|0|0|0|0|0|0|0|0|0|0|0|0|0]
Unreduced tree: +(/(*(+(3 *(0 sin(+(*(0 $1) *(0 $2) *(0 $3) *(0 $4)))) *(-1 log(+(*(0 $1) *(0 $2) *(0 $3) *(0 $4)))) *(1 exp(+(*(0 $1) *(0 $2) *(0 $3) *(0 $4)))) *(0 $1) *(0 $2) *(0 $3) *(0 $4)) 1) +(*($4 +(1 *(0 sin(+(*(0 $1) *(0 $2) *(0 $3) *(0 $4)))) *(0 log(+(*(0 $1) *(0 $2) *(0 $3) *(0 $4)))) *(0 exp(+(*(0 $1) *(0 $2) *(0 $3) *(0 $4)))) *(0 $1) *(0 $2) *(0 $3) *(0 $4))) 2 *(-1 sin(+(*(0 $1) *(0 $2) *(-1 $3) *(-1 $4)))) *(0 log(+(*(0 $1) *(0 $2) *(0 $3) *(0 $4)))) *(0 exp(+(*(0 $1) *(0 $2) *(0 $3) *(0 $4)))) *(0 $1) *(0 $2) *(0 $3) *(0 $4))) 0)
reduced tree: /(-inf +(2 *(-1 sin(*(-1 +($3 $4)))) $4))
[2017-02-07 10:07:46:580] [WARN] The following instance could not be evaluated: [|3|2|1|1|0|0|0|0|0|1|0|0|0|0|1|0|0|0|0|0|0|0|0|0|0|0|0|0|0|0|0|0|0|0|0|0|0|0|0|0|0|0|-1|0|0|-1|-1|0|0|0|0|0|0|0|0|0|0|0|0|0|0|0]
Unreduced tree: +(/(*(+(3 *(0 sin(+(*(0 $1) *(0 $2) *(0 $3) *(0 $4)))) *(1 log(+(*(0 $1) *(0 $2) *(0 $3) *(0 $4)))) *(1 exp(+(*(0 $1) *(0 $2) *(0 $3) *(0 $4)))) *(0 $1) *(0 $2) *(0 $3) *(0 $4)) 1) +(*($4 +(1 *(0 sin(+(*(0 $1) *(0 $2) *(0 $3) *(0 $4)))) *(0 log(+(*(0 $1) *(0 $2) *(0 $3) *(0 $4)))) *(0 exp(+(*(0 $1) *(0 $2) *(0 $3) *(0 $4)))) *(0 $1) *(0 $2) *(0 $3) *(0 $4))) 2 *(-1 sin(+(*(0 $1) *(0 $2) *(-1 $3) *(-1 $4)))) *(0 log(+(*(0 $1) *(0 $2) *(0 $3) *(0 $4)))) *(0 exp(+(*(0 $1) *(0 $2) *(0 $3) *(0 $4)))) *(0 $1) *(0 $2) *(0 $3) *(0 $4))) 0)
reduced tree: /(-inf +(2 *(-1 sin(*(-1 +($3 $4)))) $4))
[2017-02-07 10:07:46:584] [INFO] DemesHill: 6	7	23	2278	34359	134	767	0.0760727	767	1	-58.8083	0.787472	-56.2369	0.787472	9
[2017-02-07 10:07:46:614] [WARN] The following instance could not be evaluated: [|3|2|1|1|0|0|0|0|0|-1|0|0|0|0|0.5|0|0|0|0|0|0|0|0|0|0|0|0|0|0|0|0|0|0|0|0|0|0|0|0|0|0|0|-1|0|0|-1|-1|0|0|0|0|0|0|0|0|0|0|0|0|0|0|0]
Unreduced tree: +(/(*(+(3 *(0 sin(+(*(0 $1) *(0 $2) *(0 $3) *(0 $4)))) *(-1 log(+(*(0 $1) *(0 $2) *(0 $3) *(0 $4)))) *(0.5 exp(+(*(0 $1) *(0 $2) *(0 $3) *(0 $4)))) *(0 $1) *(0 $2) *(0 $3) *(0 $4)) 1) +(*($4 +(1 *(0 sin(+(*(0 $1) *(0 $2) *(0 $3) *(0 $4)))) *(0 log(+(*(0 $1) *(0 $2) *(0 $3) *(0 $4)))) *(0 exp(+(*(0 $1) *(0 $2) *(0 $3) *(0 $4)))) *(0 $1) *(0 $2) *(0 $3) *(0 $4))) 2 *(-1 sin(+(*(0 $1) *(0 $2) *(-1 $3) *(-1 $4)))) *(0 log(+(*(0 $1) *(0 $2) *(0 $3) *(0 $4)))) *(0 exp(+(*(0 $1) *(0 $2) *(0 $3) *(0 $4)))) *(0 $1) *(0 $2) *(0 $3) *(0 $4))) 0)
reduced tree: /(-inf +(2 *(-1 sin(*(-1 +($3 $4)))) $4))
[2017-02-07 10:07:46:615] [WARN] The following instance could not be evaluated: [|3|2|1|1|0|0|0|0|0|1|0|0|0|0|0.5|0|0|0|0|0|0|0|0|0|0|0|0|0|0|0|0|0|0|0|0|0|0|0|0|0|0|0|-1|0|0|-1|-1|0|0|0|0|0|0|0|0|0|0|0|0|0|0|0]
Unreduced tree: +(/(*(+(3 *(0 sin(+(*(0 $1) *(0 $2) *(0 $3) *(0 $4)))) *(1 log(+(*(0 $1) *(0 $2) *(0 $3) *(0 $4)))) *(0.5 exp(+(*(0 $1) *(0 $2) *(0 $3) *(0 $4)))) *(0 $1) *(0 $2) *(0 $3) *(0 $4)) 1) +(*($4 +(1 *(0 sin(+(*(0 $1) *(0 $2) *(0 $3) *(0 $4)))) *(0 log(+(*(0 $1) *(0 $2) *(0 $3) *(0 $4)))) *(0 exp(+(*(0 $1) *(0 $2) *(0 $3) *(0 $4)))) *(0 $1) *(0 $2) *(0 $3) *(0 $4))) 2 *(-1 sin(+(*(0 $1) *(0 $2) *(-1 $3) *(-1 $4)))) *(0 log(+(*(0 $1) *(0 $2) *(0 $3) *(0 $4)))) *(0 exp(+(*(0 $1) *(0 $2) *(0 $3) *(0 $4)))) *(0 $1) *(0 $2) *(0 $3) *(0 $4))) 0)
reduced tree: /(-inf +(2 *(-1 sin(*(-1 +($3 $4)))) $4))
[2017-02-07 10:07:46:619] [INFO] DemesHill: 6	8	24	2413	35278	135	902	0.0894623	902	1	-57.9187	0.889626	-55.0616	1.17534	10
[2017-02-07 10:07:46:647] [WARN] The following instance could not be evaluated: [|3|2|1|1|0|0|0|0|0|-1|0|0|0|0|0.5|0|0|0|0|0|0|0|0|0|0|0|0|0|0|0|0|0|0|0|0|0|0|0|0|0|0|0|-1|0|0|-1|-0.5|0|0|0|0|0|0|0|0|0|0|0|0|0|0|0]
Unreduced tree: +(/(*(+(3 *(0 sin(+(*(0 $1) *(0 $2) *(0 $3) *(0 $4)))) *(-1 log(+(*(0 $1) *(0 $2) *(0 $3) *(0 $4)))) *(0.5 exp(+(*(0 $1) *(0 $2) *(0 $3) *(0 $4)))) *(0 $1) *(0 $2) *(0 $3) *(0 $4)) 1) +(*($4 +(1 *(0 sin(+(*(0 $1) *(0 $2) *(0 $3) *(0 $4)))) *(0 log(+(*(0 $1) *(0 $2) *(0 $3) *(0 $4)))) *(0 exp(+(*(0 $1) *(0 $2) *(0 $3) *(0 $4)))) *(0 $1) *(0 $2) *(0 $3) *(0 $4))) 2 *(-1 sin(+(*(0 $1) *(0 $2) *(-1 $3) *(-0.5 $4)))) *(0 log(+(*(0 $1) *(0 $2) *(0 $3) *(0 $4)))) *(0 exp(+(*(0 $1) *(0 $2) *(0 $3) *(0 $4)))) *(0 $1) *(0 $2) *(0 $3) *(0 $4))) 0)
reduced tree: /(-inf +(2 *(-1 sin(+(*(-1 $3) *(-0.5 $4)))) $4))
[2017-02-07 10:07:46:647] [WARN] The following instance could not be evaluated: [|3|2|1|1|0|0|0|0|0|1|0|0|0|0|0.5|0|0|0|0|0|0|0|0|0|0|0|0|0|0|0|0|0|0|0|0|0|0|0|0|0|0|0|-1|0|0|-1|-0.5|0|0|0|0|0|0|0|0|0|0|0|0|0|0|0]
Unreduced tree: +(/(*(+(3 *(0 sin(+(*(0 $1) *(0 $2) *(0 $3) *(0 $4)))) *(1 log(+(*(0 $1) *(0 $2) *(0 $3) *(0 $4)))) *(0.5 exp(+(*(0 $1) *(0 $2) *(0 $3) *(0 $4)))) *(0 $1) *(0 $2) *(0 $3) *(0 $4)) 1) +(*($4 +(1 *(0 sin(+(*(0 $1) *(0 $2) *(0 $3) *(0 $4)))) *(0 log(+(*(0 $1) *(0 $2) *(0 $3) *(0 $4)))) *(0 exp(+(*(0 $1) *(0 $2) *(0 $3) *(0 $4)))) *(0 $1) *(0 $2) *(0 $3) *(0 $4))) 2 *(-1 sin(+(*(0 $1) *(0 $2) *(-1 $3) *(-0.5 $4)))) *(0 log(+(*(0 $1) *(0 $2) *(0 $3) *(0 $4)))) *(0 exp(+(*(0 $1) *(0 $2) *(0 $3) *(0 $4)))) *(0 $1) *(0 $2) *(0 $3) *(0 $4))) 0)
reduced tree: /(-inf +(2 *(-1 sin(+(*(-1 $3) *(-0.5 $4)))) $4))
[2017-02-07 10:07:46:651] [INFO] DemesHill: 6	9	25	2549	32324	136	1038	0.102951	1038	1	-55.9205	1.99819	-53.0634	1.99819	10
[2017-02-07 10:07:46:681] [WARN] The following instance could not be evaluated: [|3|2|1|1|0|0|0|0|0|-1|0|0|0|0|0.5|0|0|0|0|0|0|0|0|0|0|0|0|0|0|0|0|0|0|0|0|0|0|0|0|0|0|0|-1|0|0|-1|-0.75|0|0|0|0|0|0|0|0|0|0|0|0|0|0|0]
Unreduced tree: +(/(*(+(3 *(0 sin(+(*(0 $1) *(0 $2) *(0 $3) *(0 $4)))) *(-1 log(+(*(0 $1) *(0 $2) *(0 $3) *(0 $4)))) *(0.5 exp(+(*(0 $1) *(0 $2) *(0 $3) *(0 $4)))) *(0 $1) *(0 $2) *(0 $3) *(0 $4)) 1) +(*($4 +(1 *(0 sin(+(*(0 $1) *(0 $2) *(0 $3) *(0 $4)))) *(0 log(+(*(0 $1) *(0 $2) *(0 $3) *(0 $4)))) *(0 exp(+(*(0 $1) *(0 $2) *(0 $3) *(0 $4)))) *(0 $1) *(0 $2) *(0 $3) *(0 $4))) 2 *(-1 sin(+(*(0 $1) *(0 $2) *(-1 $3) *(-0.75 $4)))) *(0 log(+(*(0 $1) *(0 $2) *(0 $3) *(0 $4)))) *(0 exp(+(*(0 $1) *(0 $2) *(0 $3) *(0 $4)))) *(0 $1) *(0 $2) *(0 $3) *(0 $4))) 0)
reduced tree: /(-inf +(2 *(-1 sin(+(*(-1 $3) *(-0.75 $4)))) $4))
[2017-02-07 10:07:46:682] [WARN] The following instance could not be evaluated: [|3|2|1|1|0|0|0|0|0|1|0|0|0|0|0.5|0|0|0|0|0|0|0|0|0|0|0|0|0|0|0|0|0|0|0|0|0|0|0|0|0|0|0|-1|0|0|-1|-0.75|0|0|0|0|0|0|0|0|0|0|0|0|0|0|0]
Unreduced tree: +(/(*(+(3 *(0 sin(+(*(0 $1) *(0 $2) *(0 $3) *(0 $4)))) *(1 log(+(*(0 $1) *(0 $2) *(0 $3) *(0 $4)))) *(0.5 exp(+(*(0 $1) *(0 $2) *(0 $3) *(0 $4)))) *(0 $1) *(0 $2) *(0 $3) *(0 $4)) 1) +(*($4 +(1 *(0 sin(+(*(0 $1) *(0 $2) *(0 $3) *(0 $4)))) *(0 log(+(*(0 $1) *(0 $2) *(0 $3) *(0 $4)))) *(0 exp(+(*(0 $1) *(0 $2) *(0 $3) *(0 $4)))) *(0 $1) *(0 $2) *(0 $3) *(0 $4))) 2 *(-1 sin(+(*(0 $1) *(0 $2) *(-1 $3) *(-0.75 $4)))) *(0 log(+(*(0 $1) *(0 $2) *(0 $3) *(0 $4)))) *(0 exp(+(*(0 $1) *(0 $2) *(0 $3) *(0 $4)))) *(0 $1) *(0 $2) *(0 $3) *(0 $4))) 0)
reduced tree: /(-inf +(2 *(-1 sin(+(*(-1 $3) *(-0.75 $4)))) $4))
[2017-02-07 10:07:46:686] [INFO] DemesHill: 6	10	26	2686	34560	137	1175	0.116539	1175	0	-55.9205	0	-53.0634	0	10
[2017-02-07 10:07:46:707] [INFO] DemesHill: 6	11	27	2806	21268	120	1295	0.128441	1295	0	-55.9205	0	-53.0634	0	10
[2017-02-07 10:07:46:979] [INFO] Expansion 6 done
[2017-02-07 10:07:46:979] [INFO] Total number of evaluations so far: 2806
[2017-02-07 10:07:46:979] [INFO] The following candidate(s) have the best score [score=-53.063385009765625, penalized score=-55.9205284118652344, complexity=10, complexity penalty=2.85714292526245117, diversity penalty=0]
[2017-02-07 10:07:46:979] [INFO] -53.0634 /(3.5 +(2 *(-1 sin(+(*(-1 $3) *(-0.75 $4)))) $4))
[2017-02-07 10:07:46:979] [INFO] Stats: 6	2806	1	211	-53.0634	10	0	11	0
[2017-02-07 10:07:46:979] [INFO] Start knob building, rep size=15 complexity=10
[2017-02-07 10:07:46:979] [INFO] After knob building, rep size=447 complexity=14
[2017-02-07 10:07:46:979] [INFO] Total number of field specs: 142
[2017-02-07 10:07:46:979] [INFO] Number of disc knobs mapped: 0
[2017-02-07 10:07:46:980] [INFO] Number of contin knobs mapped: 142
[2017-02-07 10:07:46:980] [INFO] Field set, in bytes: 22944
[2017-02-07 10:07:46:980] [INFO] One instance, in bytes: 208
[2017-02-07 10:07:46:980] [INFO] DemesHill: # demeID	iteration	total_steps	total_evals	microseconds	new_instances	num_instances	inst_RAM	num_evals	has_improved	best_weighted_score	delta_weighted	best_raw	delta_raw	complexity
[2017-02-07 10:07:46:980] [INFO] DemesHill: 7	1	28	2807	342	1	1	0.000198364	1	1	-55.9205	3.40282e+38	-53.0634	3.40282e+38	10
[2017-02-07 10:07:47:061] [WARN] The following instance could not be evaluated: [|3.5|2|1|1|0|0|0|0|0|-1|0|0|0|0|0|0|0|0|0|0|0|0|0|0|0|0|0|0|0|0|0|0|0|0|0|0|0|0|0|0|0|0|0|0|0|0|0|0|0|0|0|0|0|0|0|0|0|0|0|0|0|0|0|0|0|0|0|0|0|0|0|0|0|0|0|0|0|0|0|0|0|0|0|0|0|0|0|0|0|0|0|0|0|0|0|0|0|0|0|0|0|0|0|0|0|0|0|0|0|0|0|0|0|0|0|0|0|0|0|0|0|0|0|0|0|0|0|0|0|0|0|0|0|0|0|0|0|0|0|-0.75|-1|-1]
Unreduced tree: +(/(*(+(3.5 *(0 sin(+(*(0 $1) *(0 $2) *(0 $3) *(0 $4)))) *(-1 log(+(*(0 $1) *(0 $2) *(0 $3) *(0 $4)))) *(0 exp(+(*(0 $1) *(0 $2) *(0 $3) *(0 $4)))) *(0 $1) *(0 $2) *(0 $3) *(0 $4)) 1) +(*($4 +(1 *(0 sin(+(*(0 $1) *(0 $2) *(0 $3) *(0 $4)))) *(0 log(+(*(0 $1) *(0 $2) *(0 $3) *(0 $4)))) *(0 exp(+(*(0 $1) *(0 $2) *(0 $3) *(0 $4)))) *(0 $1) *(0 $2) *(0 $3) *(0 $4))) *(sin(+(*($3 +(-1 *(0 sin(+(*(0 $1) *(0 $2) *(0 $3) *(0 $4)))) *(0 log(+(*(0 $1) *(0 $2) *(0 $3) *(0 $4)))) *(0 exp(+(*(0 $1) *(0 $2) *(0 $3) *(0 $4)))) *(0 $1) *(0 $2) *(0 $3) *(0 $4))) *($4 +(-0.75 *(0 sin(+(*(0 $1) *(0 $2) *(0 $3) *(0 $4)))) *(0 log(+(*(0 $1) *(0 $2) *(0 $3) *(0 $4)))) *(0 exp(+(*(0 $1) *(0 $2) *(0 $3) *(0 $4)))) *(0 $1) *(0 $2) *(0 $3) *(0 $4))) 0 *(0 sin(+(*(0 $1) *(0 $2) *(0 $3) *(0 $4)))) *(0 log(+(*(0 $1) *(0 $2) *(0 $3) *(0 $4)))) *(0 exp(+(*(0 $1) *(0 $2) *(0 $3) *(0 $4)))) *(0 $1) *(0 $2) *(0 $3) *(0 $4))) +(-1 *(0 sin(+(*(0 $1) *(0 $2) *(0 $3) *(0 $4)))) *(0 log(+(*(0 $1) *(0 $2) *(0 $3) *(0 $4)))) *(0 exp(+(*(0 $1) *(0 $2) *(0 $3) *(0 $4)))) *(0 $1) *(0 $2) *(0 $3) *(0 $4))) 2 *(0 sin(+(*(0 $1) *(0 $2) *(0 $3) *(0 $4)))) *(0 log(+(*(0 $1) *(0 $2) *(0 $3) *(0 $4)))) *(0 exp(+(*(0 $1) *(0 $2) *(0 $3) *(0 $4)))) *(0 $1) *(0 $2) *(0 $3) *(0 $4))) 0)
reduced tree: /(-inf +(2 *(-1 sin(+(*(-1 $3) *(-0.75 $4)))) $4))
[2017-02-07 10:07:47:063] [WARN] The following instance could not be evaluated: [|3.5|2|1|1|0|0|0|0|0|1|0|0|0|0|0|0|0|0|0|0|0|0|0|0|0|0|0|0|0|0|0|0|0|0|0|0|0|0|0|0|0|0|0|0|0|0|0|0|0|0|0|0|0|0|0|0|0|0|0|0|0|0|0|0|0|0|0|0|0|0|0|0|0|0|0|0|0|0|0|0|0|0|0|0|0|0|0|0|0|0|0|0|0|0|0|0|0|0|0|0|0|0|0|0|0|0|0|0|0|0|0|0|0|0|0|0|0|0|0|0|0|0|0|0|0|0|0|0|0|0|0|0|0|0|0|0|0|0|0|-0.75|-1|-1]
Unreduced tree: +(/(*(+(3.5 *(0 sin(+(*(0 $1) *(0 $2) *(0 $3) *(0 $4)))) *(1 log(+(*(0 $1) *(0 $2) *(0 $3) *(0 $4)))) *(0 exp(+(*(0 $1) *(0 $2) *(0 $3) *(0 $4)))) *(0 $1) *(0 $2) *(0 $3) *(0 $4)) 1) +(*($4 +(1 *(0 sin(+(*(0 $1) *(0 $2) *(0 $3) *(0 $4)))) *(0 log(+(*(0 $1) *(0 $2) *(0 $3) *(0 $4)))) *(0 exp(+(*(0 $1) *(0 $2) *(0 $3) *(0 $4)))) *(0 $1) *(0 $2) *(0 $3) *(0 $4))) *(sin(+(*($3 +(-1 *(0 sin(+(*(0 $1) *(0 $2) *(0 $3) *(0 $4)))) *(0 log(+(*(0 $1) *(0 $2) *(0 $3) *(0 $4)))) *(0 exp(+(*(0 $1) *(0 $2) *(0 $3) *(0 $4)))) *(0 $1) *(0 $2) *(0 $3) *(0 $4))) *($4 +(-0.75 *(0 sin(+(*(0 $1) *(0 $2) *(0 $3) *(0 $4)))) *(0 log(+(*(0 $1) *(0 $2) *(0 $3) *(0 $4)))) *(0 exp(+(*(0 $1) *(0 $2) *(0 $3) *(0 $4)))) *(0 $1) *(0 $2) *(0 $3) *(0 $4))) 0 *(0 sin(+(*(0 $1) *(0 $2) *(0 $3) *(0 $4)))) *(0 log(+(*(0 $1) *(0 $2) *(0 $3) *(0 $4)))) *(0 exp(+(*(0 $1) *(0 $2) *(0 $3) *(0 $4)))) *(0 $1) *(0 $2) *(0 $3) *(0 $4))) +(-1 *(0 sin(+(*(0 $1) *(0 $2) *(0 $3) *(0 $4)))) *(0 log(+(*(0 $1) *(0 $2) *(0 $3) *(0 $4)))) *(0 exp(+(*(0 $1) *(0 $2) *(0 $3) *(0 $4)))) *(0 $1) *(0 $2) *(0 $3) *(0 $4))) 2 *(0 sin(+(*(0 $1) *(0 $2) *(0 $3) *(0 $4)))) *(0 log(+(*(0 $1) *(0 $2) *(0 $3) *(0 $4)))) *(0 exp(+(*(0 $1) *(0 $2) *(0 $3) *(0 $4)))) *(0 $1) *(0 $2) *(0 $3) *(0 $4))) 0)
reduced tree: /(-inf +(2 *(-1 sin(+(*(-1 $3) *(-0.75 $4)))) $4))
[2017-02-07 10:07:47:067] [INFO] DemesHill: 7	2	29	3091	87483	284	285	0.0565338	285	1	-54.1544	1.76616	-51.2972	1.76616	10
[2017-02-07 10:07:47:102] [INFO] DemesHill: 7	3	30	3211	34586	120	405	0.0803375	405	0	-54.1544	0	-51.2972	0	10
[2017-02-07 10:07:47:303] [INFO] Expansion 7 done
[2017-02-07 10:07:47:303] [INFO] Total number of evaluations so far: 3211
[2017-02-07 10:07:47:303] [INFO] The following candidate(s) have the best score [score=-51.2972297668457031, penalized score=-54.1543731689453125, complexity=10, complexity penalty=2.85714292526245117, diversity penalty=0]
[2017-02-07 10:07:47:303] [INFO] -51.2972 /(3.5 +(2 *(-2 sin(+(*(-1 $3) *(-0.75 $4)))) $4))
[2017-02-07 10:07:47:303] [INFO] Stats: 7	3211	1	250	-51.2972	10	0	3	0
[2017-02-07 10:07:47:303] [INFO] Start knob building, rep size=15 complexity=10
[2017-02-07 10:07:47:303] [INFO] After knob building, rep size=447 complexity=14
[2017-02-07 10:07:47:303] [INFO] Total number of field specs: 142
[2017-02-07 10:07:47:303] [INFO] Number of disc knobs mapped: 0
[2017-02-07 10:07:47:304] [INFO] Number of contin knobs mapped: 142
[2017-02-07 10:07:47:304] [INFO] Field set, in bytes: 22944
[2017-02-07 10:07:47:304] [INFO] One instance, in bytes: 208
[2017-02-07 10:07:47:304] [INFO] DemesHill: # demeID	iteration	total_steps	total_evals	microseconds	new_instances	num_instances	inst_RAM	num_evals	has_improved	best_weighted_score	delta_weighted	best_raw	delta_raw	complexity
[2017-02-07 10:07:47:304] [INFO] DemesHill: 8	1	31	3212	318	1	1	0.000198364	1	1	-54.1544	3.40282e+38	-51.2972	3.40282e+38	10
[2017-02-07 10:07:47:388] [WARN] The following instance could not be evaluated: [|3.5|2|1|1|0|0|0|0|0|-1|0|0|0|0|0|0|0|0|0|0|0|0|0|0|0|0|0|0|0|0|0|0|0|0|0|0|0|0|0|0|0|0|0|0|0|0|0|0|0|0|0|0|0|0|0|0|0|0|0|0|0|0|0|0|0|0|0|0|0|0|0|0|0|0|0|0|0|0|0|0|0|0|0|0|0|0|0|0|0|0|0|0|0|0|0|0|0|0|0|0|0|0|0|0|0|0|0|0|0|0|0|0|0|0|0|0|0|0|0|0|0|0|0|0|0|0|0|0|0|0|0|0|0|0|0|0|0|0|0|-0.75|-1|-2]
Unreduced tree: +(/(*(+(3.5 *(0 sin(+(*(0 $1) *(0 $2) *(0 $3) *(0 $4)))) *(-1 log(+(*(0 $1) *(0 $2) *(0 $3) *(0 $4)))) *(0 exp(+(*(0 $1) *(0 $2) *(0 $3) *(0 $4)))) *(0 $1) *(0 $2) *(0 $3) *(0 $4)) 1) +(*($4 +(1 *(0 sin(+(*(0 $1) *(0 $2) *(0 $3) *(0 $4)))) *(0 log(+(*(0 $1) *(0 $2) *(0 $3) *(0 $4)))) *(0 exp(+(*(0 $1) *(0 $2) *(0 $3) *(0 $4)))) *(0 $1) *(0 $2) *(0 $3) *(0 $4))) *(sin(+(*($3 +(-1 *(0 sin(+(*(0 $1) *(0 $2) *(0 $3) *(0 $4)))) *(0 log(+(*(0 $1) *(0 $2) *(0 $3) *(0 $4)))) *(0 exp(+(*(0 $1) *(0 $2) *(0 $3) *(0 $4)))) *(0 $1) *(0 $2) *(0 $3) *(0 $4))) *($4 +(-0.75 *(0 sin(+(*(0 $1) *(0 $2) *(0 $3) *(0 $4)))) *(0 log(+(*(0 $1) *(0 $2) *(0 $3) *(0 $4)))) *(0 exp(+(*(0 $1) *(0 $2) *(0 $3) *(0 $4)))) *(0 $1) *(0 $2) *(0 $3) *(0 $4))) 0 *(0 sin(+(*(0 $1) *(0 $2) *(0 $3) *(0 $4)))) *(0 log(+(*(0 $1) *(0 $2) *(0 $3) *(0 $4)))) *(0 exp(+(*(0 $1) *(0 $2) *(0 $3) *(0 $4)))) *(0 $1) *(0 $2) *(0 $3) *(0 $4))) +(-2 *(0 sin(+(*(0 $1) *(0 $2) *(0 $3) *(0 $4)))) *(0 log(+(*(0 $1) *(0 $2) *(0 $3) *(0 $4)))) *(0 exp(+(*(0 $1) *(0 $2) *(0 $3) *(0 $4)))) *(0 $1) *(0 $2) *(0 $3) *(0 $4))) 2 *(0 sin(+(*(0 $1) *(0 $2) *(0 $3) *(0 $4)))) *(0 log(+(*(0 $1) *(0 $2) *(0 $3) *(0 $4)))) *(0 exp(+(*(0 $1) *(0 $2) *(0 $3) *(0 $4)))) *(0 $1) *(0 $2) *(0 $3) *(0 $4))) 0)
reduced tree: /(-inf +(2 *(-2 sin(+(*(-1 $3) *(-0.75 $4)))) $4))
[2017-02-07 10:07:47:389] [WARN] The following instance could not be evaluated: [|3.5|2|1|1|0|0|0|0|0|1|0|0|0|0|0|0|0|0|0|0|0|0|0|0|0|0|0|0|0|0|0|0|0|0|0|0|0|0|0|0|0|0|0|0|0|0|0|0|0|0|0|0|0|0|0|0|0|0|0|0|0|0|0|0|0|0|0|0|0|0|0|0|0|0|0|0|0|0|0|0|0|0|0|0|0|0|0|0|0|0|0|0|0|0|0|0|0|0|0|0|0|0|0|0|0|0|0|0|0|0|0|0|0|0|0|0|0|0|0|0|0|0|0|0|0|0|0|0|0|0|0|0|0|0|0|0|0|0|0|-0.75|-1|-2]
Unreduced tree: +(/(*(+(3.5 *(0 sin(+(*(0 $1) *(0 $2) *(0 $3) *(0 $4)))) *(1 log(+(*(0 $1) *(0 $2) *(0 $3) *(0 $4)))) *(0 exp(+(*(0 $1) *(0 $2) *(0 $3) *(0 $4)))) *(0 $1) *(0 $2) *(0 $3) *(0 $4)) 1) +(*($4 +(1 *(0 sin(+(*(0 $1) *(0 $2) *(0 $3) *(0 $4)))) *(0 log(+(*(0 $1) *(0 $2) *(0 $3) *(0 $4)))) *(0 exp(+(*(0 $1) *(0 $2) *(0 $3) *(0 $4)))) *(0 $1) *(0 $2) *(0 $3) *(0 $4))) *(sin(+(*($3 +(-1 *(0 sin(+(*(0 $1) *(0 $2) *(0 $3) *(0 $4)))) *(0 log(+(*(0 $1) *(0 $2) *(0 $3) *(0 $4)))) *(0 exp(+(*(0 $1) *(0 $2) *(0 $3) *(0 $4)))) *(0 $1) *(0 $2) *(0 $3) *(0 $4))) *($4 +(-0.75 *(0 sin(+(*(0 $1) *(0 $2) *(0 $3) *(0 $4)))) *(0 log(+(*(0 $1) *(0 $2) *(0 $3) *(0 $4)))) *(0 exp(+(*(0 $1) *(0 $2) *(0 $3) *(0 $4)))) *(0 $1) *(0 $2) *(0 $3) *(0 $4))) 0 *(0 sin(+(*(0 $1) *(0 $2) *(0 $3) *(0 $4)))) *(0 log(+(*(0 $1) *(0 $2) *(0 $3) *(0 $4)))) *(0 exp(+(*(0 $1) *(0 $2) *(0 $3) *(0 $4)))) *(0 $1) *(0 $2) *(0 $3) *(0 $4))) +(-2 *(0 sin(+(*(0 $1) *(0 $2) *(0 $3) *(0 $4)))) *(0 log(+(*(0 $1) *(0 $2) *(0 $3) *(0 $4)))) *(0 exp(+(*(0 $1) *(0 $2) *(0 $3) *(0 $4)))) *(0 $1) *(0 $2) *(0 $3) *(0 $4))) 2 *(0 sin(+(*(0 $1) *(0 $2) *(0 $3) *(0 $4)))) *(0 log(+(*(0 $1) *(0 $2) *(0 $3) *(0 $4)))) *(0 exp(+(*(0 $1) *(0 $2) *(0 $3) *(0 $4)))) *(0 $1) *(0 $2) *(0 $3) *(0 $4))) 0)
reduced tree: /(-inf +(2 *(-2 sin(+(*(-1 $3) *(-0.75 $4)))) $4))
[2017-02-07 10:07:47:394] [INFO] DemesHill: 8	2	32	3496	90222	284	285	0.0565338	285	1	-48.7641	5.39028	-45.3355	5.96171	12
[2017-02-07 10:07:47:428] [INFO] DemesHill: 8	3	33	3616	33654	120	405	0.0803375	405	0	-48.7641	0	-45.3355	0	12
[2017-02-07 10:07:47:632] [INFO] Expansion 8 done
[2017-02-07 10:07:47:632] [INFO] Total number of evaluations so far: 3616
[2017-02-07 10:07:47:632] [INFO] The following candidate(s) have the best score [score=-45.3355216979980469, penalized score=-48.7640914916992188, complexity=12, complexity penalty=3.42857170104980469, diversity penalty=0]
[2017-02-07 10:07:47:632] [INFO] -45.3355 /(+(3.5 *(-1 $4)) +(2 *(-2 sin(+(*(-1 $3) *(-0.75 $4)))) $4))
[2017-02-07 10:07:47:633] [INFO] Stats: 8	3616	1	250	-45.3355	12	0	3	0
[2017-02-07 10:07:47:633] [INFO] Start knob building, rep size=19 complexity=12
[2017-02-07 10:07:47:633] [INFO] After knob building, rep size=511 complexity=16
[2017-02-07 10:07:47:633] [INFO] Total number of field specs: 162
[2017-02-07 10:07:47:633] [INFO] Number of disc knobs mapped: 0
[2017-02-07 10:07:47:633] [INFO] Number of contin knobs mapped: 162
[2017-02-07 10:07:47:633] [INFO] Field set, in bytes: 26144
[2017-02-07 10:07:47:633] [INFO] One instance, in bytes: 232
[2017-02-07 10:07:47:633] [INFO] DemesHill: # demeID	iteration	total_steps	total_evals	microseconds	new_instances	num_instances	inst_RAM	num_evals	has_improved	best_weighted_score	delta_weighted	best_raw	delta_raw	complexity
[2017-02-07 10:07:47:634] [INFO] DemesHill: 9	1	34	3617	406	1	1	0.000221252	1	1	-48.7641	3.40282e+38	-45.3355	3.40282e+38	12
[2017-02-07 10:07:47:753] [INFO] DemesHill: 9	2	35	3941	119448	324	325	0.071907	325	1	-42.265	6.49912	-39.1221	6.21341	11
[2017-02-07 10:07:47:797] [INFO] DemesHill: 9	3	36	4061	43229	120	445	0.0984573	445	0	-42.265	0	-39.1221	0	11
[2017-02-07 10:07:48:065] [INFO] Expansion 9 done
[2017-02-07 10:07:48:065] [INFO] Total number of evaluations so far: 4061
[2017-02-07 10:07:48:065] [INFO] The following candidate(s) have the best score [score=-39.1221160888671875, penalized score=-42.2649726867675781, complexity=11, complexity penalty=3.14285731315612793, diversity penalty=0]
[2017-02-07 10:07:48:065] [INFO] -39.1221 /(+(3.5 *(-1 $4)) +(3 *(-2 sin(+(*(-1 $3) *(-0.75 $4))))))
[2017-02-07 10:07:48:066] [INFO] Stats: 9	4061	2	250	-39.1221	11	0	3	0
[2017-02-07 10:07:48:066] [INFO] Start knob building, rep size=18 complexity=11
[2017-02-07 10:07:48:066] [INFO] After knob building, rep size=447 complexity=14
[2017-02-07 10:07:48:066] [INFO] Total number of field specs: 142
[2017-02-07 10:07:48:066] [INFO] Number of disc knobs mapped: 0
[2017-02-07 10:07:48:066] [INFO] Number of contin knobs mapped: 142
[2017-02-07 10:07:48:066] [INFO] Field set, in bytes: 22944
[2017-02-07 10:07:48:066] [INFO] One instance, in bytes: 208
[2017-02-07 10:07:48:066] [INFO] DemesHill: # demeID	iteration	total_steps	total_evals	microseconds	new_instances	num_instances	inst_RAM	num_evals	has_improved	best_weighted_score	delta_weighted	best_raw	delta_raw	complexity
[2017-02-07 10:07:48:067] [INFO] DemesHill: 10	1	37	4062	345	1	1	0.000198364	1	1	-42.265	3.40282e+38	-39.1221	3.40282e+38	11
[2017-02-07 10:07:48:161] [INFO] DemesHill: 10	2	38	4346	94396	284	285	0.0565338	285	0	-42.265	0	-39.1221	0	11
[2017-02-07 10:07:48:197] [INFO] DemesHill: 10	3	39	4466	35995	120	405	0.0803375	405	0	-42.265	0	-39.1221	0	11
[2017-02-07 10:07:48:410] [INFO] Expansion 10 done
[2017-02-07 10:07:48:410] [INFO] Total number of evaluations so far: 4466
[2017-02-07 10:07:48:410] [INFO] The following candidate(s) have the best score [score=-39.1221160888671875, penalized score=-42.2649726867675781, complexity=11, complexity penalty=3.14285731315612793, diversity penalty=0]
[2017-02-07 10:07:48:411] [INFO] -39.1221 /(+(3.5 *(-1 $4)) +(3 *(-2 sin(+(*(-1 $3) *(-0.75 $4))))))
[2017-02-07 10:07:48:411] [INFO] Stats: 10	4466	2	250	-39.1221	11	0	3	0
[2017-02-07 10:07:48:412] [INFO] Start knob building, rep size=19 complexity=12
[2017-02-07 10:07:48:412] [INFO] After knob building, rep size=511 complexity=16
[2017-02-07 10:07:48:412] [INFO] Total number of field specs: 162
[2017-02-07 10:07:48:412] [INFO] Number of disc knobs mapped: 0
[2017-02-07 10:07:48:412] [INFO] Number of contin knobs mapped: 162
[2017-02-07 10:07:48:412] [INFO] Field set, in bytes: 26144
[2017-02-07 10:07:48:412] [INFO] One instance, in bytes: 232
[2017-02-07 10:07:48:412] [INFO] DemesHill: # demeID	iteration	total_steps	total_evals	microseconds	new_instances	num_instances	inst_RAM	num_evals	has_improved	best_weighted_score	delta_weighted	best_raw	delta_raw	complexity
[2017-02-07 10:07:48:412] [INFO] DemesHill: 11	1	40	4467	422	1	1	0.000221252	1	1	-44.6885	3.40282e+38	-41.26	3.40282e+38	12
[2017-02-07 10:07:48:531] [INFO] DemesHill: 11	2	41	4791	118291	324	325	0.071907	325	0	-44.6885	0	-41.26	0	12
[2017-02-07 10:07:48:570] [INFO] DemesHill: 11	3	42	4911	39272	120	445	0.0984573	445	1	-37.9075	6.78102	-33.3361	7.92388	16
[2017-02-07 10:07:48:618] [INFO] DemesHill: 11	4	43	5031	47925	120	565	0.125008	565	0	-37.9075	0	-33.3361	0	16
[2017-02-07 10:07:48:969] [INFO] Expansion 11 done
[2017-02-07 10:07:48:969] [INFO] Total number of evaluations so far: 5031
[2017-02-07 10:07:48:969] [INFO] The following candidate(s) have the best score [score=-33.3360748291015625, penalized score=-37.9075050354003906, complexity=16, complexity penalty=4.57142877578735352, diversity penalty=0]
[2017-02-07 10:07:48:969] [INFO] -33.3361 /(+(4.5 *(-1 $4)) +(2 *(-2 sin(+(*(-1 $3) *(-0.75 $4)))) *(-1 sin(*(-1 $2))) $4))
[2017-02-07 10:07:48:969] [INFO] Stats: 11	5031	3	250	-33.3361	16	0	4	0
[2017-02-07 10:07:48:970] [INFO] Start knob building, rep size=25 complexity=16
[2017-02-07 10:07:48:970] [INFO] After knob building, rep size=701 complexity=21
[2017-02-07 10:07:48:970] [INFO] Total number of field specs: 222
[2017-02-07 10:07:48:970] [INFO] Number of disc knobs mapped: 0
[2017-02-07 10:07:48:970] [INFO] Number of contin knobs mapped: 222
[2017-02-07 10:07:48:970] [INFO] Field set, in bytes: 35744
[2017-02-07 10:07:48:970] [INFO] One instance, in bytes: 304
[2017-02-07 10:07:48:970] [INFO] DemesHill: # demeID	iteration	total_steps	total_evals	microseconds	new_instances	num_instances	inst_RAM	num_evals	has_improved	best_weighted_score	delta_weighted	best_raw	delta_raw	complexity
[2017-02-07 10:07:48:971] [INFO] DemesHill: 12	1	44	5032	486	1	1	0.000289917	1	1	-37.9075	3.40282e+38	-33.3361	3.40282e+38	16
[2017-02-07 10:07:49:196] [INFO] DemesHill: 12	2	45	5476	225545	444	445	0.129013	445	1	-36.0007	1.90681	-31.715	1.6211	15
[2017-02-07 10:07:49:251] [INFO] DemesHill: 12	3	46	5596	54829	120	565	0.163803	565	0	-36.0007	0	-31.715	0	15
[2017-02-07 10:07:49:707] [INFO] Expansion 12 done
[2017-02-07 10:07:49:707] [INFO] Total number of evaluations so far: 5596
[2017-02-07 10:07:49:707] [INFO] The following candidate(s) have the best score [score=-31.7149791717529297, penalized score=-36.0006942749023438, complexity=15, complexity penalty=4.28571462631225586, diversity penalty=0]
[2017-02-07 10:07:49:707] [INFO] -31.715 /(+(4.5 *(-1 $4)) +(3 *(-2 sin(+(*(-1 $3) *(-0.75 $4)))) *(-1 sin(*(-1 $2)))))
[2017-02-07 10:07:49:707] [INFO] Stats: 12	5596	3	250	-31.715	15	0	3	0
[2017-02-07 10:07:49:708] [INFO] Start knob building, rep size=24 complexity=15
[2017-02-07 10:07:49:708] [INFO] After knob building, rep size=637 complexity=19
[2017-02-07 10:07:49:708] [INFO] Total number of field specs: 202
[2017-02-07 10:07:49:708] [INFO] Number of disc knobs mapped: 0
[2017-02-07 10:07:49:708] [INFO] Number of contin knobs mapped: 202
[2017-02-07 10:07:49:708] [INFO] Field set, in bytes: 32544
[2017-02-07 10:07:49:708] [INFO] One instance, in bytes: 280
[2017-02-07 10:07:49:708] [INFO] DemesHill: # demeID	iteration	total_steps	total_evals	microseconds	new_instances	num_instances	inst_RAM	num_evals	has_improved	best_weighted_score	delta_weighted	best_raw	delta_raw	complexity
[2017-02-07 10:07:49:709] [INFO] DemesHill: 13	1	47	5597	509	1	1	0.000267029	1	1	-36.0007	3.40282e+38	-31.715	3.40282e+38	15
[2017-02-07 10:07:49:894] [INFO] DemesHill: 13	2	48	6001	184937	404	405	0.108147	405	0	-36.0007	0	-31.715	0	15
[2017-02-07 10:07:49:942] [INFO] DemesHill: 13	3	49	6121	48552	120	525	0.14019	525	0	-36.0007	0	-31.715	0	15
[2017-02-07 10:07:50:323] [INFO] Expansion 13 done
[2017-02-07 10:07:50:323] [INFO] Total number of evaluations so far: 6121
[2017-02-07 10:07:50:323] [INFO] The following candidate(s) have the best score [score=-31.7149791717529297, penalized score=-36.0006942749023438, complexity=15, complexity penalty=4.28571462631225586, diversity penalty=0]
[2017-02-07 10:07:50:323] [INFO] -31.715 /(+(4.5 *(-1 $4)) +(3 *(-2 sin(+(*(-1 $3) *(-0.75 $4)))) *(-1 sin(*(-1 $2)))))
[2017-02-07 10:07:50:323] [INFO] Stats: 13	6121	4	250	-31.715	15	0	3	0
[2017-02-07 10:07:50:324] [INFO] Start knob building, rep size=23 complexity=14
[2017-02-07 10:07:50:324] [INFO] After knob building, rep size=761 complexity=20
[2017-02-07 10:07:50:324] [INFO] Total number of field specs: 241
[2017-02-07 10:07:50:324] [INFO] Number of disc knobs mapped: 0
[2017-02-07 10:07:50:324] [INFO] Number of contin knobs mapped: 241
[2017-02-07 10:07:50:324] [INFO] Field set, in bytes: 38784
[2017-02-07 10:07:50:324] [INFO] One instance, in bytes: 328
[2017-02-07 10:07:50:324] [INFO] DemesHill: # demeID	iteration	total_steps	total_evals	microseconds	new_instances	num_instances	inst_RAM	num_evals	has_improved	best_weighted_score	delta_weighted	best_raw	delta_raw	complexity
[2017-02-07 10:07:50:325] [INFO] DemesHill: 14	1	50	6122	590	1	1	0.000312805	1	1	-41.8424	3.40282e+38	-37.8424	3.40282e+38	14
[2017-02-07 10:07:50:603] [INFO] DemesHill: 14	2	51	6604	277953	482	483	0.151085	483	0	-41.8424	0	-37.8424	0	14
[2017-02-07 10:07:50:667] [INFO] DemesHill: 14	3	52	6724	64884	120	603	0.188622	603	0	-41.8424	0	-37.8424	0	14
[2017-02-07 10:07:51:233] [INFO] Expansion 14 done
[2017-02-07 10:07:51:233] [INFO] Total number of evaluations so far: 6724
[2017-02-07 10:07:51:233] [INFO] The following candidate(s) have the best score [score=-31.7149791717529297, penalized score=-36.0006942749023438, complexity=15, complexity penalty=4.28571462631225586, diversity penalty=0]
[2017-02-07 10:07:51:233] [INFO] -31.715 /(+(4.5 *(-1 $4)) +(3 *(-2 sin(+(*(-1 $3) *(-0.75 $4)))) *(-1 sin(*(-1 $2)))))
[2017-02-07 10:07:51:233] [INFO] Stats: 14	6724	5	250	-31.715	15	0	3	0
[2017-02-07 10:07:51:234] [INFO] Start knob building, rep size=26 complexity=16
[2017-02-07 10:07:51:235] [INFO] After knob building, rep size=825 complexity=22
[2017-02-07 10:07:51:235] [INFO] Total number of field specs: 261
[2017-02-07 10:07:51:235] [INFO] Number of disc knobs mapped: 0
[2017-02-07 10:07:51:235] [INFO] Number of contin knobs mapped: 261
[2017-02-07 10:07:51:235] [INFO] Field set, in bytes: 41984
[2017-02-07 10:07:51:235] [INFO] One instance, in bytes: 352
[2017-02-07 10:07:51:235] [INFO] DemesHill: # demeID	iteration	total_steps	total_evals	microseconds	new_instances	num_instances	inst_RAM	num_evals	has_improved	best_weighted_score	delta_weighted	best_raw	delta_raw	complexity
[2017-02-07 10:07:51:235] [INFO] DemesHill: 15	1	53	6725	604	1	1	0.000335693	1	1	-42.4825	3.40282e+38	-37.9111	3.40282e+38	16
[2017-02-07 10:07:51:547] [INFO] DemesHill: 15	2	54	7247	311457	522	523	0.175568	523	1	-36.0007	6.48182	-31.715	6.1961	15
[2017-02-07 10:07:51:608] [INFO] DemesHill: 15	3	55	7367	61059	120	643	0.215851	643	0	-36.0007	0	-31.715	0	15
[2017-02-07 10:07:52:237] [INFO] Expansion 15 done
[2017-02-07 10:07:52:237] [INFO] Total number of evaluations so far: 7367
[2017-02-07 10:07:52:237] [INFO] The following candidate(s) have the best score [score=-31.7149791717529297, penalized score=-36.0006942749023438, complexity=15, complexity penalty=4.28571462631225586, diversity penalty=0]
[2017-02-07 10:07:52:237] [INFO] -31.715 /(+(4.5 *(-1 $4)) +(3 *(-2 sin(+(*(-1 $3) *(-0.75 $4)))) *(-1 sin(*(-1 $2)))))
[2017-02-07 10:07:52:238] [INFO] Stats: 15	7367	6	250	-31.715	15	0	3	0
[2017-02-07 10:07:52:239] [INFO] Start knob building, rep size=28 complexity=17
[2017-02-07 10:07:52:239] [INFO] After knob building, rep size=889 complexity=24
[2017-02-07 10:07:52:239] [INFO] Total number of field specs: 281
[2017-02-07 10:07:52:239] [INFO] Number of disc knobs mapped: 0
[2017-02-07 10:07:52:239] [INFO] Number of contin knobs mapped: 281
[2017-02-07 10:07:52:239] [INFO] Field set, in bytes: 45184
[2017-02-07 10:07:52:239] [INFO] One instance, in bytes: 376
[2017-02-07 10:07:52:239] [INFO] DemesHill: # demeID	iteration	total_steps	total_evals	microseconds	new_instances	num_instances	inst_RAM	num_evals	has_improved	best_weighted_score	delta_weighted	best_raw	delta_raw	complexity
[2017-02-07 10:07:52:240] [INFO] DemesHill: 16	1	56	7368	627	1	1	0.000358582	1	1	-36.5721	3.40282e+38	-31.715	3.40282e+38	17
[2017-02-07 10:07:52:605] [INFO] DemesHill: 16	2	57	7930	365003	562	563	0.201881	563	0	-36.5721	0	-31.715	0	17
[2017-02-07 10:07:52:673] [INFO] DemesHill: 16	3	58	8050	68303	120	683	0.244911	683	0	-36.5721	0	-31.715	0	17
[2017-02-07 10:07:53:402] [INFO] Expansion 16 done
[2017-02-07 10:07:53:402] [INFO] Total number of evaluations so far: 8050
[2017-02-07 10:07:53:402] [INFO] The following candidate(s) have the best score [score=-31.7149791717529297, penalized score=-36.0006942749023438, complexity=15, complexity penalty=4.28571462631225586, diversity penalty=0]
[2017-02-07 10:07:53:402] [INFO] -31.715 /(+(4.5 *(-1 $4)) +(3 *(-2 sin(+(*(-1 $3) *(-0.75 $4)))) *(-1 sin(*(-1 $2)))))
[2017-02-07 10:07:53:402] [INFO] Stats: 16	8050	7	250	-31.715	15	0	3	0
[2017-02-07 10:07:53:403] [INFO] Start knob building, rep size=27 complexity=16
[2017-02-07 10:07:53:403] [INFO] After knob building, rep size=1013 complexity=25
[2017-02-07 10:07:53:403] [INFO] Total number of field specs: 320
[2017-02-07 10:07:53:403] [INFO] Number of disc knobs mapped: 0
[2017-02-07 10:07:53:403] [INFO] Number of contin knobs mapped: 320
[2017-02-07 10:07:53:403] [INFO] Field set, in bytes: 51424
[2017-02-07 10:07:53:403] [INFO] One instance, in bytes: 424
[2017-02-07 10:07:53:403] [INFO] DemesHill: # demeID	iteration	total_steps	total_evals	microseconds	new_instances	num_instances	inst_RAM	num_evals	has_improved	best_weighted_score	delta_weighted	best_raw	delta_raw	complexity
[2017-02-07 10:07:53:404] [INFO] DemesHill: 17	1	59	8051	784	1	1	0.000404358	1	1	-42.4138	3.40282e+38	-37.8424	3.40282e+38	16
[2017-02-07 10:07:53:907] [INFO] DemesHill: 17	2	60	8691	502651	640	641	0.259193	641	0	-42.4138	0	-37.8424	0	16
[2017-02-07 10:07:53:995] [INFO] DemesHill: 17	3	61	8811	88238	120	761	0.307716	761	0	-42.4138	0	-37.8424	0	16
[2017-02-07 10:07:54:997] [INFO] Expansion 17 done
[2017-02-07 10:07:54:997] [INFO] Total number of evaluations so far: 8811
[2017-02-07 10:07:54:997] [INFO] The following candidate(s) have the best score [score=-31.7149791717529297, penalized score=-36.0006942749023438, complexity=15, complexity penalty=4.28571462631225586, diversity penalty=0]
[2017-02-07 10:07:54:997] [INFO] -31.715 /(+(4.5 *(-1 $4)) +(3 *(-2 sin(+(*(-1 $3) *(-0.75 $4)))) *(-1 sin(*(-1 $2)))))
[2017-02-07 10:07:54:997] [INFO] Stats: 17	8811	9	250	-31.715	15	0	3	0
[2017-02-07 10:07:54:998] [INFO] Start knob building, rep size=22 complexity=14
[2017-02-07 10:07:54:998] [INFO] After knob building, rep size=637 complexity=19
[2017-02-07 10:07:54:998] [INFO] Total number of field specs: 202
[2017-02-07 10:07:54:998] [INFO] Number of disc knobs mapped: 0
[2017-02-07 10:07:54:998] [INFO] Number of contin knobs mapped: 202
[2017-02-07 10:07:54:999] [INFO] Field set, in bytes: 32544
[2017-02-07 10:07:54:999] [INFO] One instance, in bytes: 280
[2017-02-07 10:07:54:999] [INFO] DemesHill: # demeID	iteration	total_steps	total_evals	microseconds	new_instances	num_instances	inst_RAM	num_evals	has_improved	best_weighted_score	delta_weighted	best_raw	delta_raw	complexity
[2017-02-07 10:07:54:999] [INFO] DemesHill: 18	1	62	8812	462	1	1	0.000267029	1	1	-42.8448	3.40282e+38	-38.8448	3.40282e+38	14
[2017-02-07 10:07:55:183] [INFO] DemesHill: 18	2	63	9216	184294	404	405	0.108147	405	0	-42.8448	0	-38.8448	0	14
[2017-02-07 10:07:55:229] [INFO] DemesHill: 18	3	64	9336	45898	120	525	0.14019	525	0	-42.8448	0	-38.8448	0	14
[2017-02-07 10:07:55:607] [INFO] Expansion 18 done
[2017-02-07 10:07:55:607] [INFO] Total number of evaluations so far: 9336
[2017-02-07 10:07:55:607] [INFO] The following candidate(s) have the best score [score=-31.7149791717529297, penalized score=-36.0006942749023438, complexity=15, complexity penalty=4.28571462631225586, diversity penalty=0]
[2017-02-07 10:07:55:607] [INFO] -31.715 /(+(4.5 *(-1 $4)) +(3 *(-2 sin(+(*(-1 $3) *(-0.75 $4)))) *(-1 sin(*(-1 $2)))))
[2017-02-07 10:07:55:608] [INFO] Stats: 18	9336	9	250	-31.715	15	0	3	0
[2017-02-07 10:07:55:608] [INFO] Start knob building, rep size=27 complexity=17
[2017-02-07 10:07:55:609] [INFO] After knob building, rep size=889 complexity=24
[2017-02-07 10:07:55:609] [INFO] Total number of field specs: 281
[2017-02-07 10:07:55:609] [INFO] Number of disc knobs mapped: 0
[2017-02-07 10:07:55:609] [INFO] Number of contin knobs mapped: 281
[2017-02-07 10:07:55:609] [INFO] Field set, in bytes: 45184
[2017-02-07 10:07:55:609] [INFO] One instance, in bytes: 376
[2017-02-07 10:07:55:609] [INFO] DemesHill: # demeID	iteration	total_steps	total_evals	microseconds	new_instances	num_instances	inst_RAM	num_evals	has_improved	best_weighted_score	delta_weighted	best_raw	delta_raw	complexity
[2017-02-07 10:07:55:609] [INFO] DemesHill: 19	1	65	9337	642	1	1	0.000358582	1	1	-42.862	3.40282e+38	-38.0048	3.40282e+38	17
[2017-02-07 10:07:55:971] [INFO] DemesHill: 19	2	66	9899	361126	562	563	0.201881	563	1	-37.9075	4.95448	-33.3361	4.66876	16
[2017-02-07 10:07:56:045] [INFO] DemesHill: 19	3	67	10019	73912	120	683	0.244911	683	1	-36.0007	1.90681	-31.715	1.6211	15
[2017-02-07 10:07:56:778] [INFO] Expansion 19 done
[2017-02-07 10:07:56:778] [INFO] Total number of evaluations so far: 10019
[2017-02-07 10:07:56:778] [INFO] The following candidate(s) have the best score [score=-31.7149791717529297, penalized score=-36.0006942749023438, complexity=15, complexity penalty=4.28571462631225586, diversity penalty=0]
[2017-02-07 10:07:56:778] [INFO] -31.715 /(+(4.5 *(-1 $4)) +(3 *(-2 sin(+(*(-1 $3) *(-0.75 $4)))) *(-1 sin(*(-1 $2)))))
[2017-02-07 10:07:56:778] [INFO] Stats: 19	10019	11	250	-31.715	15	0	3	1
[2017-02-07 10:07:56:780] [INFO] Best candidates:
-31.715 /(+(4.5 *(-1 $4)) +(3 *(-2 sin(+(*(-1 $3) *(-0.75 $4)))) *(-1 sin(*(-1 $2)))))  [score=-31.7149791717529297, penalized score=-36.0006942749023438, complexity=15, complexity penalty=4.28571462631225586, diversity penalty=0] demeID: 12

[2017-02-07 10:07:56:784] [INFO] Cache composite scores hits=8024 misses=1996
