[2017-02-15 07:54:36:414] [INFO] moses version 3.6.10
[2017-02-15 07:54:36:414] [INFO] hostname: TheComputer
[2017-02-15 07:54:36:414] [INFO] Command line: moses -i /tmp/tmplKmEEg --output-format python -o /tmp/tmpku1eWW -m20000
[2017-02-15 07:54:36:414] [INFO] Read data file /tmp/tmplKmEEg
[2017-02-15 07:54:36:415] [INFO] Number of rows in tables = 99
[2017-02-15 07:54:36:416] [INFO] Inferred arity = 24
[2017-02-15 07:54:36:416] [INFO] Table signature ->(boolean boolean boolean boolean boolean boolean boolean boolean boolean boolean boolean boolean boolean boolean boolean boolean boolean boolean boolean boolean boolean boolean boolean boolean boolean)
[2017-02-15 07:54:36:416] [INFO] Inferred output type: boolean
[2017-02-15 07:54:36:416] [INFO] Alphabet size = 27 output = boolean
[2017-02-15 07:54:36:416] [INFO] ctruth_table_bscore: Best possible: behavioral score: [-0 -0 -0 -0 -0 -0 -0 -0 -0 -0 -0 -0 -0 -0 -0 -0 -0 -0 -0 -0 -0 -0 -0 -0 -0 -0 -0 -0 -0 -0 -0 -0 -0 -0 -0 -0 -0 -0 -0 -0 -0 -0 -0 -0 -0 -0 -0 -0 -0 -0 -0 -0 -0 -0 -0]
[2017-02-15 07:54:36:416] [INFO] BScore complexity ratio = 3.5
[2017-02-15 07:54:36:416] [INFO] Cache composite scores
[2017-02-15 07:54:36:416] [INFO] ctruth_table_bscore: Best possible: behavioral score: [-0 -0 -0 -0 -0 -0 -0 -0 -0 -0 -0 -0 -0 -0 -0 -0 -0 -0 -0 -0 -0 -0 -0 -0 -0 -0 -0 -0 -0 -0 -0 -0 -0 -0 -0 -0 -0 -0 -0 -0 -0 -0 -0 -0 -0 -0 -0 -0 -0 -0 -0 -0 -0 -0 -0]
[2017-02-15 07:54:36:416] [INFO] Inferred target score = 0
[2017-02-15 07:54:36:416] [INFO] Subtract 0.5 (minimum significant improvement) from the target score to deal with float imprecision = -0.5
[2017-02-15 07:54:36:416] [INFO] MOSES starts, max_evals=20000 max_gens=-1 max_time=2147483647
[2017-02-15 07:54:36:416] [INFO] Stats: # 
Stats: # Stats are tab-separated, ready for graphing.
Stats: # You can also use the script parse_log.py to extract a CSV file given a moses log file.
Stats: # Column explanation:
Stats: # 
Stats: # gen is the generation number.
Stats: # num_evals is the number of scoring function evaluations so far.
Stats: # elapsed is the wall-clock time, in seconds, since start.
Stats: # metapop_size is the size of the metapopulation.
Stats: # best_score is the highest raw score seen, of all exemplars.
Stats: # complexity is in bits, of the highest-composite score exemplar.
Stats: # field_set_size is the ESTIMATED number of bits in all the knobs.
Stats: # optim_steps is the number of steps the optimizer took.
Stats: # over_budget is bool, T if search exceeded scoring func eval budget.
Stats: # 
Stats: # gen	num_evals	elapsed	metapop_size	best_score	complexity	field_set_size	optim_steps	over_budget
[2017-02-15 07:54:36:416] [INFO] Start knob building, rep size=1 complexity=0
[2017-02-15 07:54:36:437] [INFO] After knob building, rep size=580 complexity=0
[2017-02-15 07:54:36:437] [INFO] Total number of field specs: 192
[2017-02-15 07:54:36:437] [INFO] Number of disc knobs mapped: 192
[2017-02-15 07:54:36:437] [INFO] Number of contin knobs mapped: 0
[2017-02-15 07:54:36:437] [INFO] Field set, in bytes: 5600
[2017-02-15 07:54:36:437] [INFO] One instance, in bytes: 72
[2017-02-15 07:54:36:437] [INFO] DemesHill: # demeID	iteration	total_steps	total_evals	microseconds	new_instances	num_instances	inst_RAM	num_evals	has_improved	best_weighted_score	delta_weighted	best_raw	delta_raw	complexity
[2017-02-15 07:54:36:437] [INFO] DemesHill: 1	1	1	1	64	1	1	6.86646e-05	1	1	-66	3.40282e+38	-66	3.40282e+38	0
[2017-02-15 07:54:36:456] [INFO] DemesHill: 1	2	2	385	18285	384	385	0.0264359	385	1	-9.28571	56.7143	-9	57	1
[2017-02-15 07:54:36:463] [INFO] DemesHill: 1	3	3	505	7157	120	505	0.0346756	505	1	-4.57143	4.71429	-4	5	2
[2017-02-15 07:54:36:471] [INFO] DemesHill: 1	4	4	625	8270	120	625	0.0429153	625	0	-4.57143	0	-4	0	2
[2017-02-15 07:54:36:520] [INFO] Expansion 1 done
[2017-02-15 07:54:36:520] [INFO] Total number of evaluations so far: 625
[2017-02-15 07:54:36:520] [INFO] The following candidate(s) have the best score [score=-4, penalized score=-4.57142877578735352, complexity=2, complexity penalty=0.571428596973419189, diversity penalty=0]
[2017-02-15 07:54:36:520] [INFO] -4 or($15 $16)
[2017-02-15 07:54:36:520] [INFO] -4 or($16 $21)
[2017-02-15 07:54:36:520] [INFO] Stats: 1	625	0	5	-4	2	0	4	0
[2017-02-15 07:54:36:520] [INFO] Start knob building, rep size=3 complexity=2
[2017-02-15 07:54:36:561] [INFO] After knob building, rep size=643 complexity=2
[2017-02-15 07:54:36:561] [INFO] Total number of field specs: 217
[2017-02-15 07:54:36:561] [INFO] Number of disc knobs mapped: 217
[2017-02-15 07:54:36:561] [INFO] Number of contin knobs mapped: 0
[2017-02-15 07:54:36:561] [INFO] Field set, in bytes: 6300
[2017-02-15 07:54:36:561] [INFO] One instance, in bytes: 80
[2017-02-15 07:54:36:561] [INFO] DemesHill: # demeID	iteration	total_steps	total_evals	microseconds	new_instances	num_instances	inst_RAM	num_evals	has_improved	best_weighted_score	delta_weighted	best_raw	delta_raw	complexity
[2017-02-15 07:54:36:561] [INFO] DemesHill: 2	1	5	626	98	1	1	7.62939e-05	1	1	-4.57143	3.40282e+38	-4	3.40282e+38	2
[2017-02-15 07:54:36:599] [INFO] DemesHill: 2	2	6	1057	38353	431	432	0.032959	432	1	-3.85714	0.714286	-3	1	3
[2017-02-15 07:54:36:611] [INFO] DemesHill: 2	3	7	1177	11103	120	552	0.0421143	552	0	-3.85714	0	-3	0	3
[2017-02-15 07:54:36:697] [INFO] Expansion 2 done
[2017-02-15 07:54:36:697] [INFO] Total number of evaluations so far: 1177
[2017-02-15 07:54:36:697] [INFO] The following candidate(s) have the best score [score=-3, penalized score=-3.85714292526245117, complexity=3, complexity penalty=0.857142925262451172, diversity penalty=0]
[2017-02-15 07:54:36:697] [INFO] -3 and(or($15 $16) !$23)
[2017-02-15 07:54:36:697] [INFO] Stats: 2	1177	0	150	-3	3	0	3	0
[2017-02-15 07:54:36:697] [INFO] Start knob building, rep size=5 complexity=3
[2017-02-15 07:54:36:792] [INFO] After knob building, rep size=1053 complexity=3
[2017-02-15 07:54:36:792] [INFO] Total number of field specs: 350
[2017-02-15 07:54:36:792] [INFO] Number of disc knobs mapped: 350
[2017-02-15 07:54:36:792] [INFO] Number of contin knobs mapped: 0
[2017-02-15 07:54:36:792] [INFO] Field set, in bytes: 10024
[2017-02-15 07:54:36:792] [INFO] One instance, in bytes: 112
[2017-02-15 07:54:36:792] [INFO] DemesHill: # demeID	iteration	total_steps	total_evals	microseconds	new_instances	num_instances	inst_RAM	num_evals	has_improved	best_weighted_score	delta_weighted	best_raw	delta_raw	complexity
[2017-02-15 07:54:36:792] [INFO] DemesHill: 3	1	8	1178	141	1	1	0.000106812	1	1	-3.85714	3.40282e+38	-3	3.40282e+38	3
[2017-02-15 07:54:36:885] [INFO] DemesHill: 3	2	9	1861	93256	683	684	0.0730591	684	1	-3.14286	0.714286	-2	1	4
[2017-02-15 07:54:36:905] [INFO] DemesHill: 3	3	10	1981	19320	120	804	0.0858765	804	1	-2.42857	0.714286	-1	1	5
[2017-02-15 07:54:36:928] [INFO] DemesHill: 3	4	11	2101	22747	120	924	0.0986938	924	0	-2.42857	0	-1	0	5
[2017-02-15 07:54:37:178] [INFO] Expansion 3 done
[2017-02-15 07:54:37:178] [INFO] Total number of evaluations so far: 2101
[2017-02-15 07:54:37:178] [INFO] The following candidate(s) have the best score [score=-1, penalized score=-2.42857146263122559, complexity=5, complexity penalty=1.42857146263122559, diversity penalty=0]
[2017-02-15 07:54:37:178] [INFO] -1 or(and(or(!$8 !$23) !$1 $16) $15)
[2017-02-15 07:54:37:178] [INFO] -1 or(and(or($10 !$23) !$1 $16) $15)
[2017-02-15 07:54:37:178] [INFO] Stats: 3	2101	0	250	-1	5	0	4	0
[2017-02-15 07:54:37:179] [INFO] Start knob building, rep size=8 complexity=5
[2017-02-15 07:54:37:364] [INFO] After knob building, rep size=1394 complexity=5
[2017-02-15 07:54:37:364] [INFO] Total number of field specs: 462
[2017-02-15 07:54:37:364] [INFO] Number of disc knobs mapped: 462
[2017-02-15 07:54:37:364] [INFO] Number of contin knobs mapped: 0
[2017-02-15 07:54:37:364] [INFO] Field set, in bytes: 13160
[2017-02-15 07:54:37:364] [INFO] One instance, in bytes: 136
[2017-02-15 07:54:37:364] [INFO] DemesHill: # demeID	iteration	total_steps	total_evals	microseconds	new_instances	num_instances	inst_RAM	num_evals	has_improved	best_weighted_score	delta_weighted	best_raw	delta_raw	complexity
[2017-02-15 07:54:37:364] [INFO] DemesHill: 4	1	12	2102	218	1	1	0.0001297	1	1	-2.42857	3.40282e+38	-1	3.40282e+38	5
[2017-02-15 07:54:37:563] [INFO] DemesHill: 4	2	13	2987	198537	885	886	0.114914	886	0	-2.42857	0	-1	0	5
[2017-02-15 07:54:37:587] [INFO] DemesHill: 4	3	14	3107	24163	120	1006	0.130478	1006	0	-2.42857	0	-1	0	5
[2017-02-15 07:54:38:064] [INFO] Expansion 4 done
[2017-02-15 07:54:38:064] [INFO] Total number of evaluations so far: 3107
[2017-02-15 07:54:38:064] [INFO] The following candidate(s) have the best score [score=-1, penalized score=-2.42857146263122559, complexity=5, complexity penalty=1.42857146263122559, diversity penalty=0]
[2017-02-15 07:54:38:064] [INFO] -1 or(and(or(!$8 !$23) !$1 $16) $15)
[2017-02-15 07:54:38:064] [INFO] -1 or(and(or($10 !$23) !$1 $16) $15)
[2017-02-15 07:54:38:064] [INFO] Stats: 4	3107	1	498	-1	5	0	3	0
[2017-02-15 07:54:38:065] [INFO] Start knob building, rep size=8 complexity=5
[2017-02-15 07:54:38:249] [INFO] After knob building, rep size=1374 complexity=5
[2017-02-15 07:54:38:250] [INFO] Total number of field specs: 457
[2017-02-15 07:54:38:250] [INFO] Number of disc knobs mapped: 457
[2017-02-15 07:54:38:250] [INFO] Number of contin knobs mapped: 0
[2017-02-15 07:54:38:250] [INFO] Field set, in bytes: 13020
[2017-02-15 07:54:38:250] [INFO] One instance, in bytes: 136
[2017-02-15 07:54:38:250] [INFO] DemesHill: # demeID	iteration	total_steps	total_evals	microseconds	new_instances	num_instances	inst_RAM	num_evals	has_improved	best_weighted_score	delta_weighted	best_raw	delta_raw	complexity
[2017-02-15 07:54:38:250] [INFO] DemesHill: 5	1	15	3108	208	1	1	0.0001297	1	1	-2.42857	3.40282e+38	-1	3.40282e+38	5
[2017-02-15 07:54:38:438] [INFO] DemesHill: 5	2	16	3982	188145	874	875	0.113487	875	0	-2.42857	0	-1	0	5
[2017-02-15 07:54:38:464] [INFO] DemesHill: 5	3	17	4102	26183	120	995	0.129051	995	0	-2.42857	0	-1	0	5
[2017-02-15 07:54:38:925] [INFO] Expansion 5 done
[2017-02-15 07:54:38:925] [INFO] Total number of evaluations so far: 4102
[2017-02-15 07:54:38:925] [INFO] The following candidate(s) have the best score [score=-1, penalized score=-2.42857146263122559, complexity=5, complexity penalty=1.42857146263122559, diversity penalty=0]
[2017-02-15 07:54:38:925] [INFO] -1 or(and(or(!$8 !$23) !$1 $16) $15)
[2017-02-15 07:54:38:925] [INFO] -1 or(and(or($10 !$23) !$1 $16) $15)
[2017-02-15 07:54:38:925] [INFO] Stats: 5	4102	2	836	-1	5	0	3	0
[2017-02-15 07:54:38:926] [INFO] Start knob building, rep size=10 complexity=6
[2017-02-15 07:54:39:195] [INFO] After knob building, rep size=1627 complexity=6
[2017-02-15 07:54:39:195] [INFO] Total number of field specs: 541
[2017-02-15 07:54:39:195] [INFO] Number of disc knobs mapped: 541
[2017-02-15 07:54:39:195] [INFO] Number of contin knobs mapped: 0
[2017-02-15 07:54:39:195] [INFO] Field set, in bytes: 15372
[2017-02-15 07:54:39:195] [INFO] One instance, in bytes: 160
[2017-02-15 07:54:39:195] [INFO] DemesHill: # demeID	iteration	total_steps	total_evals	microseconds	new_instances	num_instances	inst_RAM	num_evals	has_improved	best_weighted_score	delta_weighted	best_raw	delta_raw	complexity
[2017-02-15 07:54:39:195] [INFO] DemesHill: 6	1	18	4103	288	1	1	0.000152588	1	1	-2.71429	3.40282e+38	-1	3.40282e+38	6
[2017-02-15 07:54:39:472] [INFO] DemesHill: 6	2	19	5137	276468	1034	1035	0.157928	1035	0	-2.42857	0.285714	-1	0	5
[2017-02-15 07:54:39:503] [INFO] DemesHill: 6	3	20	5257	31147	120	1155	0.176239	1155	0	-2.42857	0	-1	0	5
[2017-02-15 07:54:40:161] [INFO] Expansion 6 done
[2017-02-15 07:54:40:161] [INFO] Total number of evaluations so far: 5257
[2017-02-15 07:54:40:161] [INFO] The following candidate(s) have the best score [score=-1, penalized score=-2.42857146263122559, complexity=5, complexity penalty=1.42857146263122559, diversity penalty=0]
[2017-02-15 07:54:40:161] [INFO] -1 or(and(or(!$8 !$23) !$1 $16) $15)
[2017-02-15 07:54:40:161] [INFO] -1 or(and(or($10 !$23) !$1 $16) $15)
[2017-02-15 07:54:40:161] [INFO] Stats: 6	5257	3	1206	-1	5	0	3	0
[2017-02-15 07:54:40:163] [INFO] Start knob building, rep size=9 complexity=6
[2017-02-15 07:54:40:362] [INFO] After knob building, rep size=1389 complexity=6
[2017-02-15 07:54:40:362] [INFO] Total number of field specs: 459
[2017-02-15 07:54:40:363] [INFO] Number of disc knobs mapped: 459
[2017-02-15 07:54:40:363] [INFO] Number of contin knobs mapped: 0
[2017-02-15 07:54:40:363] [INFO] Field set, in bytes: 13076
[2017-02-15 07:54:40:363] [INFO] One instance, in bytes: 136
[2017-02-15 07:54:40:363] [INFO] DemesHill: # demeID	iteration	total_steps	total_evals	microseconds	new_instances	num_instances	inst_RAM	num_evals	has_improved	best_weighted_score	delta_weighted	best_raw	delta_raw	complexity
[2017-02-15 07:54:40:363] [INFO] DemesHill: 7	1	21	5258	243	1	1	0.0001297	1	1	-2.71429	3.40282e+38	-1	3.40282e+38	6
[2017-02-15 07:54:40:569] [INFO] DemesHill: 7	2	22	6135	206108	877	878	0.113876	878	0	-2.42857	0.285714	-1	0	5
[2017-02-15 07:54:40:594] [INFO] DemesHill: 7	3	23	6255	25129	120	998	0.12944	998	0	-2.42857	0	-1	0	5
[2017-02-15 07:54:41:164] [INFO] Expansion 7 done
[2017-02-15 07:54:41:164] [INFO] Total number of evaluations so far: 6255
[2017-02-15 07:54:41:165] [INFO] The following candidate(s) have the best score [score=-1, penalized score=-2.42857146263122559, complexity=5, complexity penalty=1.42857146263122559, diversity penalty=0]
[2017-02-15 07:54:41:165] [INFO] -1 or(and(or(!$8 !$23) !$1 $16) $15)
[2017-02-15 07:54:41:165] [INFO] -1 or(and(or($10 !$23) !$1 $16) $15)
[2017-02-15 07:54:41:165] [INFO] Stats: 7	6255	4	1475	-1	5	0	3	0
[2017-02-15 07:54:41:167] [INFO] Start knob building, rep size=11 complexity=7
[2017-02-15 07:54:41:462] [INFO] After knob building, rep size=1697 complexity=7
[2017-02-15 07:54:41:463] [INFO] Total number of field specs: 561
[2017-02-15 07:54:41:463] [INFO] Number of disc knobs mapped: 561
[2017-02-15 07:54:41:463] [INFO] Number of contin knobs mapped: 0
[2017-02-15 07:54:41:463] [INFO] Field set, in bytes: 15932
[2017-02-15 07:54:41:463] [INFO] One instance, in bytes: 160
[2017-02-15 07:54:41:463] [INFO] DemesHill: # demeID	iteration	total_steps	total_evals	microseconds	new_instances	num_instances	inst_RAM	num_evals	has_improved	best_weighted_score	delta_weighted	best_raw	delta_raw	complexity
[2017-02-15 07:54:41:463] [INFO] DemesHill: 8	1	24	6256	304	1	1	0.000152588	1	1	-3	3.40282e+38	-1	3.40282e+38	7
[2017-02-15 07:54:41:760] [INFO] DemesHill: 8	2	25	7311	296756	1055	1056	0.161133	1056	0	-2.71429	0.285714	-1	0	6
[2017-02-15 07:54:41:792] [INFO] DemesHill: 8	3	26	7431	31622	120	1176	0.179443	1176	0	-2.42857	0.285714	-1	0	5
[2017-02-15 07:54:42:458] [INFO] Expansion 8 done
[2017-02-15 07:54:42:458] [INFO] Total number of evaluations so far: 7431
[2017-02-15 07:54:42:458] [INFO] The following candidate(s) have the best score [score=-1, penalized score=-2.42857146263122559, complexity=5, complexity penalty=1.42857146263122559, diversity penalty=0]
[2017-02-15 07:54:42:458] [INFO] -1 or(and(or(!$8 !$23) !$1 $16) $15)
[2017-02-15 07:54:42:458] [INFO] -1 or(and(or($10 !$23) !$1 $16) $15)
[2017-02-15 07:54:42:458] [INFO] Stats: 8	7431	6	1818	-1	5	0	3	0
[2017-02-15 07:54:42:461] [INFO] Start knob building, rep size=10 complexity=6
[2017-02-15 07:54:42:758] [INFO] After knob building, rep size=1808 complexity=6
[2017-02-15 07:54:42:759] [INFO] Total number of field specs: 599
[2017-02-15 07:54:42:759] [INFO] Number of disc knobs mapped: 599
[2017-02-15 07:54:42:759] [INFO] Number of contin knobs mapped: 0
[2017-02-15 07:54:42:759] [INFO] Field set, in bytes: 16996
[2017-02-15 07:54:42:759] [INFO] One instance, in bytes: 176
[2017-02-15 07:54:42:759] [INFO] DemesHill: # demeID	iteration	total_steps	total_evals	microseconds	new_instances	num_instances	inst_RAM	num_evals	has_improved	best_weighted_score	delta_weighted	best_raw	delta_raw	complexity
[2017-02-15 07:54:42:759] [INFO] DemesHill: 9	1	27	7432	319	1	1	0.000167847	1	1	-2.71429	3.40282e+38	-1	3.40282e+38	6
[2017-02-15 07:54:43:096] [INFO] DemesHill: 9	2	28	8586	337230	1154	1155	0.193863	1155	0	-2.42857	0.285714	-1	0	5
[2017-02-15 07:54:43:126] [INFO] DemesHill: 9	3	29	8706	29654	120	1275	0.214005	1275	0	-2.42857	0	-1	0	5
[2017-02-15 07:54:43:957] [INFO] Expansion 9 done
[2017-02-15 07:54:43:957] [INFO] Total number of evaluations so far: 8706
[2017-02-15 07:54:43:957] [INFO] The following candidate(s) have the best score [score=-1, penalized score=-2.42857146263122559, complexity=5, complexity penalty=1.42857146263122559, diversity penalty=0]
[2017-02-15 07:54:43:957] [INFO] -1 or(and(or(!$8 !$23) !$1 $16) $15)
[2017-02-15 07:54:43:957] [INFO] -1 or(and(or($10 !$23) !$1 $16) $15)
[2017-02-15 07:54:43:958] [INFO] Stats: 9	8706	7	2152	-1	5	0	3	0
[2017-02-15 07:54:43:961] [INFO] Start knob building, rep size=10 complexity=6
[2017-02-15 07:54:44:248] [INFO] After knob building, rep size=1704 complexity=6
[2017-02-15 07:54:44:248] [INFO] Total number of field specs: 565
[2017-02-15 07:54:44:248] [INFO] Number of disc knobs mapped: 565
[2017-02-15 07:54:44:248] [INFO] Number of contin knobs mapped: 0
[2017-02-15 07:54:44:248] [INFO] Field set, in bytes: 16044
[2017-02-15 07:54:44:248] [INFO] One instance, in bytes: 160
[2017-02-15 07:54:44:248] [INFO] DemesHill: # demeID	iteration	total_steps	total_evals	microseconds	new_instances	num_instances	inst_RAM	num_evals	has_improved	best_weighted_score	delta_weighted	best_raw	delta_raw	complexity
[2017-02-15 07:54:44:248] [INFO] DemesHill: 10	1	30	8707	275	1	1	0.000152588	1	1	-2.71429	3.40282e+38	-1	3.40282e+38	6
[2017-02-15 07:54:44:546] [INFO] DemesHill: 10	2	31	9764	297025	1057	1058	0.161438	1058	0	-2.42857	0.285714	-1	0	5
[2017-02-15 07:54:44:574] [INFO] DemesHill: 10	3	32	9884	28927	120	1178	0.179749	1178	0	-2.42857	0	-1	0	5
[2017-02-15 07:54:45:335] [INFO] Expansion 10 done
[2017-02-15 07:54:45:335] [INFO] Total number of evaluations so far: 9884
[2017-02-15 07:54:45:335] [INFO] The following candidate(s) have the best score [score=-1, penalized score=-2.42857146263122559, complexity=5, complexity penalty=1.42857146263122559, diversity penalty=0]
[2017-02-15 07:54:45:335] [INFO] -1 or(and(or(!$8 !$23) !$1 $16) $15)
[2017-02-15 07:54:45:335] [INFO] -1 or(and(or($10 !$23) !$1 $16) $15)
[2017-02-15 07:54:45:336] [INFO] Stats: 10	9884	8	2502	-1	5	0	3	0
[2017-02-15 07:54:45:340] [INFO] Start knob building, rep size=9 complexity=6
[2017-02-15 07:54:45:540] [INFO] After knob building, rep size=1381 complexity=6
[2017-02-15 07:54:45:540] [INFO] Total number of field specs: 457
[2017-02-15 07:54:45:540] [INFO] Number of disc knobs mapped: 457
[2017-02-15 07:54:45:540] [INFO] Number of contin knobs mapped: 0
[2017-02-15 07:54:45:540] [INFO] Field set, in bytes: 13020
[2017-02-15 07:54:45:540] [INFO] One instance, in bytes: 136
[2017-02-15 07:54:45:540] [INFO] DemesHill: # demeID	iteration	total_steps	total_evals	microseconds	new_instances	num_instances	inst_RAM	num_evals	has_improved	best_weighted_score	delta_weighted	best_raw	delta_raw	complexity
[2017-02-15 07:54:45:540] [INFO] DemesHill: 11	1	33	9885	256	1	1	0.0001297	1	1	-2.71429	3.40282e+38	-1	3.40282e+38	6
[2017-02-15 07:54:45:748] [INFO] DemesHill: 11	2	34	10757	207969	872	873	0.113228	873	0	-2.42857	0.285714	-1	0	5
[2017-02-15 07:54:45:772] [INFO] DemesHill: 11	3	35	10877	24083	120	993	0.128792	993	0	-2.42857	0	-1	0	5
[2017-02-15 07:54:46:332] [INFO] Expansion 11 done
[2017-02-15 07:54:46:332] [INFO] Total number of evaluations so far: 10877
[2017-02-15 07:54:46:332] [INFO] The following candidate(s) have the best score [score=-1, penalized score=-2.42857146263122559, complexity=5, complexity penalty=1.42857146263122559, diversity penalty=0]
[2017-02-15 07:54:46:332] [INFO] -1 or(and(or(!$8 !$23) !$1 $16) $15)
[2017-02-15 07:54:46:332] [INFO] -1 or(and(or($10 !$23) !$1 $16) $15)
[2017-02-15 07:54:46:332] [INFO] Stats: 11	10877	9	2786	-1	5	0	3	0
[2017-02-15 07:54:46:337] [INFO] Start knob building, rep size=9 complexity=6
[2017-02-15 07:54:46:529] [INFO] After knob building, rep size=1333 complexity=6
[2017-02-15 07:54:46:529] [INFO] Total number of field specs: 445
[2017-02-15 07:54:46:529] [INFO] Number of disc knobs mapped: 445
[2017-02-15 07:54:46:529] [INFO] Number of contin knobs mapped: 0
[2017-02-15 07:54:46:529] [INFO] Field set, in bytes: 12684
[2017-02-15 07:54:46:529] [INFO] One instance, in bytes: 136
[2017-02-15 07:54:46:529] [INFO] DemesHill: # demeID	iteration	total_steps	total_evals	microseconds	new_instances	num_instances	inst_RAM	num_evals	has_improved	best_weighted_score	delta_weighted	best_raw	delta_raw	complexity
[2017-02-15 07:54:46:530] [INFO] DemesHill: 12	1	36	10878	269	1	1	0.0001297	1	1	-2.71429	3.40282e+38	-1	3.40282e+38	6
[2017-02-15 07:54:46:740] [INFO] DemesHill: 12	2	37	11729	210182	851	852	0.110504	852	0	-2.42857	0.285714	-1	0	5
[2017-02-15 07:54:46:765] [INFO] DemesHill: 12	3	38	11849	25303	120	972	0.126068	972	0	-2.42857	0	-1	0	5
[2017-02-15 07:54:47:329] [INFO] Expansion 12 done
[2017-02-15 07:54:47:329] [INFO] Total number of evaluations so far: 11849
[2017-02-15 07:54:47:329] [INFO] The following candidate(s) have the best score [score=-1, penalized score=-2.42857146263122559, complexity=5, complexity penalty=1.42857146263122559, diversity penalty=0]
[2017-02-15 07:54:47:329] [INFO] -1 or(and(or(!$8 !$23) !$1 $16) $15)
[2017-02-15 07:54:47:329] [INFO] -1 or(and(or($10 !$23) !$1 $16) $15)
[2017-02-15 07:54:47:329] [INFO] Stats: 12	11849	10	3054	-1	5	0	3	0
[2017-02-15 07:54:47:334] [INFO] Start knob building, rep size=10 complexity=6
[2017-02-15 07:54:47:599] [INFO] After knob building, rep size=1643 complexity=6
[2017-02-15 07:54:47:599] [INFO] Total number of field specs: 545
[2017-02-15 07:54:47:599] [INFO] Number of disc knobs mapped: 545
[2017-02-15 07:54:47:599] [INFO] Number of contin knobs mapped: 0
[2017-02-15 07:54:47:599] [INFO] Field set, in bytes: 15484
[2017-02-15 07:54:47:599] [INFO] One instance, in bytes: 160
[2017-02-15 07:54:47:599] [INFO] DemesHill: # demeID	iteration	total_steps	total_evals	microseconds	new_instances	num_instances	inst_RAM	num_evals	has_improved	best_weighted_score	delta_weighted	best_raw	delta_raw	complexity
[2017-02-15 07:54:47:600] [INFO] DemesHill: 13	1	39	11850	290	1	1	0.000152588	1	1	-2.71429	3.40282e+38	-1	3.40282e+38	6
[2017-02-15 07:54:47:880] [INFO] DemesHill: 13	2	40	12885	280597	1035	1036	0.158081	1036	0	-2.42857	0.285714	-1	0	5
[2017-02-15 07:54:47:914] [INFO] DemesHill: 13	3	41	13005	33958	120	1156	0.176392	1156	0	-2.42857	0	-1	0	5
[2017-02-15 07:54:48:768] [INFO] Expansion 13 done
[2017-02-15 07:54:48:768] [INFO] Total number of evaluations so far: 13005
[2017-02-15 07:54:48:768] [INFO] The following candidate(s) have the best score [score=-1, penalized score=-2.42857146263122559, complexity=5, complexity penalty=1.42857146263122559, diversity penalty=0]
[2017-02-15 07:54:48:768] [INFO] -1 or(and(or(!$8 !$23) !$1 $16) $15)
[2017-02-15 07:54:48:768] [INFO] -1 or(and(or($10 !$23) !$1 $16) $15)
[2017-02-15 07:54:48:769] [INFO] Stats: 13	13005	12	3482	-1	5	0	3	0
[2017-02-15 07:54:48:775] [INFO] Start knob building, rep size=10 complexity=6
[2017-02-15 07:54:49:074] [INFO] After knob building, rep size=1828 complexity=6
[2017-02-15 07:54:49:074] [INFO] Total number of field specs: 604
[2017-02-15 07:54:49:074] [INFO] Number of disc knobs mapped: 604
[2017-02-15 07:54:49:074] [INFO] Number of contin knobs mapped: 0
[2017-02-15 07:54:49:074] [INFO] Field set, in bytes: 17136
[2017-02-15 07:54:49:074] [INFO] One instance, in bytes: 176
[2017-02-15 07:54:49:074] [INFO] DemesHill: # demeID	iteration	total_steps	total_evals	microseconds	new_instances	num_instances	inst_RAM	num_evals	has_improved	best_weighted_score	delta_weighted	best_raw	delta_raw	complexity
[2017-02-15 07:54:49:074] [INFO] DemesHill: 14	1	42	13006	289	1	1	0.000167847	1	1	-2.71429	3.40282e+38	-1	3.40282e+38	6
[2017-02-15 07:54:49:427] [INFO] DemesHill: 14	2	43	14175	352365	1169	1170	0.196381	1170	0	-2.42857	0.285714	-1	0	5
[2017-02-15 07:54:49:458] [INFO] DemesHill: 14	3	44	14295	30869	120	1290	0.216522	1290	0	-2.42857	0	-1	0	5
[2017-02-15 07:54:50:485] [INFO] Expansion 14 done
[2017-02-15 07:54:50:485] [INFO] Total number of evaluations so far: 14295
[2017-02-15 07:54:50:485] [INFO] The following candidate(s) have the best score [score=-1, penalized score=-2.42857146263122559, complexity=5, complexity penalty=1.42857146263122559, diversity penalty=0]
[2017-02-15 07:54:50:485] [INFO] -1 or(and(or(!$8 !$23) !$1 $16) $15)
[2017-02-15 07:54:50:485] [INFO] -1 or(and(or($10 !$23) !$1 $16) $15)
[2017-02-15 07:54:50:485] [INFO] Stats: 14	14295	14	3809	-1	5	0	3	0
[2017-02-15 07:54:50:492] [INFO] Start knob building, rep size=10 complexity=6
[2017-02-15 07:54:50:776] [INFO] After knob building, rep size=1720 complexity=6
[2017-02-15 07:54:50:777] [INFO] Total number of field specs: 569
[2017-02-15 07:54:50:777] [INFO] Number of disc knobs mapped: 569
[2017-02-15 07:54:50:777] [INFO] Number of contin knobs mapped: 0
[2017-02-15 07:54:50:777] [INFO] Field set, in bytes: 16156
[2017-02-15 07:54:50:777] [INFO] One instance, in bytes: 160
[2017-02-15 07:54:50:777] [INFO] DemesHill: # demeID	iteration	total_steps	total_evals	microseconds	new_instances	num_instances	inst_RAM	num_evals	has_improved	best_weighted_score	delta_weighted	best_raw	delta_raw	complexity
[2017-02-15 07:54:50:777] [INFO] DemesHill: 15	1	45	14296	366	1	1	0.000152588	1	1	-2.71429	3.40282e+38	-1	3.40282e+38	6
[2017-02-15 07:54:51:082] [INFO] DemesHill: 15	2	46	15362	304186	1066	1067	0.162811	1067	0	-2.42857	0.285714	-1	0	5
[2017-02-15 07:54:51:113] [INFO] DemesHill: 15	3	47	15482	31485	120	1187	0.181122	1187	0	-2.42857	0	-1	0	5
[2017-02-15 07:54:52:098] [INFO] Expansion 15 done
[2017-02-15 07:54:52:098] [INFO] Total number of evaluations so far: 15482
[2017-02-15 07:54:52:098] [INFO] The following candidate(s) have the best score [score=-1, penalized score=-2.42857146263122559, complexity=5, complexity penalty=1.42857146263122559, diversity penalty=0]
[2017-02-15 07:54:52:098] [INFO] -1 or(and(or(!$8 !$23) !$1 $16) $15)
[2017-02-15 07:54:52:098] [INFO] -1 or(and(or($10 !$23) !$1 $16) $15)
[2017-02-15 07:54:52:099] [INFO] Stats: 15	15482	15	4128	-1	5	0	3	0
[2017-02-15 07:54:52:106] [INFO] Start knob building, rep size=10 complexity=6
[2017-02-15 07:54:52:401] [INFO] After knob building, rep size=1784 complexity=6
[2017-02-15 07:54:52:401] [INFO] Total number of field specs: 593
[2017-02-15 07:54:52:401] [INFO] Number of disc knobs mapped: 593
[2017-02-15 07:54:52:401] [INFO] Number of contin knobs mapped: 0
[2017-02-15 07:54:52:401] [INFO] Field set, in bytes: 16828
[2017-02-15 07:54:52:401] [INFO] One instance, in bytes: 168
[2017-02-15 07:54:52:401] [INFO] DemesHill: # demeID	iteration	total_steps	total_evals	microseconds	new_instances	num_instances	inst_RAM	num_evals	has_improved	best_weighted_score	delta_weighted	best_raw	delta_raw	complexity
[2017-02-15 07:54:52:402] [INFO] DemesHill: 16	1	48	15483	313	1	1	0.000160217	1	1	-2.71429	3.40282e+38	-1	3.40282e+38	6
[2017-02-15 07:54:52:748] [INFO] DemesHill: 16	2	49	16616	346838	1133	1134	0.181686	1134	0	-2.42857	0.285714	-1	0	5
[2017-02-15 07:54:52:781] [INFO] DemesHill: 16	3	50	16736	33048	120	1254	0.200912	1254	0	-2.42857	0	-1	0	5
[2017-02-15 07:54:53:912] [INFO] Expansion 16 done
[2017-02-15 07:54:53:912] [INFO] Total number of evaluations so far: 16736
[2017-02-15 07:54:53:912] [INFO] The following candidate(s) have the best score [score=-1, penalized score=-2.42857146263122559, complexity=5, complexity penalty=1.42857146263122559, diversity penalty=0]
[2017-02-15 07:54:53:912] [INFO] -1 or(and(or(!$8 !$23) !$1 $16) $15)
[2017-02-15 07:54:53:912] [INFO] -1 or(and(or($10 !$23) !$1 $16) $15)
[2017-02-15 07:54:53:912] [INFO] Stats: 16	16736	17	4447	-1	5	0	3	0
[2017-02-15 07:54:53:920] [INFO] Start knob building, rep size=9 complexity=6
[2017-02-15 07:54:54:111] [INFO] After knob building, rep size=1325 complexity=6
[2017-02-15 07:54:54:111] [INFO] Total number of field specs: 443
[2017-02-15 07:54:54:111] [INFO] Number of disc knobs mapped: 443
[2017-02-15 07:54:54:111] [INFO] Number of contin knobs mapped: 0
[2017-02-15 07:54:54:111] [INFO] Field set, in bytes: 12628
[2017-02-15 07:54:54:111] [INFO] One instance, in bytes: 136
[2017-02-15 07:54:54:111] [INFO] DemesHill: # demeID	iteration	total_steps	total_evals	microseconds	new_instances	num_instances	inst_RAM	num_evals	has_improved	best_weighted_score	delta_weighted	best_raw	delta_raw	complexity
[2017-02-15 07:54:54:111] [INFO] DemesHill: 17	1	51	16737	254	1	1	0.0001297	1	1	-2.71429	3.40282e+38	-1	3.40282e+38	6
[2017-02-15 07:54:54:310] [INFO] DemesHill: 17	2	52	17575	198802	838	839	0.108818	839	0	-2.42857	0.285714	-1	0	5
[2017-02-15 07:54:54:335] [INFO] DemesHill: 17	3	53	17695	25162	120	959	0.124382	959	0	-2.42857	0	-1	0	5
[2017-02-15 07:54:55:075] [INFO] Expansion 17 done
[2017-02-15 07:54:55:075] [INFO] Total number of evaluations so far: 17695
[2017-02-15 07:54:55:075] [INFO] The following candidate(s) have the best score [score=-1, penalized score=-2.42857146263122559, complexity=5, complexity penalty=1.42857146263122559, diversity penalty=0]
[2017-02-15 07:54:55:075] [INFO] -1 or(and(or(!$8 !$23) !$1 $16) $15)
[2017-02-15 07:54:55:075] [INFO] -1 or(and(or($10 !$23) !$1 $16) $15)
[2017-02-15 07:54:55:076] [INFO] Stats: 17	17695	18	4697	-1	5	0	3	0
[2017-02-15 07:54:55:084] [INFO] Start knob building, rep size=10 complexity=6
[2017-02-15 07:54:55:376] [INFO] After knob building, rep size=1748 complexity=6
[2017-02-15 07:54:55:376] [INFO] Total number of field specs: 584
[2017-02-15 07:54:55:377] [INFO] Number of disc knobs mapped: 584
[2017-02-15 07:54:55:377] [INFO] Number of contin knobs mapped: 0
[2017-02-15 07:54:55:377] [INFO] Field set, in bytes: 16576
[2017-02-15 07:54:55:377] [INFO] One instance, in bytes: 168
[2017-02-15 07:54:55:377] [INFO] DemesHill: # demeID	iteration	total_steps	total_evals	microseconds	new_instances	num_instances	inst_RAM	num_evals	has_improved	best_weighted_score	delta_weighted	best_raw	delta_raw	complexity
[2017-02-15 07:54:55:377] [INFO] DemesHill: 18	1	54	17696	314	1	1	0.000160217	1	1	-2.71429	3.40282e+38	-1	3.40282e+38	6
[2017-02-15 07:54:55:725] [INFO] DemesHill: 18	2	55	18832	348053	1136	1137	0.182167	1137	0	-2.42857	0.285714	-1	0	5
[2017-02-15 07:54:55:758] [INFO] DemesHill: 18	3	56	18952	32913	120	1257	0.201393	1257	0	-2.42857	0	-1	0	5
[2017-02-15 07:54:56:978] [INFO] Expansion 18 done
[2017-02-15 07:54:56:978] [INFO] Total number of evaluations so far: 18952
[2017-02-15 07:54:56:978] [INFO] The following candidate(s) have the best score [score=-1, penalized score=-2.42857146263122559, complexity=5, complexity penalty=1.42857146263122559, diversity penalty=0]
[2017-02-15 07:54:56:978] [INFO] -1 or(and(or(!$8 !$23) !$1 $16) $15)
[2017-02-15 07:54:56:978] [INFO] -1 or(and(or($10 !$23) !$1 $16) $15)
[2017-02-15 07:54:56:979] [INFO] Stats: 18	18952	20	5009	-1	5	0	3	0
[2017-02-15 07:54:56:988] [INFO] Start knob building, rep size=12 complexity=7
[2017-02-15 07:54:57:459] [INFO] After knob building, rep size=2134 complexity=7
[2017-02-15 07:54:57:460] [INFO] Total number of field specs: 707
[2017-02-15 07:54:57:460] [INFO] Number of disc knobs mapped: 707
[2017-02-15 07:54:57:460] [INFO] Number of contin knobs mapped: 0
[2017-02-15 07:54:57:460] [INFO] Field set, in bytes: 20020
[2017-02-15 07:54:57:460] [INFO] One instance, in bytes: 200
[2017-02-15 07:54:57:460] [INFO] DemesHill: # demeID	iteration	total_steps	total_evals	microseconds	new_instances	num_instances	inst_RAM	num_evals	has_improved	best_weighted_score	delta_weighted	best_raw	delta_raw	complexity
[2017-02-15 07:54:57:460] [INFO] DemesHill: 19	1	57	18953	415	1	1	0.000190735	1	1	-3	3.40282e+38	-1	3.40282e+38	7
[2017-02-15 07:54:57:899] [INFO] DemesHill: 19	2	58	20000	438172	1047	1048	0.19989	1048	1	-2.42857	0.571429	-1	0	5
[2017-02-15 07:54:59:329] [INFO] Expansion 19 done
[2017-02-15 07:54:59:329] [INFO] Total number of evaluations so far: 20000
[2017-02-15 07:54:59:329] [INFO] The following candidate(s) have the best score [score=-1, penalized score=-2.42857146263122559, complexity=5, complexity penalty=1.42857146263122559, diversity penalty=0]
[2017-02-15 07:54:59:329] [INFO] -1 or(and(or(!$8 !$23) !$1 $16) $15)
[2017-02-15 07:54:59:329] [INFO] -1 or(and(or($10 !$23) !$1 $16) $15)
[2017-02-15 07:54:59:330] [INFO] Stats: 19	20000	22	5284	-1	5	0	2	1
[2017-02-15 07:54:59:349] [INFO] Best candidates:
-1 or(and(or(!$8 !$23) !$1 $16) $15)  [score=-1, penalized score=-2.42857146263122559, complexity=5, complexity penalty=1.42857146263122559, diversity penalty=0] demeID: 3

[2017-02-15 07:54:59:362] [INFO] Cache composite scores hits=3041 misses=16960
