[2017-02-08 07:56:47:151] [INFO] moses version 3.6.10
[2017-02-08 07:56:47:151] [INFO] hostname: TheComputer
[2017-02-08 07:56:47:152] [INFO] Command line: moses -o /tmp/tmpPUp9Q8 -i merged_train.txt --output-score=0
[2017-02-08 07:56:47:152] [INFO] Read data file merged_train.txt
[2017-02-08 07:56:47:154] [INFO] Number of rows in tables = 99
[2017-02-08 07:56:47:154] [INFO] Inferred arity = 4
[2017-02-08 07:56:47:154] [INFO] Table signature ->(contin contin contin contin contin)
[2017-02-08 07:56:47:154] [INFO] Inferred output type: contin
[2017-02-08 07:56:47:154] [INFO] Alphabet size = 12 output = contin
[2017-02-08 07:56:47:154] [INFO] BScore complexity ratio = 3.5
[2017-02-08 07:56:47:154] [INFO] Cache composite scores
[2017-02-08 07:56:47:154] [INFO] Inferred target score = 0
[2017-02-08 07:56:47:154] [INFO] Subtract 0 (minimum significant improvement) from the target score to deal with float imprecision = 0
[2017-02-08 07:56:47:154] [INFO] MOSES starts, max_evals=10000 max_gens=-1 max_time=2147483647
[2017-02-08 07:56:47:154] [INFO] Stats: # 
Stats: # Stats are tab-separated, ready for graphing.
Stats: # You can also use the script parse_log.py to extract a CSV file given a moses log file.
Stats: # Column explanation:
Stats: # 
Stats: # gen is the generation number.
Stats: # num_evals is the number of scoring function evaluations so far.
Stats: # elapsed is the wall-clock time, in seconds, since start.
Stats: # metapop_size is the size of the metapopulation.
Stats: # best_score is the highest raw score seen, of all exemplars.
Stats: # complexity is in bits, of the highest-composite score exemplar.
Stats: # field_set_size is the ESTIMATED number of bits in all the knobs.
Stats: # optim_steps is the number of steps the optimizer took.
Stats: # over_budget is bool, T if search exceeded scoring func eval budget.
Stats: # 
Stats: # gen	num_evals	elapsed	metapop_size	best_score	complexity	field_set_size	optim_steps	over_budget
[2017-02-08 07:56:47:154] [INFO] Start knob building, rep size=1 complexity=1
[2017-02-08 07:56:47:154] [INFO] After knob building, rep size=129 complexity=5
[2017-02-08 07:56:47:155] [INFO] Total number of field specs: 42
[2017-02-08 07:56:47:155] [INFO] Number of disc knobs mapped: 0
[2017-02-08 07:56:47:155] [INFO] Number of contin knobs mapped: 42
[2017-02-08 07:56:47:155] [INFO] Field set, in bytes: 6944
[2017-02-08 07:56:47:155] [INFO] One instance, in bytes: 80
[2017-02-08 07:56:47:155] [INFO] DemesHill: # demeID	iteration	total_steps	total_evals	microseconds	new_instances	num_instances	inst_RAM	num_evals	has_improved	best_weighted_score	delta_weighted	best_raw	delta_raw	complexity
[2017-02-08 07:56:47:155] [INFO] DemesHill: 1	1	1	1	166	1	1	7.62939e-05	1	1	-165.286	3.40282e+38	-165	3.40282e+38	1
[2017-02-08 07:56:47:164] [WARN] The following instance could not be evaluated: [|1|1|0|0|0|0|0|0|-1|0|0|0|0|0|0|0|0|0|0|0|0|0|0|0|0|0|0|0|0|0|0|0|0|0|0|0|0|0|0|0|0|0]
Unreduced tree: +(/(*(+(0 *(0 sin(+(*(0 $1) *(0 $2) *(0 $3) *(0 $4)))) *(-1 log(+(*(0 $1) *(0 $2) *(0 $3) *(0 $4)))) *(0 exp(+(*(0 $1) *(0 $2) *(0 $3) *(0 $4)))) *(0 $1) *(0 $2) *(0 $3) *(0 $4)) 1) +(1 *(0 sin(+(*(0 $1) *(0 $2) *(0 $3) *(0 $4)))) *(0 log(+(*(0 $1) *(0 $2) *(0 $3) *(0 $4)))) *(0 exp(+(*(0 $1) *(0 $2) *(0 $3) *(0 $4)))) *(0 $1) *(0 $2) *(0 $3) *(0 $4))) 0)
reduced tree: -inf
[2017-02-08 07:56:47:165] [WARN] The following instance could not be evaluated: [|1|1|0|0|0|0|0|0|1|0|0|0|0|0|0|0|0|0|0|0|0|0|0|0|0|0|0|0|0|0|0|0|0|0|0|0|0|0|0|0|0|0]
Unreduced tree: +(/(*(+(0 *(0 sin(+(*(0 $1) *(0 $2) *(0 $3) *(0 $4)))) *(1 log(+(*(0 $1) *(0 $2) *(0 $3) *(0 $4)))) *(0 exp(+(*(0 $1) *(0 $2) *(0 $3) *(0 $4)))) *(0 $1) *(0 $2) *(0 $3) *(0 $4)) 1) +(1 *(0 sin(+(*(0 $1) *(0 $2) *(0 $3) *(0 $4)))) *(0 log(+(*(0 $1) *(0 $2) *(0 $3) *(0 $4)))) *(0 exp(+(*(0 $1) *(0 $2) *(0 $3) *(0 $4)))) *(0 $1) *(0 $2) *(0 $3) *(0 $4))) 0)
reduced tree: -inf
[2017-02-08 07:56:47:166] [INFO] DemesHill: 1	2	2	85	10619	84	85	0.00648499	85	1	-66.2857	99	-66	99	1
[2017-02-08 07:56:47:173] [WARN] The following instance could not be evaluated: [|1|1|0|0|0|0|0|0|-1|0|0|0|0|0|0|0|0|0|0|0|0|0|0|0|0|0|0|0|0|0|0|0|0|0|0|0|0|0|0|0|0|1]
Unreduced tree: +(/(*(+(0 *(0 sin(+(*(0 $1) *(0 $2) *(0 $3) *(0 $4)))) *(-1 log(+(*(0 $1) *(0 $2) *(0 $3) *(0 $4)))) *(0 exp(+(*(0 $1) *(0 $2) *(0 $3) *(0 $4)))) *(0 $1) *(0 $2) *(0 $3) *(0 $4)) 1) +(1 *(0 sin(+(*(0 $1) *(0 $2) *(0 $3) *(0 $4)))) *(0 log(+(*(0 $1) *(0 $2) *(0 $3) *(0 $4)))) *(0 exp(+(*(0 $1) *(0 $2) *(0 $3) *(0 $4)))) *(0 $1) *(0 $2) *(0 $3) *(0 $4))) 1)
reduced tree: -inf
[2017-02-08 07:56:47:174] [WARN] The following instance could not be evaluated: [|1|1|0|0|0|0|0|0|1|0|0|0|0|0|0|0|0|0|0|0|0|0|0|0|0|0|0|0|0|0|0|0|0|0|0|0|0|0|0|0|0|1]
Unreduced tree: +(/(*(+(0 *(0 sin(+(*(0 $1) *(0 $2) *(0 $3) *(0 $4)))) *(1 log(+(*(0 $1) *(0 $2) *(0 $3) *(0 $4)))) *(0 exp(+(*(0 $1) *(0 $2) *(0 $3) *(0 $4)))) *(0 $1) *(0 $2) *(0 $3) *(0 $4)) 1) +(1 *(0 sin(+(*(0 $1) *(0 $2) *(0 $3) *(0 $4)))) *(0 log(+(*(0 $1) *(0 $2) *(0 $3) *(0 $4)))) *(0 exp(+(*(0 $1) *(0 $2) *(0 $3) *(0 $4)))) *(0 $1) *(0 $2) *(0 $3) *(0 $4))) 1)
reduced tree: -inf
[2017-02-08 07:56:47:175] [INFO] DemesHill: 1	3	3	171	9597	86	171	0.0130463	171	0	-66.2857	0	-66	0	1
[2017-02-08 07:56:47:183] [INFO] DemesHill: 1	4	4	291	7886	120	291	0.0222015	291	0	-66.2857	0	-66	0	1
[2017-02-08 07:56:47:221] [INFO] Expansion 1 done
[2017-02-08 07:56:47:221] [INFO] Total number of evaluations so far: 291
[2017-02-08 07:56:47:221] [INFO] The following candidate(s) have the best score [score=-66, penalized score=-66.2857131958007812, complexity=1, complexity penalty=0.285714298486709595, diversity penalty=0]
[2017-02-08 07:56:47:221] [INFO] -66 1
[2017-02-08 07:56:47:221] [INFO] Stats: 1	291	0	22	-66	1	0	4	0
[2017-02-08 07:56:47:221] [INFO] Start knob building, rep size=1 complexity=1
[2017-02-08 07:56:47:222] [INFO] After knob building, rep size=129 complexity=5
[2017-02-08 07:56:47:222] [INFO] Total number of field specs: 42
[2017-02-08 07:56:47:222] [INFO] Number of disc knobs mapped: 0
[2017-02-08 07:56:47:222] [INFO] Number of contin knobs mapped: 42
[2017-02-08 07:56:47:222] [INFO] Field set, in bytes: 6944
[2017-02-08 07:56:47:222] [INFO] One instance, in bytes: 80
[2017-02-08 07:56:47:222] [INFO] DemesHill: # demeID	iteration	total_steps	total_evals	microseconds	new_instances	num_instances	inst_RAM	num_evals	has_improved	best_weighted_score	delta_weighted	best_raw	delta_raw	complexity
[2017-02-08 07:56:47:222] [INFO] DemesHill: 2	1	5	292	98	1	1	7.62939e-05	1	1	-66.2857	3.40282e+38	-66	3.40282e+38	1
[2017-02-08 07:56:47:222] [WARN] The following instance could not be evaluated: [|1|1|1|0|0|0|0|0|0|0|0|0|0|0|0|0|0|0|0|0|0|0|0|0|0|0|0|0|0|0|0|0|0|0|0|0|0|0|0|0|-1|0]
Unreduced tree: +(/(*(+(1 *(0 sin(+(*(0 $1) *(0 $2) *(0 $3) *(0 $4)))) *(0 log(+(*(0 $1) *(0 $2) *(0 $3) *(0 $4)))) *(0 exp(+(*(0 $1) *(0 $2) *(0 $3) *(0 $4)))) *(0 $1) *(0 $2) *(0 $3) *(0 $4)) 1) +(1 *(0 sin(+(*(0 $1) *(0 $2) *(0 $3) *(0 $4)))) *(0 log(+(*(0 $1) *(0 $2) *(0 $3) *(0 $4)))) *(0 exp(+(*(0 $1) *(0 $2) *(0 $3) *(0 $4)))) *(0 $1) *(0 $2) *(0 $3) *(-1 $4))) 0)
reduced tree: /(1 +(1 *(-1 $4)))
[2017-02-08 07:56:47:223] [WARN] The following instance could not be evaluated: [|1|1|1|0|0|0|0|0|0|0|0|0|0|0|0|0|0|0|0|0|0|0|0|0|0|0|0|0|0|0|0|0|0|0|0|0|0|0|0|-1|0|0]
Unreduced tree: +(/(*(+(1 *(0 sin(+(*(0 $1) *(0 $2) *(0 $3) *(0 $4)))) *(0 log(+(*(0 $1) *(0 $2) *(0 $3) *(0 $4)))) *(0 exp(+(*(0 $1) *(0 $2) *(0 $3) *(0 $4)))) *(0 $1) *(0 $2) *(0 $3) *(0 $4)) 1) +(1 *(0 sin(+(*(0 $1) *(0 $2) *(0 $3) *(0 $4)))) *(0 log(+(*(0 $1) *(0 $2) *(0 $3) *(0 $4)))) *(0 exp(+(*(0 $1) *(0 $2) *(0 $3) *(0 $4)))) *(0 $1) *(0 $2) *(-1 $3) *(0 $4))) 0)
reduced tree: /(1 +(1 *(-1 $3)))
[2017-02-08 07:56:47:224] [WARN] The following instance could not be evaluated: [|1|1|1|0|0|0|0|0|0|0|0|0|0|0|0|0|0|0|0|0|0|0|0|0|0|0|0|0|0|0|0|0|-1|0|0|0|0|0|0|0|0|0]
Unreduced tree: +(/(*(+(1 *(0 sin(+(*(0 $1) *(0 $2) *(0 $3) *(0 $4)))) *(0 log(+(*(0 $1) *(0 $2) *(0 $3) *(0 $4)))) *(0 exp(+(*(0 $1) *(0 $2) *(0 $3) *(0 $4)))) *(0 $1) *(0 $2) *(0 $3) *(0 $4)) 1) +(1 *(0 sin(+(*(0 $1) *(0 $2) *(0 $3) *(0 $4)))) *(0 log(+(*(0 $1) *(0 $2) *(0 $3) *(0 $4)))) *(-1 exp(+(*(0 $1) *(0 $2) *(0 $3) *(0 $4)))) *(0 $1) *(0 $2) *(0 $3) *(0 $4))) 0)
reduced tree: inf
[2017-02-08 07:56:47:225] [WARN] The following instance could not be evaluated: [|1|1|1|0|0|0|0|0|0|0|0|0|0|0|0|0|0|0|0|0|0|0|0|0|0|0|0|-1|0|0|0|0|0|0|0|0|0|0|0|0|0|0]
Unreduced tree: +(/(*(+(1 *(0 sin(+(*(0 $1) *(0 $2) *(0 $3) *(0 $4)))) *(0 log(+(*(0 $1) *(0 $2) *(0 $3) *(0 $4)))) *(0 exp(+(*(0 $1) *(0 $2) *(0 $3) *(0 $4)))) *(0 $1) *(0 $2) *(0 $3) *(0 $4)) 1) +(1 *(0 sin(+(*(0 $1) *(0 $2) *(0 $3) *(0 $4)))) *(-1 log(+(*(0 $1) *(0 $2) *(0 $3) *(0 $4)))) *(0 exp(+(*(0 $1) *(0 $2) *(0 $3) *(0 $4)))) *(0 $1) *(0 $2) *(0 $3) *(0 $4))) 0)
reduced tree: -inf
[2017-02-08 07:56:47:226] [WARN] The following instance could not be evaluated: [|1|1|1|0|0|0|0|0|0|0|0|0|0|0|0|0|0|0|0|0|0|0|0|0|0|0|0|1|0|0|0|0|0|0|0|0|0|0|0|0|0|0]
Unreduced tree: +(/(*(+(1 *(0 sin(+(*(0 $1) *(0 $2) *(0 $3) *(0 $4)))) *(0 log(+(*(0 $1) *(0 $2) *(0 $3) *(0 $4)))) *(0 exp(+(*(0 $1) *(0 $2) *(0 $3) *(0 $4)))) *(0 $1) *(0 $2) *(0 $3) *(0 $4)) 1) +(1 *(0 sin(+(*(0 $1) *(0 $2) *(0 $3) *(0 $4)))) *(1 log(+(*(0 $1) *(0 $2) *(0 $3) *(0 $4)))) *(0 exp(+(*(0 $1) *(0 $2) *(0 $3) *(0 $4)))) *(0 $1) *(0 $2) *(0 $3) *(0 $4))) 0)
reduced tree: -inf
[2017-02-08 07:56:47:229] [WARN] The following instance could not be evaluated: [|1|1|1|0|0|0|0|0|-1|0|0|0|0|0|0|0|0|0|0|0|0|0|0|0|0|0|0|0|0|0|0|0|0|0|0|0|0|0|0|0|0|0]
Unreduced tree: +(/(*(+(1 *(0 sin(+(*(0 $1) *(0 $2) *(0 $3) *(0 $4)))) *(-1 log(+(*(0 $1) *(0 $2) *(0 $3) *(0 $4)))) *(0 exp(+(*(0 $1) *(0 $2) *(0 $3) *(0 $4)))) *(0 $1) *(0 $2) *(0 $3) *(0 $4)) 1) +(1 *(0 sin(+(*(0 $1) *(0 $2) *(0 $3) *(0 $4)))) *(0 log(+(*(0 $1) *(0 $2) *(0 $3) *(0 $4)))) *(0 exp(+(*(0 $1) *(0 $2) *(0 $3) *(0 $4)))) *(0 $1) *(0 $2) *(0 $3) *(0 $4))) 0)
reduced tree: -inf
[2017-02-08 07:56:47:230] [WARN] The following instance could not be evaluated: [|1|1|1|0|0|0|0|0|1|0|0|0|0|0|0|0|0|0|0|0|0|0|0|0|0|0|0|0|0|0|0|0|0|0|0|0|0|0|0|0|0|0]
Unreduced tree: +(/(*(+(1 *(0 sin(+(*(0 $1) *(0 $2) *(0 $3) *(0 $4)))) *(1 log(+(*(0 $1) *(0 $2) *(0 $3) *(0 $4)))) *(0 exp(+(*(0 $1) *(0 $2) *(0 $3) *(0 $4)))) *(0 $1) *(0 $2) *(0 $3) *(0 $4)) 1) +(1 *(0 sin(+(*(0 $1) *(0 $2) *(0 $3) *(0 $4)))) *(0 log(+(*(0 $1) *(0 $2) *(0 $3) *(0 $4)))) *(0 exp(+(*(0 $1) *(0 $2) *(0 $3) *(0 $4)))) *(0 $1) *(0 $2) *(0 $3) *(0 $4))) 0)
reduced tree: -inf
[2017-02-08 07:56:47:231] [WARN] The following instance could not be evaluated: [|1|1|0|0|0|0|0|0|0|0|0|0|0|0|0|0|0|0|0|0|0|0|0|0|0|0|0|0|0|0|0|0|0|0|0|0|0|0|0|0|0|0]
Unreduced tree: +(/(*(+(1 *(0 sin(+(*(0 $1) *(0 $2) *(0 $3) *(0 $4)))) *(0 log(+(*(0 $1) *(0 $2) *(0 $3) *(0 $4)))) *(0 exp(+(*(0 $1) *(0 $2) *(0 $3) *(0 $4)))) *(0 $1) *(0 $2) *(0 $3) *(0 $4)) 1) +(0 *(0 sin(+(*(0 $1) *(0 $2) *(0 $3) *(0 $4)))) *(0 log(+(*(0 $1) *(0 $2) *(0 $3) *(0 $4)))) *(0 exp(+(*(0 $1) *(0 $2) *(0 $3) *(0 $4)))) *(0 $1) *(0 $2) *(0 $3) *(0 $4))) 0)
reduced tree: inf
[2017-02-08 07:56:47:231] [INFO] DemesHill: 2	2	6	376	9124	84	85	0.00648499	85	0	-66.2857	0	-66	0	1
[2017-02-08 07:56:47:240] [INFO] DemesHill: 2	3	7	496	8723	120	205	0.0156403	205	0	-66.2857	0	-66	0	1
[2017-02-08 07:56:47:269] [INFO] Expansion 2 done
[2017-02-08 07:56:47:269] [INFO] Total number of evaluations so far: 496
[2017-02-08 07:56:47:269] [INFO] The following candidate(s) have the best score [score=-66, penalized score=-66.2857131958007812, complexity=1, complexity penalty=0.285714298486709595, diversity penalty=0]
[2017-02-08 07:56:47:269] [INFO] -66 1
[2017-02-08 07:56:47:269] [INFO] Stats: 2	496	0	37	-66	1	0	3	0
[2017-02-08 07:56:47:269] [INFO] Start knob building, rep size=10 complexity=7
[2017-02-08 07:56:47:269] [INFO] After knob building, rep size=319 complexity=10
[2017-02-08 07:56:47:269] [INFO] Total number of field specs: 102
[2017-02-08 07:56:47:269] [INFO] Number of disc knobs mapped: 0
[2017-02-08 07:56:47:269] [INFO] Number of contin knobs mapped: 102
[2017-02-08 07:56:47:269] [INFO] Field set, in bytes: 16544
[2017-02-08 07:56:47:269] [INFO] One instance, in bytes: 152
[2017-02-08 07:56:47:269] [INFO] DemesHill: # demeID	iteration	total_steps	total_evals	microseconds	new_instances	num_instances	inst_RAM	num_evals	has_improved	best_weighted_score	delta_weighted	best_raw	delta_raw	complexity
[2017-02-08 07:56:47:269] [INFO] DemesHill: 3	1	8	497	227	1	1	0.000144958	1	1	-86.1113	3.40282e+38	-84.1113	3.40282e+38	7
[2017-02-08 07:56:47:308] [WARN] The following instance could not be evaluated: [|1|1|1|0|0|0|0|0|-1|0|0|0|0|0|0|0|0|0|0|0|0|0|0|0|0|0|0|0|0|0|0|0|0|0|0|0|0|0|0|0|0|0|0|0|0|0|0|0|0|0|0|0|0|0|0|0|0|0|0|0|0|0|0|0|0|0|0|0|0|0|0|0|0|0|0|0|0|0|0|0|0|0|0|0|0|0|0|0|0|0|0|0|0|0|0|0|0|0|0|0|-1|-1]
Unreduced tree: +(/(*(+(1 *(0 sin(+(*(0 $1) *(0 $2) *(0 $3) *(0 $4)))) *(-1 log(+(*(0 $1) *(0 $2) *(0 $3) *(0 $4)))) *(0 exp(+(*(0 $1) *(0 $2) *(0 $3) *(0 $4)))) *(0 $1) *(0 $2) *(0 $3) *(0 $4)) 1) +(*(sin(+(*($4 +(-1 *(0 sin(+(*(0 $1) *(0 $2) *(0 $3) *(0 $4)))) *(0 log(+(*(0 $1) *(0 $2) *(0 $3) *(0 $4)))) *(0 exp(+(*(0 $1) *(0 $2) *(0 $3) *(0 $4)))) *(0 $1) *(0 $2) *(0 $3) *(0 $4))) 0 *(0 sin(+(*(0 $1) *(0 $2) *(0 $3) *(0 $4)))) *(0 log(+(*(0 $1) *(0 $2) *(0 $3) *(0 $4)))) *(0 exp(+(*(0 $1) *(0 $2) *(0 $3) *(0 $4)))) *(0 $1) *(0 $2) *(0 $3) *(0 $4))) +(-1 *(0 sin(+(*(0 $1) *(0 $2) *(0 $3) *(0 $4)))) *(0 log(+(*(0 $1) *(0 $2) *(0 $3) *(0 $4)))) *(0 exp(+(*(0 $1) *(0 $2) *(0 $3) *(0 $4)))) *(0 $1) *(0 $2) *(0 $3) *(0 $4))) 1 *(0 sin(+(*(0 $1) *(0 $2) *(0 $3) *(0 $4)))) *(0 log(+(*(0 $1) *(0 $2) *(0 $3) *(0 $4)))) *(0 exp(+(*(0 $1) *(0 $2) *(0 $3) *(0 $4)))) *(0 $1) *(0 $2) *(0 $3) *(0 $4))) 0)
reduced tree: /(-inf +(1 *(-1 sin(*(-1 $4)))))
[2017-02-08 07:56:47:309] [WARN] The following instance could not be evaluated: [|1|1|1|0|0|0|0|0|1|0|0|0|0|0|0|0|0|0|0|0|0|0|0|0|0|0|0|0|0|0|0|0|0|0|0|0|0|0|0|0|0|0|0|0|0|0|0|0|0|0|0|0|0|0|0|0|0|0|0|0|0|0|0|0|0|0|0|0|0|0|0|0|0|0|0|0|0|0|0|0|0|0|0|0|0|0|0|0|0|0|0|0|0|0|0|0|0|0|0|0|-1|-1]
Unreduced tree: +(/(*(+(1 *(0 sin(+(*(0 $1) *(0 $2) *(0 $3) *(0 $4)))) *(1 log(+(*(0 $1) *(0 $2) *(0 $3) *(0 $4)))) *(0 exp(+(*(0 $1) *(0 $2) *(0 $3) *(0 $4)))) *(0 $1) *(0 $2) *(0 $3) *(0 $4)) 1) +(*(sin(+(*($4 +(-1 *(0 sin(+(*(0 $1) *(0 $2) *(0 $3) *(0 $4)))) *(0 log(+(*(0 $1) *(0 $2) *(0 $3) *(0 $4)))) *(0 exp(+(*(0 $1) *(0 $2) *(0 $3) *(0 $4)))) *(0 $1) *(0 $2) *(0 $3) *(0 $4))) 0 *(0 sin(+(*(0 $1) *(0 $2) *(0 $3) *(0 $4)))) *(0 log(+(*(0 $1) *(0 $2) *(0 $3) *(0 $4)))) *(0 exp(+(*(0 $1) *(0 $2) *(0 $3) *(0 $4)))) *(0 $1) *(0 $2) *(0 $3) *(0 $4))) +(-1 *(0 sin(+(*(0 $1) *(0 $2) *(0 $3) *(0 $4)))) *(0 log(+(*(0 $1) *(0 $2) *(0 $3) *(0 $4)))) *(0 exp(+(*(0 $1) *(0 $2) *(0 $3) *(0 $4)))) *(0 $1) *(0 $2) *(0 $3) *(0 $4))) 1 *(0 sin(+(*(0 $1) *(0 $2) *(0 $3) *(0 $4)))) *(0 log(+(*(0 $1) *(0 $2) *(0 $3) *(0 $4)))) *(0 exp(+(*(0 $1) *(0 $2) *(0 $3) *(0 $4)))) *(0 $1) *(0 $2) *(0 $3) *(0 $4))) 0)
reduced tree: /(-inf +(1 *(-1 sin(*(-1 $4)))))
[2017-02-08 07:56:47:312] [INFO] DemesHill: 3	2	9	701	42529	204	205	0.0297165	205	1	-66.2857	19.8256	-66	18.1113	1
[2017-02-08 07:56:47:334] [INFO] DemesHill: 3	3	10	821	22013	120	325	0.0471115	325	0	-66.2857	0	-66	0	1
[2017-02-08 07:56:47:440] [INFO] Expansion 3 done
[2017-02-08 07:56:47:440] [INFO] Total number of evaluations so far: 821
[2017-02-08 07:56:47:440] [INFO] The following candidate(s) have the best score [score=-66, penalized score=-66.2857131958007812, complexity=1, complexity penalty=0.285714298486709595, diversity penalty=0]
[2017-02-08 07:56:47:440] [INFO] -66 1
[2017-02-08 07:56:47:440] [INFO] Stats: 3	821	0	87	-66	1	0	3	0
[2017-02-08 07:56:47:440] [INFO] Start knob building, rep size=10 complexity=7
[2017-02-08 07:56:47:440] [INFO] After knob building, rep size=319 complexity=10
[2017-02-08 07:56:47:441] [INFO] Total number of field specs: 102
[2017-02-08 07:56:47:441] [INFO] Number of disc knobs mapped: 0
[2017-02-08 07:56:47:441] [INFO] Number of contin knobs mapped: 102
[2017-02-08 07:56:47:441] [INFO] Field set, in bytes: 16544
[2017-02-08 07:56:47:441] [INFO] One instance, in bytes: 152
[2017-02-08 07:56:47:441] [INFO] DemesHill: # demeID	iteration	total_steps	total_evals	microseconds	new_instances	num_instances	inst_RAM	num_evals	has_improved	best_weighted_score	delta_weighted	best_raw	delta_raw	complexity
[2017-02-08 07:56:47:441] [INFO] DemesHill: 4	1	11	822	449	1	1	0.000144958	1	1	-84.9596	3.40282e+38	-82.9596	3.40282e+38	7
[2017-02-08 07:56:47:480] [WARN] The following instance could not be evaluated: [|2|1|1|0|0|0|0|0|-1|0|0|0|0|0|0|0|0|0|0|0|0|0|0|0|0|0|0|0|0|0|0|0|0|0|0|0|0|0|0|0|0|0|0|0|0|0|0|0|0|0|0|0|0|0|0|0|0|0|0|0|0|0|0|0|0|0|0|0|0|0|0|0|0|0|0|0|0|0|0|0|0|0|0|0|0|0|0|0|0|0|0|0|0|0|0|0|0|0|0|0|-1|-1]
Unreduced tree: +(/(*(+(2 *(0 sin(+(*(0 $1) *(0 $2) *(0 $3) *(0 $4)))) *(-1 log(+(*(0 $1) *(0 $2) *(0 $3) *(0 $4)))) *(0 exp(+(*(0 $1) *(0 $2) *(0 $3) *(0 $4)))) *(0 $1) *(0 $2) *(0 $3) *(0 $4)) 1) +(*(sin(+(*($4 +(-1 *(0 sin(+(*(0 $1) *(0 $2) *(0 $3) *(0 $4)))) *(0 log(+(*(0 $1) *(0 $2) *(0 $3) *(0 $4)))) *(0 exp(+(*(0 $1) *(0 $2) *(0 $3) *(0 $4)))) *(0 $1) *(0 $2) *(0 $3) *(0 $4))) 0 *(0 sin(+(*(0 $1) *(0 $2) *(0 $3) *(0 $4)))) *(0 log(+(*(0 $1) *(0 $2) *(0 $3) *(0 $4)))) *(0 exp(+(*(0 $1) *(0 $2) *(0 $3) *(0 $4)))) *(0 $1) *(0 $2) *(0 $3) *(0 $4))) +(-1 *(0 sin(+(*(0 $1) *(0 $2) *(0 $3) *(0 $4)))) *(0 log(+(*(0 $1) *(0 $2) *(0 $3) *(0 $4)))) *(0 exp(+(*(0 $1) *(0 $2) *(0 $3) *(0 $4)))) *(0 $1) *(0 $2) *(0 $3) *(0 $4))) 1 *(0 sin(+(*(0 $1) *(0 $2) *(0 $3) *(0 $4)))) *(0 log(+(*(0 $1) *(0 $2) *(0 $3) *(0 $4)))) *(0 exp(+(*(0 $1) *(0 $2) *(0 $3) *(0 $4)))) *(0 $1) *(0 $2) *(0 $3) *(0 $4))) 0)
reduced tree: /(-inf +(1 *(-1 sin(*(-1 $4)))))
[2017-02-08 07:56:47:481] [WARN] The following instance could not be evaluated: [|2|1|1|0|0|0|0|0|1|0|0|0|0|0|0|0|0|0|0|0|0|0|0|0|0|0|0|0|0|0|0|0|0|0|0|0|0|0|0|0|0|0|0|0|0|0|0|0|0|0|0|0|0|0|0|0|0|0|0|0|0|0|0|0|0|0|0|0|0|0|0|0|0|0|0|0|0|0|0|0|0|0|0|0|0|0|0|0|0|0|0|0|0|0|0|0|0|0|0|0|-1|-1]
Unreduced tree: +(/(*(+(2 *(0 sin(+(*(0 $1) *(0 $2) *(0 $3) *(0 $4)))) *(1 log(+(*(0 $1) *(0 $2) *(0 $3) *(0 $4)))) *(0 exp(+(*(0 $1) *(0 $2) *(0 $3) *(0 $4)))) *(0 $1) *(0 $2) *(0 $3) *(0 $4)) 1) +(*(sin(+(*($4 +(-1 *(0 sin(+(*(0 $1) *(0 $2) *(0 $3) *(0 $4)))) *(0 log(+(*(0 $1) *(0 $2) *(0 $3) *(0 $4)))) *(0 exp(+(*(0 $1) *(0 $2) *(0 $3) *(0 $4)))) *(0 $1) *(0 $2) *(0 $3) *(0 $4))) 0 *(0 sin(+(*(0 $1) *(0 $2) *(0 $3) *(0 $4)))) *(0 log(+(*(0 $1) *(0 $2) *(0 $3) *(0 $4)))) *(0 exp(+(*(0 $1) *(0 $2) *(0 $3) *(0 $4)))) *(0 $1) *(0 $2) *(0 $3) *(0 $4))) +(-1 *(0 sin(+(*(0 $1) *(0 $2) *(0 $3) *(0 $4)))) *(0 log(+(*(0 $1) *(0 $2) *(0 $3) *(0 $4)))) *(0 exp(+(*(0 $1) *(0 $2) *(0 $3) *(0 $4)))) *(0 $1) *(0 $2) *(0 $3) *(0 $4))) 1 *(0 sin(+(*(0 $1) *(0 $2) *(0 $3) *(0 $4)))) *(0 log(+(*(0 $1) *(0 $2) *(0 $3) *(0 $4)))) *(0 exp(+(*(0 $1) *(0 $2) *(0 $3) *(0 $4)))) *(0 $1) *(0 $2) *(0 $3) *(0 $4))) 0)
reduced tree: /(-inf +(1 *(-1 sin(*(-1 $4)))))
[2017-02-08 07:56:47:484] [INFO] DemesHill: 4	2	12	1026	42710	204	205	0.0297165	205	1	-66.2857	18.6739	-66	16.9596	1
[2017-02-08 07:56:47:493] [WARN] The following instance could not be evaluated: [|2|1|1|0|0|0|0|0|0|0|0|0|0|0|0|0|0|0|0|0|0|0|0|0|0|0|0|0|0|0|0|0|0|0|0|0|0|0|0|0|0|0|0|0|0|0|0|0|0|0|0|0|0|0|0|0|0|0|0|0|0|0|0|0|0|0|-1|0|0|0|-1|0|0|0|0|0|0|0|0|0|0|0|0|0|0|0|0|0|0|0|0|0|0|0|0|0|0|0|0|0|-1|-1]
Unreduced tree: +(/(*(+(2 *(0 sin(+(*(0 $1) *(0 $2) *(0 $3) *(0 $4)))) *(0 log(+(*(0 $1) *(0 $2) *(0 $3) *(0 $4)))) *(0 exp(+(*(0 $1) *(0 $2) *(0 $3) *(0 $4)))) *(0 $1) *(0 $2) *(0 $3) *(0 $4)) 1) +(*(sin(+(*($4 +(-1 *(0 sin(+(*(0 $1) *(0 $2) *(0 $3) *(0 $4)))) *(0 log(+(*(0 $1) *(0 $2) *(0 $3) *(0 $4)))) *(0 exp(+(*(0 $1) *(0 $2) *(0 $3) *(0 $4)))) *(0 $1) *(0 $2) *(0 $3) *(0 $4))) 0 *(0 sin(+(*(0 $1) *(0 $2) *(0 $3) *(0 $4)))) *(0 log(+(*(0 $1) *(0 $2) *(0 $3) *(0 $4)))) *(0 exp(+(*(0 $1) *(0 $2) *(0 $3) *(0 $4)))) *(0 $1) *(0 $2) *(0 $3) *(0 $4))) +(-1 *(0 sin(+(*(0 $1) *(0 $2) *(0 $3) *(0 $4)))) *(-1 log(+(*(0 $1) *(0 $2) *(0 $3) *(-1 $4)))) *(0 exp(+(*(0 $1) *(0 $2) *(0 $3) *(0 $4)))) *(0 $1) *(0 $2) *(0 $3) *(0 $4))) 1 *(0 sin(+(*(0 $1) *(0 $2) *(0 $3) *(0 $4)))) *(0 log(+(*(0 $1) *(0 $2) *(0 $3) *(0 $4)))) *(0 exp(+(*(0 $1) *(0 $2) *(0 $3) *(0 $4)))) *(0 $1) *(0 $2) *(0 $3) *(0 $4))) 0)
reduced tree: /(2 +(1 *(+(-1 *(-1 log(*(-1 $4)))) sin(*(-1 $4)))))
[2017-02-08 07:56:47:508] [INFO] DemesHill: 4	3	13	1146	24462	120	325	0.0471115	325	0	-66.2857	0	-66	0	1
[2017-02-08 07:56:47:616] [INFO] Expansion 4 done
[2017-02-08 07:56:47:616] [INFO] Total number of evaluations so far: 1146
[2017-02-08 07:56:47:616] [INFO] The following candidate(s) have the best score [score=-66, penalized score=-66.2857131958007812, complexity=1, complexity penalty=0.285714298486709595, diversity penalty=0]
[2017-02-08 07:56:47:616] [INFO] -66 1
[2017-02-08 07:56:47:616] [INFO] Stats: 4	1146	0	146	-66	1	0	3	0
[2017-02-08 07:56:47:616] [INFO] Start knob building, rep size=5 complexity=4
[2017-02-08 07:56:47:616] [INFO] After knob building, rep size=193 complexity=7
[2017-02-08 07:56:47:616] [INFO] Total number of field specs: 62
[2017-02-08 07:56:47:616] [INFO] Number of disc knobs mapped: 0
[2017-02-08 07:56:47:616] [INFO] Number of contin knobs mapped: 62
[2017-02-08 07:56:47:616] [INFO] Field set, in bytes: 10144
[2017-02-08 07:56:47:616] [INFO] One instance, in bytes: 104
[2017-02-08 07:56:47:616] [INFO] DemesHill: # demeID	iteration	total_steps	total_evals	microseconds	new_instances	num_instances	inst_RAM	num_evals	has_improved	best_weighted_score	delta_weighted	best_raw	delta_raw	complexity
[2017-02-08 07:56:47:616] [INFO] DemesHill: 5	1	14	1147	169	1	1	9.91821e-05	1	1	-74.4805	3.40282e+38	-73.3376	3.40282e+38	4
[2017-02-08 07:56:47:622] [WARN] The following instance could not be evaluated: [|2|2|1|1|0|0|0|0|0|0|0|0|0|0|0|0|0|0|0|0|0|0|0|0|0|0|0|0|0|0|0|0|0|0|0|0|0|0|0|0|0|-1|0|0|0|0|0|0|0|0|0|0|0|0|0|0|0|0|0|0|0|0]
Unreduced tree: +(/(*(+(2 *(0 sin(+(*(0 $1) *(0 $2) *(0 $3) *(0 $4)))) *(0 log(+(*(0 $1) *(0 $2) *(0 $3) *(0 $4)))) *(0 exp(+(*(0 $1) *(0 $2) *(0 $3) *(0 $4)))) *(0 $1) *(0 $2) *(0 $3) *(0 $4)) 1) +(*($4 +(1 *(0 sin(+(*(0 $1) *(0 $2) *(0 $3) *(0 $4)))) *(0 log(+(*(0 $1) *(0 $2) *(0 $3) *(0 $4)))) *(0 exp(+(*(0 $1) *(0 $2) *(0 $3) *(0 $4)))) *(0 $1) *(0 $2) *(0 $3) *(-1 $4))) 2 *(0 sin(+(*(0 $1) *(0 $2) *(0 $3) *(0 $4)))) *(0 log(+(*(0 $1) *(0 $2) *(0 $3) *(0 $4)))) *(0 exp(+(*(0 $1) *(0 $2) *(0 $3) *(0 $4)))) *(0 $1) *(0 $2) *(0 $3) *(0 $4))) 0)
reduced tree: /(2 +(2 *(+(1 *(-1 $4)) $4)))
[2017-02-08 07:56:47:631] [WARN] The following instance could not be evaluated: [|2|2|1|1|0|0|0|0|0|-1|0|0|0|0|0|0|0|0|0|0|0|0|0|0|0|0|0|0|0|0|0|0|0|0|0|0|0|0|0|0|0|0|0|0|0|0|0|0|0|0|0|0|0|0|0|0|0|0|0|0|0|0]
Unreduced tree: +(/(*(+(2 *(0 sin(+(*(0 $1) *(0 $2) *(0 $3) *(0 $4)))) *(-1 log(+(*(0 $1) *(0 $2) *(0 $3) *(0 $4)))) *(0 exp(+(*(0 $1) *(0 $2) *(0 $3) *(0 $4)))) *(0 $1) *(0 $2) *(0 $3) *(0 $4)) 1) +(*($4 +(1 *(0 sin(+(*(0 $1) *(0 $2) *(0 $3) *(0 $4)))) *(0 log(+(*(0 $1) *(0 $2) *(0 $3) *(0 $4)))) *(0 exp(+(*(0 $1) *(0 $2) *(0 $3) *(0 $4)))) *(0 $1) *(0 $2) *(0 $3) *(0 $4))) 2 *(0 sin(+(*(0 $1) *(0 $2) *(0 $3) *(0 $4)))) *(0 log(+(*(0 $1) *(0 $2) *(0 $3) *(0 $4)))) *(0 exp(+(*(0 $1) *(0 $2) *(0 $3) *(0 $4)))) *(0 $1) *(0 $2) *(0 $3) *(0 $4))) 0)
reduced tree: /(-inf +(2 $4))
[2017-02-08 07:56:47:631] [WARN] The following instance could not be evaluated: [|2|2|1|1|0|0|0|0|0|1|0|0|0|0|0|0|0|0|0|0|0|0|0|0|0|0|0|0|0|0|0|0|0|0|0|0|0|0|0|0|0|0|0|0|0|0|0|0|0|0|0|0|0|0|0|0|0|0|0|0|0|0]
Unreduced tree: +(/(*(+(2 *(0 sin(+(*(0 $1) *(0 $2) *(0 $3) *(0 $4)))) *(1 log(+(*(0 $1) *(0 $2) *(0 $3) *(0 $4)))) *(0 exp(+(*(0 $1) *(0 $2) *(0 $3) *(0 $4)))) *(0 $1) *(0 $2) *(0 $3) *(0 $4)) 1) +(*($4 +(1 *(0 sin(+(*(0 $1) *(0 $2) *(0 $3) *(0 $4)))) *(0 log(+(*(0 $1) *(0 $2) *(0 $3) *(0 $4)))) *(0 exp(+(*(0 $1) *(0 $2) *(0 $3) *(0 $4)))) *(0 $1) *(0 $2) *(0 $3) *(0 $4))) 2 *(0 sin(+(*(0 $1) *(0 $2) *(0 $3) *(0 $4)))) *(0 log(+(*(0 $1) *(0 $2) *(0 $3) *(0 $4)))) *(0 exp(+(*(0 $1) *(0 $2) *(0 $3) *(0 $4)))) *(0 $1) *(0 $2) *(0 $3) *(0 $4))) 0)
reduced tree: /(-inf +(2 $4))
[2017-02-08 07:56:47:633] [INFO] DemesHill: 5	2	15	1271	16862	124	125	0.0123978	125	1	-63.4942	10.9862	-62.3514	10.9862	4
[2017-02-08 07:56:47:639] [WARN] The following instance could not be evaluated: [|2|2|1|1|0|0|0|0|0|0|0|0|0|0|1|0|0|0|0|0|0|0|0|0|0|0|0|0|0|0|0|0|0|0|0|0|0|0|0|0|0|-1|0|0|0|0|0|0|0|0|0|0|0|0|0|0|0|0|0|0|0|0]
Unreduced tree: +(/(*(+(2 *(0 sin(+(*(0 $1) *(0 $2) *(0 $3) *(0 $4)))) *(0 log(+(*(0 $1) *(0 $2) *(0 $3) *(0 $4)))) *(1 exp(+(*(0 $1) *(0 $2) *(0 $3) *(0 $4)))) *(0 $1) *(0 $2) *(0 $3) *(0 $4)) 1) +(*($4 +(1 *(0 sin(+(*(0 $1) *(0 $2) *(0 $3) *(0 $4)))) *(0 log(+(*(0 $1) *(0 $2) *(0 $3) *(0 $4)))) *(0 exp(+(*(0 $1) *(0 $2) *(0 $3) *(0 $4)))) *(0 $1) *(0 $2) *(0 $3) *(-1 $4))) 2 *(0 sin(+(*(0 $1) *(0 $2) *(0 $3) *(0 $4)))) *(0 log(+(*(0 $1) *(0 $2) *(0 $3) *(0 $4)))) *(0 exp(+(*(0 $1) *(0 $2) *(0 $3) *(0 $4)))) *(0 $1) *(0 $2) *(0 $3) *(0 $4))) 0)
reduced tree: /(3 +(2 *(+(1 *(-1 $4)) $4)))
[2017-02-08 07:56:47:649] [WARN] The following instance could not be evaluated: [|2|2|1|1|0|0|0|0|0|-1|0|0|0|0|1|0|0|0|0|0|0|0|0|0|0|0|0|0|0|0|0|0|0|0|0|0|0|0|0|0|0|0|0|0|0|0|0|0|0|0|0|0|0|0|0|0|0|0|0|0|0|0]
Unreduced tree: +(/(*(+(2 *(0 sin(+(*(0 $1) *(0 $2) *(0 $3) *(0 $4)))) *(-1 log(+(*(0 $1) *(0 $2) *(0 $3) *(0 $4)))) *(1 exp(+(*(0 $1) *(0 $2) *(0 $3) *(0 $4)))) *(0 $1) *(0 $2) *(0 $3) *(0 $4)) 1) +(*($4 +(1 *(0 sin(+(*(0 $1) *(0 $2) *(0 $3) *(0 $4)))) *(0 log(+(*(0 $1) *(0 $2) *(0 $3) *(0 $4)))) *(0 exp(+(*(0 $1) *(0 $2) *(0 $3) *(0 $4)))) *(0 $1) *(0 $2) *(0 $3) *(0 $4))) 2 *(0 sin(+(*(0 $1) *(0 $2) *(0 $3) *(0 $4)))) *(0 log(+(*(0 $1) *(0 $2) *(0 $3) *(0 $4)))) *(0 exp(+(*(0 $1) *(0 $2) *(0 $3) *(0 $4)))) *(0 $1) *(0 $2) *(0 $3) *(0 $4))) 0)
reduced tree: /(-inf +(2 $4))
[2017-02-08 07:56:47:649] [WARN] The following instance could not be evaluated: [|2|2|1|1|0|0|0|0|0|1|0|0|0|0|1|0|0|0|0|0|0|0|0|0|0|0|0|0|0|0|0|0|0|0|0|0|0|0|0|0|0|0|0|0|0|0|0|0|0|0|0|0|0|0|0|0|0|0|0|0|0|0]
Unreduced tree: +(/(*(+(2 *(0 sin(+(*(0 $1) *(0 $2) *(0 $3) *(0 $4)))) *(1 log(+(*(0 $1) *(0 $2) *(0 $3) *(0 $4)))) *(1 exp(+(*(0 $1) *(0 $2) *(0 $3) *(0 $4)))) *(0 $1) *(0 $2) *(0 $3) *(0 $4)) 1) +(*($4 +(1 *(0 sin(+(*(0 $1) *(0 $2) *(0 $3) *(0 $4)))) *(0 log(+(*(0 $1) *(0 $2) *(0 $3) *(0 $4)))) *(0 exp(+(*(0 $1) *(0 $2) *(0 $3) *(0 $4)))) *(0 $1) *(0 $2) *(0 $3) *(0 $4))) 2 *(0 sin(+(*(0 $1) *(0 $2) *(0 $3) *(0 $4)))) *(0 log(+(*(0 $1) *(0 $2) *(0 $3) *(0 $4)))) *(0 exp(+(*(0 $1) *(0 $2) *(0 $3) *(0 $4)))) *(0 $1) *(0 $2) *(0 $3) *(0 $4))) 0)
reduced tree: /(-inf +(2 $4))
[2017-02-08 07:56:47:651] [INFO] DemesHill: 5	3	16	1397	18037	126	251	0.0248947	251	0	-63.4942	0	-62.3514	0	4
[2017-02-08 07:56:47:666] [INFO] DemesHill: 5	4	17	1517	14646	120	371	0.0367966	371	1	-49.7885	13.7058	-47.5027	14.8486	8
[2017-02-08 07:56:47:687] [WARN] The following instance could not be evaluated: [|2|2|1|1|0|0|0|0|0|-1|0|0|0|0|1|0|0|0|0|0|0|0|0|0|0|0|0|0|0|0|0|0|0|0|0|0|0|0|0|0|0|0|-1|0|0|-1|0|0|0|0|0|0|0|0|0|0|0|0|0|0|0|0]
Unreduced tree: +(/(*(+(2 *(0 sin(+(*(0 $1) *(0 $2) *(0 $3) *(0 $4)))) *(-1 log(+(*(0 $1) *(0 $2) *(0 $3) *(0 $4)))) *(1 exp(+(*(0 $1) *(0 $2) *(0 $3) *(0 $4)))) *(0 $1) *(0 $2) *(0 $3) *(0 $4)) 1) +(*($4 +(1 *(0 sin(+(*(0 $1) *(0 $2) *(0 $3) *(0 $4)))) *(0 log(+(*(0 $1) *(0 $2) *(0 $3) *(0 $4)))) *(0 exp(+(*(0 $1) *(0 $2) *(0 $3) *(0 $4)))) *(0 $1) *(0 $2) *(0 $3) *(0 $4))) 2 *(-1 sin(+(*(0 $1) *(0 $2) *(-1 $3) *(0 $4)))) *(0 log(+(*(0 $1) *(0 $2) *(0 $3) *(0 $4)))) *(0 exp(+(*(0 $1) *(0 $2) *(0 $3) *(0 $4)))) *(0 $1) *(0 $2) *(0 $3) *(0 $4))) 0)
reduced tree: /(-inf +(2 *(-1 sin(*(-1 $3))) $4))
[2017-02-08 07:56:47:688] [WARN] The following instance could not be evaluated: [|2|2|1|1|0|0|0|0|0|1|0|0|0|0|1|0|0|0|0|0|0|0|0|0|0|0|0|0|0|0|0|0|0|0|0|0|0|0|0|0|0|0|-1|0|0|-1|0|0|0|0|0|0|0|0|0|0|0|0|0|0|0|0]
Unreduced tree: +(/(*(+(2 *(0 sin(+(*(0 $1) *(0 $2) *(0 $3) *(0 $4)))) *(1 log(+(*(0 $1) *(0 $2) *(0 $3) *(0 $4)))) *(1 exp(+(*(0 $1) *(0 $2) *(0 $3) *(0 $4)))) *(0 $1) *(0 $2) *(0 $3) *(0 $4)) 1) +(*($4 +(1 *(0 sin(+(*(0 $1) *(0 $2) *(0 $3) *(0 $4)))) *(0 log(+(*(0 $1) *(0 $2) *(0 $3) *(0 $4)))) *(0 exp(+(*(0 $1) *(0 $2) *(0 $3) *(0 $4)))) *(0 $1) *(0 $2) *(0 $3) *(0 $4))) 2 *(-1 sin(+(*(0 $1) *(0 $2) *(-1 $3) *(0 $4)))) *(0 log(+(*(0 $1) *(0 $2) *(0 $3) *(0 $4)))) *(0 exp(+(*(0 $1) *(0 $2) *(0 $3) *(0 $4)))) *(0 $1) *(0 $2) *(0 $3) *(0 $4))) 0)
reduced tree: /(-inf +(2 *(-1 sin(*(-1 $3))) $4))
[2017-02-08 07:56:47:691] [INFO] DemesHill: 5	5	18	1647	24906	130	501	0.0496902	501	1	-45.7658	4.02264	-43.1944	4.30836	9
[2017-02-08 07:56:47:718] [WARN] The following instance could not be evaluated: [|2|2|1|1|0|0|0|0|0|-1|0|0|0|0|1|0|0|0|0|0|0|0|0|0|0|0|0|0|0|0|0|0|0|0|0|0|0|0|0|0|0|0|-1|0|0|-1|-1|0|0|0|0|0|0|0|0|0|0|0|0|0|0|0]
Unreduced tree: +(/(*(+(2 *(0 sin(+(*(0 $1) *(0 $2) *(0 $3) *(0 $4)))) *(-1 log(+(*(0 $1) *(0 $2) *(0 $3) *(0 $4)))) *(1 exp(+(*(0 $1) *(0 $2) *(0 $3) *(0 $4)))) *(0 $1) *(0 $2) *(0 $3) *(0 $4)) 1) +(*($4 +(1 *(0 sin(+(*(0 $1) *(0 $2) *(0 $3) *(0 $4)))) *(0 log(+(*(0 $1) *(0 $2) *(0 $3) *(0 $4)))) *(0 exp(+(*(0 $1) *(0 $2) *(0 $3) *(0 $4)))) *(0 $1) *(0 $2) *(0 $3) *(0 $4))) 2 *(-1 sin(+(*(0 $1) *(0 $2) *(-1 $3) *(-1 $4)))) *(0 log(+(*(0 $1) *(0 $2) *(0 $3) *(0 $4)))) *(0 exp(+(*(0 $1) *(0 $2) *(0 $3) *(0 $4)))) *(0 $1) *(0 $2) *(0 $3) *(0 $4))) 0)
reduced tree: /(-inf +(2 *(-1 sin(*(-1 +($3 $4)))) $4))
[2017-02-08 07:56:47:719] [WARN] The following instance could not be evaluated: [|2|2|1|1|0|0|0|0|0|1|0|0|0|0|1|0|0|0|0|0|0|0|0|0|0|0|0|0|0|0|0|0|0|0|0|0|0|0|0|0|0|0|-1|0|0|-1|-1|0|0|0|0|0|0|0|0|0|0|0|0|0|0|0]
Unreduced tree: +(/(*(+(2 *(0 sin(+(*(0 $1) *(0 $2) *(0 $3) *(0 $4)))) *(1 log(+(*(0 $1) *(0 $2) *(0 $3) *(0 $4)))) *(1 exp(+(*(0 $1) *(0 $2) *(0 $3) *(0 $4)))) *(0 $1) *(0 $2) *(0 $3) *(0 $4)) 1) +(*($4 +(1 *(0 sin(+(*(0 $1) *(0 $2) *(0 $3) *(0 $4)))) *(0 log(+(*(0 $1) *(0 $2) *(0 $3) *(0 $4)))) *(0 exp(+(*(0 $1) *(0 $2) *(0 $3) *(0 $4)))) *(0 $1) *(0 $2) *(0 $3) *(0 $4))) 2 *(-1 sin(+(*(0 $1) *(0 $2) *(-1 $3) *(-1 $4)))) *(0 log(+(*(0 $1) *(0 $2) *(0 $3) *(0 $4)))) *(0 exp(+(*(0 $1) *(0 $2) *(0 $3) *(0 $4)))) *(0 $1) *(0 $2) *(0 $3) *(0 $4))) 0)
reduced tree: /(-inf +(2 *(-1 sin(*(-1 +($3 $4)))) $4))
[2017-02-08 07:56:47:723] [INFO] DemesHill: 5	6	19	1779	31957	132	633	0.0627823	633	1	-40.583	5.18281	-38.0116	5.18281	9
[2017-02-08 07:56:47:754] [WARN] The following instance could not be evaluated: [|2|2|1|1|0|0|0|0|0|-1|0|0|0|0|1|0|0|0|0|0|0|0|0|0|0|0|0|0|0|0|0|0|0|0|0|0|0|0|0|0|0|0|-1|0|0|-1|-1|0|0|0|0|0|-1|0|0|0|0|0|0|0|0|0]
Unreduced tree: +(/(*(+(2 *(0 sin(+(*(0 $1) *(0 $2) *(0 $3) *(0 $4)))) *(-1 log(+(*(0 $1) *(0 $2) *(0 $3) *(0 $4)))) *(1 exp(+(*(0 $1) *(0 $2) *(0 $3) *(0 $4)))) *(0 $1) *(0 $2) *(0 $3) *(0 $4)) 1) +(*($4 +(1 *(0 sin(+(*(0 $1) *(0 $2) *(0 $3) *(0 $4)))) *(0 log(+(*(0 $1) *(0 $2) *(0 $3) *(0 $4)))) *(0 exp(+(*(0 $1) *(0 $2) *(0 $3) *(0 $4)))) *(0 $1) *(0 $2) *(0 $3) *(0 $4))) 2 *(-1 sin(+(*(0 $1) *(0 $2) *(-1 $3) *(-1 $4)))) *(0 log(+(*(0 $1) *(0 $2) *(0 $3) *(0 $4)))) *(-1 exp(+(*(0 $1) *(0 $2) *(0 $3) *(0 $4)))) *(0 $1) *(0 $2) *(0 $3) *(0 $4))) 0)
reduced tree: /(-inf +(1 *(-1 sin(*(-1 +($3 $4)))) $4))
[2017-02-08 07:56:47:755] [WARN] The following instance could not be evaluated: [|2|2|1|1|0|0|0|0|0|1|0|0|0|0|1|0|0|0|0|0|0|0|0|0|0|0|0|0|0|0|0|0|0|0|0|0|0|0|0|0|0|0|-1|0|0|-1|-1|0|0|0|0|0|-1|0|0|0|0|0|0|0|0|0]
Unreduced tree: +(/(*(+(2 *(0 sin(+(*(0 $1) *(0 $2) *(0 $3) *(0 $4)))) *(1 log(+(*(0 $1) *(0 $2) *(0 $3) *(0 $4)))) *(1 exp(+(*(0 $1) *(0 $2) *(0 $3) *(0 $4)))) *(0 $1) *(0 $2) *(0 $3) *(0 $4)) 1) +(*($4 +(1 *(0 sin(+(*(0 $1) *(0 $2) *(0 $3) *(0 $4)))) *(0 log(+(*(0 $1) *(0 $2) *(0 $3) *(0 $4)))) *(0 exp(+(*(0 $1) *(0 $2) *(0 $3) *(0 $4)))) *(0 $1) *(0 $2) *(0 $3) *(0 $4))) 2 *(-1 sin(+(*(0 $1) *(0 $2) *(-1 $3) *(-1 $4)))) *(0 log(+(*(0 $1) *(0 $2) *(0 $3) *(0 $4)))) *(-1 exp(+(*(0 $1) *(0 $2) *(0 $3) *(0 $4)))) *(0 $1) *(0 $2) *(0 $3) *(0 $4))) 0)
reduced tree: /(-inf +(1 *(-1 sin(*(-1 +($3 $4)))) $4))
[2017-02-08 07:56:47:758] [INFO] DemesHill: 5	7	20	1913	35698	134	767	0.0760727	767	1	-35.1956	5.38736	-32.6242	5.38736	9
[2017-02-08 07:56:47:789] [WARN] The following instance could not be evaluated: [|2|2|1|1|0|0|0|0|0|-1|0|0|0|0|0.5|0|0|0|0|0|0|0|0|0|0|0|0|0|0|0|0|0|0|0|0|0|0|0|0|0|0|0|-1|0|0|-1|-1|0|0|0|0|0|-1|0|0|0|0|0|0|0|0|0]
Unreduced tree: +(/(*(+(2 *(0 sin(+(*(0 $1) *(0 $2) *(0 $3) *(0 $4)))) *(-1 log(+(*(0 $1) *(0 $2) *(0 $3) *(0 $4)))) *(0.5 exp(+(*(0 $1) *(0 $2) *(0 $3) *(0 $4)))) *(0 $1) *(0 $2) *(0 $3) *(0 $4)) 1) +(*($4 +(1 *(0 sin(+(*(0 $1) *(0 $2) *(0 $3) *(0 $4)))) *(0 log(+(*(0 $1) *(0 $2) *(0 $3) *(0 $4)))) *(0 exp(+(*(0 $1) *(0 $2) *(0 $3) *(0 $4)))) *(0 $1) *(0 $2) *(0 $3) *(0 $4))) 2 *(-1 sin(+(*(0 $1) *(0 $2) *(-1 $3) *(-1 $4)))) *(0 log(+(*(0 $1) *(0 $2) *(0 $3) *(0 $4)))) *(-1 exp(+(*(0 $1) *(0 $2) *(0 $3) *(0 $4)))) *(0 $1) *(0 $2) *(0 $3) *(0 $4))) 0)
reduced tree: /(-inf +(1 *(-1 sin(*(-1 +($3 $4)))) $4))
[2017-02-08 07:56:47:790] [WARN] The following instance could not be evaluated: [|2|2|1|1|0|0|0|0|0|1|0|0|0|0|0.5|0|0|0|0|0|0|0|0|0|0|0|0|0|0|0|0|0|0|0|0|0|0|0|0|0|0|0|-1|0|0|-1|-1|0|0|0|0|0|-1|0|0|0|0|0|0|0|0|0]
Unreduced tree: +(/(*(+(2 *(0 sin(+(*(0 $1) *(0 $2) *(0 $3) *(0 $4)))) *(1 log(+(*(0 $1) *(0 $2) *(0 $3) *(0 $4)))) *(0.5 exp(+(*(0 $1) *(0 $2) *(0 $3) *(0 $4)))) *(0 $1) *(0 $2) *(0 $3) *(0 $4)) 1) +(*($4 +(1 *(0 sin(+(*(0 $1) *(0 $2) *(0 $3) *(0 $4)))) *(0 log(+(*(0 $1) *(0 $2) *(0 $3) *(0 $4)))) *(0 exp(+(*(0 $1) *(0 $2) *(0 $3) *(0 $4)))) *(0 $1) *(0 $2) *(0 $3) *(0 $4))) 2 *(-1 sin(+(*(0 $1) *(0 $2) *(-1 $3) *(-1 $4)))) *(0 log(+(*(0 $1) *(0 $2) *(0 $3) *(0 $4)))) *(-1 exp(+(*(0 $1) *(0 $2) *(0 $3) *(0 $4)))) *(0 $1) *(0 $2) *(0 $3) *(0 $4))) 0)
reduced tree: /(-inf +(1 *(-1 sin(*(-1 +($3 $4)))) $4))
[2017-02-08 07:56:47:793] [INFO] DemesHill: 5	8	21	2048	34774	135	902	0.0894623	902	1	-31.7039	3.49171	-28.8468	3.77742	10
[2017-02-08 07:56:47:821] [WARN] The following instance could not be evaluated: [|2|2|1|1|0|0|0|0|0|-1|0|0|0|0|0.5|0|0|0|0|0|0|0|0|0|0|0|0|0|0|0|0|0|0|0|0|0|0|0|0|0|0|0|-1|0|0|-1|-0.5|0|0|0|0|0|-1|0|0|0|0|0|0|0|0|0]
Unreduced tree: +(/(*(+(2 *(0 sin(+(*(0 $1) *(0 $2) *(0 $3) *(0 $4)))) *(-1 log(+(*(0 $1) *(0 $2) *(0 $3) *(0 $4)))) *(0.5 exp(+(*(0 $1) *(0 $2) *(0 $3) *(0 $4)))) *(0 $1) *(0 $2) *(0 $3) *(0 $4)) 1) +(*($4 +(1 *(0 sin(+(*(0 $1) *(0 $2) *(0 $3) *(0 $4)))) *(0 log(+(*(0 $1) *(0 $2) *(0 $3) *(0 $4)))) *(0 exp(+(*(0 $1) *(0 $2) *(0 $3) *(0 $4)))) *(0 $1) *(0 $2) *(0 $3) *(0 $4))) 2 *(-1 sin(+(*(0 $1) *(0 $2) *(-1 $3) *(-0.5 $4)))) *(0 log(+(*(0 $1) *(0 $2) *(0 $3) *(0 $4)))) *(-1 exp(+(*(0 $1) *(0 $2) *(0 $3) *(0 $4)))) *(0 $1) *(0 $2) *(0 $3) *(0 $4))) 0)
reduced tree: /(-inf +(1 *(-1 sin(+(*(-1 $3) *(-0.5 $4)))) $4))
[2017-02-08 07:56:47:822] [WARN] The following instance could not be evaluated: [|2|2|1|1|0|0|0|0|0|1|0|0|0|0|0.5|0|0|0|0|0|0|0|0|0|0|0|0|0|0|0|0|0|0|0|0|0|0|0|0|0|0|0|-1|0|0|-1|-0.5|0|0|0|0|0|-1|0|0|0|0|0|0|0|0|0]
Unreduced tree: +(/(*(+(2 *(0 sin(+(*(0 $1) *(0 $2) *(0 $3) *(0 $4)))) *(1 log(+(*(0 $1) *(0 $2) *(0 $3) *(0 $4)))) *(0.5 exp(+(*(0 $1) *(0 $2) *(0 $3) *(0 $4)))) *(0 $1) *(0 $2) *(0 $3) *(0 $4)) 1) +(*($4 +(1 *(0 sin(+(*(0 $1) *(0 $2) *(0 $3) *(0 $4)))) *(0 log(+(*(0 $1) *(0 $2) *(0 $3) *(0 $4)))) *(0 exp(+(*(0 $1) *(0 $2) *(0 $3) *(0 $4)))) *(0 $1) *(0 $2) *(0 $3) *(0 $4))) 2 *(-1 sin(+(*(0 $1) *(0 $2) *(-1 $3) *(-0.5 $4)))) *(0 log(+(*(0 $1) *(0 $2) *(0 $3) *(0 $4)))) *(-1 exp(+(*(0 $1) *(0 $2) *(0 $3) *(0 $4)))) *(0 $1) *(0 $2) *(0 $3) *(0 $4))) 0)
reduced tree: /(-inf +(1 *(-1 sin(+(*(-1 $3) *(-0.5 $4)))) $4))
[2017-02-08 07:56:47:825] [INFO] DemesHill: 5	9	22	2184	32243	136	1038	0.102951	1038	1	-30.6262	1.07772	-27.7691	1.07772	10
[2017-02-08 07:56:47:854] [WARN] The following instance could not be evaluated: [|2|2|1|1|0|0|0|0|0|-1|0|0|0|0|0.25|0|0|0|0|0|0|0|0|0|0|0|0|0|0|0|0|0|0|0|0|0|0|0|0|0|0|0|-1|0|0|-1|-0.5|0|0|0|0|0|-1|0|0|0|0|0|0|0|0|0]
Unreduced tree: +(/(*(+(2 *(0 sin(+(*(0 $1) *(0 $2) *(0 $3) *(0 $4)))) *(-1 log(+(*(0 $1) *(0 $2) *(0 $3) *(0 $4)))) *(0.25 exp(+(*(0 $1) *(0 $2) *(0 $3) *(0 $4)))) *(0 $1) *(0 $2) *(0 $3) *(0 $4)) 1) +(*($4 +(1 *(0 sin(+(*(0 $1) *(0 $2) *(0 $3) *(0 $4)))) *(0 log(+(*(0 $1) *(0 $2) *(0 $3) *(0 $4)))) *(0 exp(+(*(0 $1) *(0 $2) *(0 $3) *(0 $4)))) *(0 $1) *(0 $2) *(0 $3) *(0 $4))) 2 *(-1 sin(+(*(0 $1) *(0 $2) *(-1 $3) *(-0.5 $4)))) *(0 log(+(*(0 $1) *(0 $2) *(0 $3) *(0 $4)))) *(-1 exp(+(*(0 $1) *(0 $2) *(0 $3) *(0 $4)))) *(0 $1) *(0 $2) *(0 $3) *(0 $4))) 0)
reduced tree: /(-inf +(1 *(-1 sin(+(*(-1 $3) *(-0.5 $4)))) $4))
[2017-02-08 07:56:47:855] [WARN] The following instance could not be evaluated: [|2|2|1|1|0|0|0|0|0|1|0|0|0|0|0.25|0|0|0|0|0|0|0|0|0|0|0|0|0|0|0|0|0|0|0|0|0|0|0|0|0|0|0|-1|0|0|-1|-0.5|0|0|0|0|0|-1|0|0|0|0|0|0|0|0|0]
Unreduced tree: +(/(*(+(2 *(0 sin(+(*(0 $1) *(0 $2) *(0 $3) *(0 $4)))) *(1 log(+(*(0 $1) *(0 $2) *(0 $3) *(0 $4)))) *(0.25 exp(+(*(0 $1) *(0 $2) *(0 $3) *(0 $4)))) *(0 $1) *(0 $2) *(0 $3) *(0 $4)) 1) +(*($4 +(1 *(0 sin(+(*(0 $1) *(0 $2) *(0 $3) *(0 $4)))) *(0 log(+(*(0 $1) *(0 $2) *(0 $3) *(0 $4)))) *(0 exp(+(*(0 $1) *(0 $2) *(0 $3) *(0 $4)))) *(0 $1) *(0 $2) *(0 $3) *(0 $4))) 2 *(-1 sin(+(*(0 $1) *(0 $2) *(-1 $3) *(-0.5 $4)))) *(0 log(+(*(0 $1) *(0 $2) *(0 $3) *(0 $4)))) *(-1 exp(+(*(0 $1) *(0 $2) *(0 $3) *(0 $4)))) *(0 $1) *(0 $2) *(0 $3) *(0 $4))) 0)
reduced tree: /(-inf +(1 *(-1 sin(+(*(-1 $3) *(-0.5 $4)))) $4))
[2017-02-08 07:56:47:858] [INFO] DemesHill: 5	10	23	2321	32524	137	1175	0.116539	1175	0	-30.6262	0	-27.7691	0	10
[2017-02-08 07:56:47:878] [INFO] DemesHill: 5	11	24	2441	20061	120	1295	0.128441	1295	0	-30.6262	0	-27.7691	0	10
[2017-02-08 07:56:48:137] [INFO] Expansion 5 done
[2017-02-08 07:56:48:137] [INFO] Total number of evaluations so far: 2441
[2017-02-08 07:56:48:137] [INFO] The following candidate(s) have the best score [score=-27.7690715789794922, penalized score=-30.6262149810791016, complexity=10, complexity penalty=2.85714292526245117, diversity penalty=0]
[2017-02-08 07:56:48:138] [INFO] -27.7691 /(2.25 +(1 *(-1 sin(+(*(-1 $3) *(-0.5 $4)))) $4))
[2017-02-08 07:56:48:138] [INFO] Stats: 5	2441	0	153	-27.7691	10	0	11	0
[2017-02-08 07:56:48:138] [INFO] Start knob building, rep size=15 complexity=10
[2017-02-08 07:56:48:138] [INFO] After knob building, rep size=447 complexity=14
[2017-02-08 07:56:48:138] [INFO] Total number of field specs: 142
[2017-02-08 07:56:48:138] [INFO] Number of disc knobs mapped: 0
[2017-02-08 07:56:48:138] [INFO] Number of contin knobs mapped: 142
[2017-02-08 07:56:48:138] [INFO] Field set, in bytes: 22944
[2017-02-08 07:56:48:138] [INFO] One instance, in bytes: 208
[2017-02-08 07:56:48:138] [INFO] DemesHill: # demeID	iteration	total_steps	total_evals	microseconds	new_instances	num_instances	inst_RAM	num_evals	has_improved	best_weighted_score	delta_weighted	best_raw	delta_raw	complexity
[2017-02-08 07:56:48:138] [INFO] DemesHill: 6	1	25	2442	306	1	1	0.000198364	1	1	-30.6262	3.40282e+38	-27.7691	3.40282e+38	10
[2017-02-08 07:56:48:215] [WARN] The following instance could not be evaluated: [|2.25|1|1|1|0|0|0|0|0|-1|0|0|0|0|0|0|0|0|0|0|0|0|0|0|0|0|0|0|0|0|0|0|0|0|0|0|0|0|0|0|0|0|0|0|0|0|0|0|0|0|0|0|0|0|0|0|0|0|0|0|0|0|0|0|0|0|0|0|0|0|0|0|0|0|0|0|0|0|0|0|0|0|0|0|0|0|0|0|0|0|0|0|0|0|0|0|0|0|0|0|0|0|0|0|0|0|0|0|0|0|0|0|0|0|0|0|0|0|0|0|0|0|0|0|0|0|0|0|0|0|0|0|0|0|0|0|0|0|0|-0.5|-1|-1]
Unreduced tree: +(/(*(+(2.25 *(0 sin(+(*(0 $1) *(0 $2) *(0 $3) *(0 $4)))) *(-1 log(+(*(0 $1) *(0 $2) *(0 $3) *(0 $4)))) *(0 exp(+(*(0 $1) *(0 $2) *(0 $3) *(0 $4)))) *(0 $1) *(0 $2) *(0 $3) *(0 $4)) 1) +(*($4 +(1 *(0 sin(+(*(0 $1) *(0 $2) *(0 $3) *(0 $4)))) *(0 log(+(*(0 $1) *(0 $2) *(0 $3) *(0 $4)))) *(0 exp(+(*(0 $1) *(0 $2) *(0 $3) *(0 $4)))) *(0 $1) *(0 $2) *(0 $3) *(0 $4))) *(sin(+(*($3 +(-1 *(0 sin(+(*(0 $1) *(0 $2) *(0 $3) *(0 $4)))) *(0 log(+(*(0 $1) *(0 $2) *(0 $3) *(0 $4)))) *(0 exp(+(*(0 $1) *(0 $2) *(0 $3) *(0 $4)))) *(0 $1) *(0 $2) *(0 $3) *(0 $4))) *($4 +(-0.5 *(0 sin(+(*(0 $1) *(0 $2) *(0 $3) *(0 $4)))) *(0 log(+(*(0 $1) *(0 $2) *(0 $3) *(0 $4)))) *(0 exp(+(*(0 $1) *(0 $2) *(0 $3) *(0 $4)))) *(0 $1) *(0 $2) *(0 $3) *(0 $4))) 0 *(0 sin(+(*(0 $1) *(0 $2) *(0 $3) *(0 $4)))) *(0 log(+(*(0 $1) *(0 $2) *(0 $3) *(0 $4)))) *(0 exp(+(*(0 $1) *(0 $2) *(0 $3) *(0 $4)))) *(0 $1) *(0 $2) *(0 $3) *(0 $4))) +(-1 *(0 sin(+(*(0 $1) *(0 $2) *(0 $3) *(0 $4)))) *(0 log(+(*(0 $1) *(0 $2) *(0 $3) *(0 $4)))) *(0 exp(+(*(0 $1) *(0 $2) *(0 $3) *(0 $4)))) *(0 $1) *(0 $2) *(0 $3) *(0 $4))) 1 *(0 sin(+(*(0 $1) *(0 $2) *(0 $3) *(0 $4)))) *(0 log(+(*(0 $1) *(0 $2) *(0 $3) *(0 $4)))) *(0 exp(+(*(0 $1) *(0 $2) *(0 $3) *(0 $4)))) *(0 $1) *(0 $2) *(0 $3) *(0 $4))) 0)
reduced tree: /(-inf +(1 *(-1 sin(+(*(-1 $3) *(-0.5 $4)))) $4))
[2017-02-08 07:56:48:217] [WARN] The following instance could not be evaluated: [|2.25|1|1|1|0|0|0|0|0|1|0|0|0|0|0|0|0|0|0|0|0|0|0|0|0|0|0|0|0|0|0|0|0|0|0|0|0|0|0|0|0|0|0|0|0|0|0|0|0|0|0|0|0|0|0|0|0|0|0|0|0|0|0|0|0|0|0|0|0|0|0|0|0|0|0|0|0|0|0|0|0|0|0|0|0|0|0|0|0|0|0|0|0|0|0|0|0|0|0|0|0|0|0|0|0|0|0|0|0|0|0|0|0|0|0|0|0|0|0|0|0|0|0|0|0|0|0|0|0|0|0|0|0|0|0|0|0|0|0|-0.5|-1|-1]
Unreduced tree: +(/(*(+(2.25 *(0 sin(+(*(0 $1) *(0 $2) *(0 $3) *(0 $4)))) *(1 log(+(*(0 $1) *(0 $2) *(0 $3) *(0 $4)))) *(0 exp(+(*(0 $1) *(0 $2) *(0 $3) *(0 $4)))) *(0 $1) *(0 $2) *(0 $3) *(0 $4)) 1) +(*($4 +(1 *(0 sin(+(*(0 $1) *(0 $2) *(0 $3) *(0 $4)))) *(0 log(+(*(0 $1) *(0 $2) *(0 $3) *(0 $4)))) *(0 exp(+(*(0 $1) *(0 $2) *(0 $3) *(0 $4)))) *(0 $1) *(0 $2) *(0 $3) *(0 $4))) *(sin(+(*($3 +(-1 *(0 sin(+(*(0 $1) *(0 $2) *(0 $3) *(0 $4)))) *(0 log(+(*(0 $1) *(0 $2) *(0 $3) *(0 $4)))) *(0 exp(+(*(0 $1) *(0 $2) *(0 $3) *(0 $4)))) *(0 $1) *(0 $2) *(0 $3) *(0 $4))) *($4 +(-0.5 *(0 sin(+(*(0 $1) *(0 $2) *(0 $3) *(0 $4)))) *(0 log(+(*(0 $1) *(0 $2) *(0 $3) *(0 $4)))) *(0 exp(+(*(0 $1) *(0 $2) *(0 $3) *(0 $4)))) *(0 $1) *(0 $2) *(0 $3) *(0 $4))) 0 *(0 sin(+(*(0 $1) *(0 $2) *(0 $3) *(0 $4)))) *(0 log(+(*(0 $1) *(0 $2) *(0 $3) *(0 $4)))) *(0 exp(+(*(0 $1) *(0 $2) *(0 $3) *(0 $4)))) *(0 $1) *(0 $2) *(0 $3) *(0 $4))) +(-1 *(0 sin(+(*(0 $1) *(0 $2) *(0 $3) *(0 $4)))) *(0 log(+(*(0 $1) *(0 $2) *(0 $3) *(0 $4)))) *(0 exp(+(*(0 $1) *(0 $2) *(0 $3) *(0 $4)))) *(0 $1) *(0 $2) *(0 $3) *(0 $4))) 1 *(0 sin(+(*(0 $1) *(0 $2) *(0 $3) *(0 $4)))) *(0 log(+(*(0 $1) *(0 $2) *(0 $3) *(0 $4)))) *(0 exp(+(*(0 $1) *(0 $2) *(0 $3) *(0 $4)))) *(0 $1) *(0 $2) *(0 $3) *(0 $4))) 0)
reduced tree: /(-inf +(1 *(-1 sin(+(*(-1 $3) *(-0.5 $4)))) $4))
[2017-02-08 07:56:48:221] [INFO] DemesHill: 6	2	26	2726	82666	284	285	0.0565338	285	0	-30.6262	0	-27.7691	0	10
[2017-02-08 07:56:48:252] [INFO] DemesHill: 6	3	27	2846	31330	120	405	0.0803375	405	0	-30.6262	0	-27.7691	0	10
[2017-02-08 07:56:48:467] [INFO] Expansion 6 done
[2017-02-08 07:56:48:467] [INFO] Total number of evaluations so far: 2846
[2017-02-08 07:56:48:467] [INFO] The following candidate(s) have the best score [score=-27.7690715789794922, penalized score=-30.6262149810791016, complexity=10, complexity penalty=2.85714292526245117, diversity penalty=0]
[2017-02-08 07:56:48:467] [INFO] -27.7691 /(2.25 +(1 *(-1 sin(+(*(-1 $3) *(-0.5 $4)))) $4))
[2017-02-08 07:56:48:467] [INFO] Stats: 6	2846	1	229	-27.7691	10	0	3	0
[2017-02-08 07:56:48:468] [INFO] Start knob building, rep size=15 complexity=10
[2017-02-08 07:56:48:468] [INFO] After knob building, rep size=447 complexity=14
[2017-02-08 07:56:48:468] [INFO] Total number of field specs: 142
[2017-02-08 07:56:48:468] [INFO] Number of disc knobs mapped: 0
[2017-02-08 07:56:48:468] [INFO] Number of contin knobs mapped: 142
[2017-02-08 07:56:48:468] [INFO] Field set, in bytes: 22944
[2017-02-08 07:56:48:468] [INFO] One instance, in bytes: 208
[2017-02-08 07:56:48:468] [INFO] DemesHill: # demeID	iteration	total_steps	total_evals	microseconds	new_instances	num_instances	inst_RAM	num_evals	has_improved	best_weighted_score	delta_weighted	best_raw	delta_raw	complexity
[2017-02-08 07:56:48:468] [INFO] DemesHill: 7	1	28	2847	310	1	1	0.000198364	1	1	-30.7569	3.40282e+38	-27.8998	3.40282e+38	10
[2017-02-08 07:56:48:548] [WARN] The following instance could not be evaluated: [|2.375|1|1|1|0|0|0|0|0|-1|0|0|0|0|0|0|0|0|0|0|0|0|0|0|0|0|0|0|0|0|0|0|0|0|0|0|0|0|0|0|0|0|0|0|0|0|0|0|0|0|0|0|0|0|0|0|0|0|0|0|0|0|0|0|0|0|0|0|0|0|0|0|0|0|0|0|0|0|0|0|0|0|0|0|0|0|0|0|0|0|0|0|0|0|0|0|0|0|0|0|0|0|0|0|0|0|0|0|0|0|0|0|0|0|0|0|0|0|0|0|0|0|0|0|0|0|0|0|0|0|0|0|0|0|0|0|0|0|0|-0.5|-1|-1]
Unreduced tree: +(/(*(+(2.375 *(0 sin(+(*(0 $1) *(0 $2) *(0 $3) *(0 $4)))) *(-1 log(+(*(0 $1) *(0 $2) *(0 $3) *(0 $4)))) *(0 exp(+(*(0 $1) *(0 $2) *(0 $3) *(0 $4)))) *(0 $1) *(0 $2) *(0 $3) *(0 $4)) 1) +(*($4 +(1 *(0 sin(+(*(0 $1) *(0 $2) *(0 $3) *(0 $4)))) *(0 log(+(*(0 $1) *(0 $2) *(0 $3) *(0 $4)))) *(0 exp(+(*(0 $1) *(0 $2) *(0 $3) *(0 $4)))) *(0 $1) *(0 $2) *(0 $3) *(0 $4))) *(sin(+(*($3 +(-1 *(0 sin(+(*(0 $1) *(0 $2) *(0 $3) *(0 $4)))) *(0 log(+(*(0 $1) *(0 $2) *(0 $3) *(0 $4)))) *(0 exp(+(*(0 $1) *(0 $2) *(0 $3) *(0 $4)))) *(0 $1) *(0 $2) *(0 $3) *(0 $4))) *($4 +(-0.5 *(0 sin(+(*(0 $1) *(0 $2) *(0 $3) *(0 $4)))) *(0 log(+(*(0 $1) *(0 $2) *(0 $3) *(0 $4)))) *(0 exp(+(*(0 $1) *(0 $2) *(0 $3) *(0 $4)))) *(0 $1) *(0 $2) *(0 $3) *(0 $4))) 0 *(0 sin(+(*(0 $1) *(0 $2) *(0 $3) *(0 $4)))) *(0 log(+(*(0 $1) *(0 $2) *(0 $3) *(0 $4)))) *(0 exp(+(*(0 $1) *(0 $2) *(0 $3) *(0 $4)))) *(0 $1) *(0 $2) *(0 $3) *(0 $4))) +(-1 *(0 sin(+(*(0 $1) *(0 $2) *(0 $3) *(0 $4)))) *(0 log(+(*(0 $1) *(0 $2) *(0 $3) *(0 $4)))) *(0 exp(+(*(0 $1) *(0 $2) *(0 $3) *(0 $4)))) *(0 $1) *(0 $2) *(0 $3) *(0 $4))) 1 *(0 sin(+(*(0 $1) *(0 $2) *(0 $3) *(0 $4)))) *(0 log(+(*(0 $1) *(0 $2) *(0 $3) *(0 $4)))) *(0 exp(+(*(0 $1) *(0 $2) *(0 $3) *(0 $4)))) *(0 $1) *(0 $2) *(0 $3) *(0 $4))) 0)
reduced tree: /(-inf +(1 *(-1 sin(+(*(-1 $3) *(-0.5 $4)))) $4))
[2017-02-08 07:56:48:549] [WARN] The following instance could not be evaluated: [|2.375|1|1|1|0|0|0|0|0|1|0|0|0|0|0|0|0|0|0|0|0|0|0|0|0|0|0|0|0|0|0|0|0|0|0|0|0|0|0|0|0|0|0|0|0|0|0|0|0|0|0|0|0|0|0|0|0|0|0|0|0|0|0|0|0|0|0|0|0|0|0|0|0|0|0|0|0|0|0|0|0|0|0|0|0|0|0|0|0|0|0|0|0|0|0|0|0|0|0|0|0|0|0|0|0|0|0|0|0|0|0|0|0|0|0|0|0|0|0|0|0|0|0|0|0|0|0|0|0|0|0|0|0|0|0|0|0|0|0|-0.5|-1|-1]
Unreduced tree: +(/(*(+(2.375 *(0 sin(+(*(0 $1) *(0 $2) *(0 $3) *(0 $4)))) *(1 log(+(*(0 $1) *(0 $2) *(0 $3) *(0 $4)))) *(0 exp(+(*(0 $1) *(0 $2) *(0 $3) *(0 $4)))) *(0 $1) *(0 $2) *(0 $3) *(0 $4)) 1) +(*($4 +(1 *(0 sin(+(*(0 $1) *(0 $2) *(0 $3) *(0 $4)))) *(0 log(+(*(0 $1) *(0 $2) *(0 $3) *(0 $4)))) *(0 exp(+(*(0 $1) *(0 $2) *(0 $3) *(0 $4)))) *(0 $1) *(0 $2) *(0 $3) *(0 $4))) *(sin(+(*($3 +(-1 *(0 sin(+(*(0 $1) *(0 $2) *(0 $3) *(0 $4)))) *(0 log(+(*(0 $1) *(0 $2) *(0 $3) *(0 $4)))) *(0 exp(+(*(0 $1) *(0 $2) *(0 $3) *(0 $4)))) *(0 $1) *(0 $2) *(0 $3) *(0 $4))) *($4 +(-0.5 *(0 sin(+(*(0 $1) *(0 $2) *(0 $3) *(0 $4)))) *(0 log(+(*(0 $1) *(0 $2) *(0 $3) *(0 $4)))) *(0 exp(+(*(0 $1) *(0 $2) *(0 $3) *(0 $4)))) *(0 $1) *(0 $2) *(0 $3) *(0 $4))) 0 *(0 sin(+(*(0 $1) *(0 $2) *(0 $3) *(0 $4)))) *(0 log(+(*(0 $1) *(0 $2) *(0 $3) *(0 $4)))) *(0 exp(+(*(0 $1) *(0 $2) *(0 $3) *(0 $4)))) *(0 $1) *(0 $2) *(0 $3) *(0 $4))) +(-1 *(0 sin(+(*(0 $1) *(0 $2) *(0 $3) *(0 $4)))) *(0 log(+(*(0 $1) *(0 $2) *(0 $3) *(0 $4)))) *(0 exp(+(*(0 $1) *(0 $2) *(0 $3) *(0 $4)))) *(0 $1) *(0 $2) *(0 $3) *(0 $4))) 1 *(0 sin(+(*(0 $1) *(0 $2) *(0 $3) *(0 $4)))) *(0 log(+(*(0 $1) *(0 $2) *(0 $3) *(0 $4)))) *(0 exp(+(*(0 $1) *(0 $2) *(0 $3) *(0 $4)))) *(0 $1) *(0 $2) *(0 $3) *(0 $4))) 0)
reduced tree: /(-inf +(1 *(-1 sin(+(*(-1 $3) *(-0.5 $4)))) $4))
[2017-02-08 07:56:48:553] [INFO] DemesHill: 7	2	29	3131	85057	284	285	0.0565338	285	0	-30.7569	0	-27.8998	0	10
[2017-02-08 07:56:48:584] [INFO] DemesHill: 7	3	30	3251	30718	120	405	0.0803375	405	0	-30.7569	0	-27.8998	0	10
[2017-02-08 07:56:48:777] [INFO] Expansion 7 done
[2017-02-08 07:56:48:777] [INFO] Total number of evaluations so far: 3251
[2017-02-08 07:56:48:777] [INFO] The following candidate(s) have the best score [score=-27.7690715789794922, penalized score=-30.6262149810791016, complexity=10, complexity penalty=2.85714292526245117, diversity penalty=0]
[2017-02-08 07:56:48:777] [INFO] -27.7691 /(2.25 +(1 *(-1 sin(+(*(-1 $3) *(-0.5 $4)))) $4))
[2017-02-08 07:56:48:777] [INFO] Stats: 7	3251	1	250	-27.7691	10	0	3	0
[2017-02-08 07:56:48:778] [INFO] Start knob building, rep size=15 complexity=10
[2017-02-08 07:56:48:778] [INFO] After knob building, rep size=447 complexity=14
[2017-02-08 07:56:48:778] [INFO] Total number of field specs: 142
[2017-02-08 07:56:48:778] [INFO] Number of disc knobs mapped: 0
[2017-02-08 07:56:48:778] [INFO] Number of contin knobs mapped: 142
[2017-02-08 07:56:48:778] [INFO] Field set, in bytes: 22944
[2017-02-08 07:56:48:778] [INFO] One instance, in bytes: 208
[2017-02-08 07:56:48:778] [INFO] DemesHill: # demeID	iteration	total_steps	total_evals	microseconds	new_instances	num_instances	inst_RAM	num_evals	has_improved	best_weighted_score	delta_weighted	best_raw	delta_raw	complexity
[2017-02-08 07:56:48:778] [INFO] DemesHill: 8	1	31	3252	357	1	1	0.000198364	1	1	-31.3118	3.40282e+38	-28.4546	3.40282e+38	10
[2017-02-08 07:56:48:858] [WARN] The following instance could not be evaluated: [|2.125|1|1|1|0|0|0|0|0|-1|0|0|0|0|0|0|0|0|0|0|0|0|0|0|0|0|0|0|0|0|0|0|0|0|0|0|0|0|0|0|0|0|0|0|0|0|0|0|0|0|0|0|0|0|0|0|0|0|0|0|0|0|0|0|0|0|0|0|0|0|0|0|0|0|0|0|0|0|0|0|0|0|0|0|0|0|0|0|0|0|0|0|0|0|0|0|0|0|0|0|0|0|0|0|0|0|0|0|0|0|0|0|0|0|0|0|0|0|0|0|0|0|0|0|0|0|0|0|0|0|0|0|0|0|0|0|0|0|0|-0.5|-1|-1]
Unreduced tree: +(/(*(+(2.125 *(0 sin(+(*(0 $1) *(0 $2) *(0 $3) *(0 $4)))) *(-1 log(+(*(0 $1) *(0 $2) *(0 $3) *(0 $4)))) *(0 exp(+(*(0 $1) *(0 $2) *(0 $3) *(0 $4)))) *(0 $1) *(0 $2) *(0 $3) *(0 $4)) 1) +(*($4 +(1 *(0 sin(+(*(0 $1) *(0 $2) *(0 $3) *(0 $4)))) *(0 log(+(*(0 $1) *(0 $2) *(0 $3) *(0 $4)))) *(0 exp(+(*(0 $1) *(0 $2) *(0 $3) *(0 $4)))) *(0 $1) *(0 $2) *(0 $3) *(0 $4))) *(sin(+(*($3 +(-1 *(0 sin(+(*(0 $1) *(0 $2) *(0 $3) *(0 $4)))) *(0 log(+(*(0 $1) *(0 $2) *(0 $3) *(0 $4)))) *(0 exp(+(*(0 $1) *(0 $2) *(0 $3) *(0 $4)))) *(0 $1) *(0 $2) *(0 $3) *(0 $4))) *($4 +(-0.5 *(0 sin(+(*(0 $1) *(0 $2) *(0 $3) *(0 $4)))) *(0 log(+(*(0 $1) *(0 $2) *(0 $3) *(0 $4)))) *(0 exp(+(*(0 $1) *(0 $2) *(0 $3) *(0 $4)))) *(0 $1) *(0 $2) *(0 $3) *(0 $4))) 0 *(0 sin(+(*(0 $1) *(0 $2) *(0 $3) *(0 $4)))) *(0 log(+(*(0 $1) *(0 $2) *(0 $3) *(0 $4)))) *(0 exp(+(*(0 $1) *(0 $2) *(0 $3) *(0 $4)))) *(0 $1) *(0 $2) *(0 $3) *(0 $4))) +(-1 *(0 sin(+(*(0 $1) *(0 $2) *(0 $3) *(0 $4)))) *(0 log(+(*(0 $1) *(0 $2) *(0 $3) *(0 $4)))) *(0 exp(+(*(0 $1) *(0 $2) *(0 $3) *(0 $4)))) *(0 $1) *(0 $2) *(0 $3) *(0 $4))) 1 *(0 sin(+(*(0 $1) *(0 $2) *(0 $3) *(0 $4)))) *(0 log(+(*(0 $1) *(0 $2) *(0 $3) *(0 $4)))) *(0 exp(+(*(0 $1) *(0 $2) *(0 $3) *(0 $4)))) *(0 $1) *(0 $2) *(0 $3) *(0 $4))) 0)
reduced tree: /(-inf +(1 *(-1 sin(+(*(-1 $3) *(-0.5 $4)))) $4))
[2017-02-08 07:56:48:859] [WARN] The following instance could not be evaluated: [|2.125|1|1|1|0|0|0|0|0|1|0|0|0|0|0|0|0|0|0|0|0|0|0|0|0|0|0|0|0|0|0|0|0|0|0|0|0|0|0|0|0|0|0|0|0|0|0|0|0|0|0|0|0|0|0|0|0|0|0|0|0|0|0|0|0|0|0|0|0|0|0|0|0|0|0|0|0|0|0|0|0|0|0|0|0|0|0|0|0|0|0|0|0|0|0|0|0|0|0|0|0|0|0|0|0|0|0|0|0|0|0|0|0|0|0|0|0|0|0|0|0|0|0|0|0|0|0|0|0|0|0|0|0|0|0|0|0|0|0|-0.5|-1|-1]
Unreduced tree: +(/(*(+(2.125 *(0 sin(+(*(0 $1) *(0 $2) *(0 $3) *(0 $4)))) *(1 log(+(*(0 $1) *(0 $2) *(0 $3) *(0 $4)))) *(0 exp(+(*(0 $1) *(0 $2) *(0 $3) *(0 $4)))) *(0 $1) *(0 $2) *(0 $3) *(0 $4)) 1) +(*($4 +(1 *(0 sin(+(*(0 $1) *(0 $2) *(0 $3) *(0 $4)))) *(0 log(+(*(0 $1) *(0 $2) *(0 $3) *(0 $4)))) *(0 exp(+(*(0 $1) *(0 $2) *(0 $3) *(0 $4)))) *(0 $1) *(0 $2) *(0 $3) *(0 $4))) *(sin(+(*($3 +(-1 *(0 sin(+(*(0 $1) *(0 $2) *(0 $3) *(0 $4)))) *(0 log(+(*(0 $1) *(0 $2) *(0 $3) *(0 $4)))) *(0 exp(+(*(0 $1) *(0 $2) *(0 $3) *(0 $4)))) *(0 $1) *(0 $2) *(0 $3) *(0 $4))) *($4 +(-0.5 *(0 sin(+(*(0 $1) *(0 $2) *(0 $3) *(0 $4)))) *(0 log(+(*(0 $1) *(0 $2) *(0 $3) *(0 $4)))) *(0 exp(+(*(0 $1) *(0 $2) *(0 $3) *(0 $4)))) *(0 $1) *(0 $2) *(0 $3) *(0 $4))) 0 *(0 sin(+(*(0 $1) *(0 $2) *(0 $3) *(0 $4)))) *(0 log(+(*(0 $1) *(0 $2) *(0 $3) *(0 $4)))) *(0 exp(+(*(0 $1) *(0 $2) *(0 $3) *(0 $4)))) *(0 $1) *(0 $2) *(0 $3) *(0 $4))) +(-1 *(0 sin(+(*(0 $1) *(0 $2) *(0 $3) *(0 $4)))) *(0 log(+(*(0 $1) *(0 $2) *(0 $3) *(0 $4)))) *(0 exp(+(*(0 $1) *(0 $2) *(0 $3) *(0 $4)))) *(0 $1) *(0 $2) *(0 $3) *(0 $4))) 1 *(0 sin(+(*(0 $1) *(0 $2) *(0 $3) *(0 $4)))) *(0 log(+(*(0 $1) *(0 $2) *(0 $3) *(0 $4)))) *(0 exp(+(*(0 $1) *(0 $2) *(0 $3) *(0 $4)))) *(0 $1) *(0 $2) *(0 $3) *(0 $4))) 0)
reduced tree: /(-inf +(1 *(-1 sin(+(*(-1 $3) *(-0.5 $4)))) $4))
[2017-02-08 07:56:48:864] [INFO] DemesHill: 8	2	32	3536	85706	284	285	0.0565338	285	0	-31.3118	0	-28.4546	0	10
[2017-02-08 07:56:48:895] [INFO] DemesHill: 8	3	33	3656	30541	120	405	0.0803375	405	0	-31.3118	0	-28.4546	0	10
[2017-02-08 07:56:49:090] [INFO] Expansion 8 done
[2017-02-08 07:56:49:090] [INFO] Total number of evaluations so far: 3656
[2017-02-08 07:56:49:090] [INFO] The following candidate(s) have the best score [score=-27.7690715789794922, penalized score=-30.6262149810791016, complexity=10, complexity penalty=2.85714292526245117, diversity penalty=0]
[2017-02-08 07:56:49:090] [INFO] -27.7691 /(2.25 +(1 *(-1 sin(+(*(-1 $3) *(-0.5 $4)))) $4))
[2017-02-08 07:56:49:090] [INFO] Stats: 8	3656	1	250	-27.7691	10	0	3	0
[2017-02-08 07:56:49:091] [INFO] Start knob building, rep size=15 complexity=10
[2017-02-08 07:56:49:091] [INFO] After knob building, rep size=447 complexity=14
[2017-02-08 07:56:49:091] [INFO] Total number of field specs: 142
[2017-02-08 07:56:49:091] [INFO] Number of disc knobs mapped: 0
[2017-02-08 07:56:49:091] [INFO] Number of contin knobs mapped: 142
[2017-02-08 07:56:49:091] [INFO] Field set, in bytes: 22944
[2017-02-08 07:56:49:091] [INFO] One instance, in bytes: 208
[2017-02-08 07:56:49:091] [INFO] DemesHill: # demeID	iteration	total_steps	total_evals	microseconds	new_instances	num_instances	inst_RAM	num_evals	has_improved	best_weighted_score	delta_weighted	best_raw	delta_raw	complexity
[2017-02-08 07:56:49:092] [INFO] DemesHill: 9	1	34	3657	321	1	1	0.000198364	1	1	-31.7595	3.40282e+38	-28.9023	3.40282e+38	10
[2017-02-08 07:56:49:170] [WARN] The following instance could not be evaluated: [|2.25|1|1|1|0|0|0|0|0|-1|0|0|0|0|0|0|0|0|0|0|0|0|0|0|0|0|0|0|0|0|0|0|0|0|0|0|0|0|0|0|0|0|0|0|0|0|0|0|0|0|0|0|0|0|0|0|0|0|0|0|0|0|0|0|0|0|0|0|0|0|0|0|0|0|0|0|0|0|0|0|0|0|0|0|0|0|0|0|0|0|0|0|0|0|0|0|0|0|0|0|0|0|0|0|0|0|0|0|0|0|0|0|0|0|0|0|0|0|0|0|0|0|0|0|0|0|0|0|0|0|0|0|0|0|0|0|0|0|0|-0.75|-1|-1]
Unreduced tree: +(/(*(+(2.25 *(0 sin(+(*(0 $1) *(0 $2) *(0 $3) *(0 $4)))) *(-1 log(+(*(0 $1) *(0 $2) *(0 $3) *(0 $4)))) *(0 exp(+(*(0 $1) *(0 $2) *(0 $3) *(0 $4)))) *(0 $1) *(0 $2) *(0 $3) *(0 $4)) 1) +(*($4 +(1 *(0 sin(+(*(0 $1) *(0 $2) *(0 $3) *(0 $4)))) *(0 log(+(*(0 $1) *(0 $2) *(0 $3) *(0 $4)))) *(0 exp(+(*(0 $1) *(0 $2) *(0 $3) *(0 $4)))) *(0 $1) *(0 $2) *(0 $3) *(0 $4))) *(sin(+(*($3 +(-1 *(0 sin(+(*(0 $1) *(0 $2) *(0 $3) *(0 $4)))) *(0 log(+(*(0 $1) *(0 $2) *(0 $3) *(0 $4)))) *(0 exp(+(*(0 $1) *(0 $2) *(0 $3) *(0 $4)))) *(0 $1) *(0 $2) *(0 $3) *(0 $4))) *($4 +(-0.75 *(0 sin(+(*(0 $1) *(0 $2) *(0 $3) *(0 $4)))) *(0 log(+(*(0 $1) *(0 $2) *(0 $3) *(0 $4)))) *(0 exp(+(*(0 $1) *(0 $2) *(0 $3) *(0 $4)))) *(0 $1) *(0 $2) *(0 $3) *(0 $4))) 0 *(0 sin(+(*(0 $1) *(0 $2) *(0 $3) *(0 $4)))) *(0 log(+(*(0 $1) *(0 $2) *(0 $3) *(0 $4)))) *(0 exp(+(*(0 $1) *(0 $2) *(0 $3) *(0 $4)))) *(0 $1) *(0 $2) *(0 $3) *(0 $4))) +(-1 *(0 sin(+(*(0 $1) *(0 $2) *(0 $3) *(0 $4)))) *(0 log(+(*(0 $1) *(0 $2) *(0 $3) *(0 $4)))) *(0 exp(+(*(0 $1) *(0 $2) *(0 $3) *(0 $4)))) *(0 $1) *(0 $2) *(0 $3) *(0 $4))) 1 *(0 sin(+(*(0 $1) *(0 $2) *(0 $3) *(0 $4)))) *(0 log(+(*(0 $1) *(0 $2) *(0 $3) *(0 $4)))) *(0 exp(+(*(0 $1) *(0 $2) *(0 $3) *(0 $4)))) *(0 $1) *(0 $2) *(0 $3) *(0 $4))) 0)
reduced tree: /(-inf +(1 *(-1 sin(+(*(-1 $3) *(-0.75 $4)))) $4))
[2017-02-08 07:56:49:171] [WARN] The following instance could not be evaluated: [|2.25|1|1|1|0|0|0|0|0|1|0|0|0|0|0|0|0|0|0|0|0|0|0|0|0|0|0|0|0|0|0|0|0|0|0|0|0|0|0|0|0|0|0|0|0|0|0|0|0|0|0|0|0|0|0|0|0|0|0|0|0|0|0|0|0|0|0|0|0|0|0|0|0|0|0|0|0|0|0|0|0|0|0|0|0|0|0|0|0|0|0|0|0|0|0|0|0|0|0|0|0|0|0|0|0|0|0|0|0|0|0|0|0|0|0|0|0|0|0|0|0|0|0|0|0|0|0|0|0|0|0|0|0|0|0|0|0|0|0|-0.75|-1|-1]
Unreduced tree: +(/(*(+(2.25 *(0 sin(+(*(0 $1) *(0 $2) *(0 $3) *(0 $4)))) *(1 log(+(*(0 $1) *(0 $2) *(0 $3) *(0 $4)))) *(0 exp(+(*(0 $1) *(0 $2) *(0 $3) *(0 $4)))) *(0 $1) *(0 $2) *(0 $3) *(0 $4)) 1) +(*($4 +(1 *(0 sin(+(*(0 $1) *(0 $2) *(0 $3) *(0 $4)))) *(0 log(+(*(0 $1) *(0 $2) *(0 $3) *(0 $4)))) *(0 exp(+(*(0 $1) *(0 $2) *(0 $3) *(0 $4)))) *(0 $1) *(0 $2) *(0 $3) *(0 $4))) *(sin(+(*($3 +(-1 *(0 sin(+(*(0 $1) *(0 $2) *(0 $3) *(0 $4)))) *(0 log(+(*(0 $1) *(0 $2) *(0 $3) *(0 $4)))) *(0 exp(+(*(0 $1) *(0 $2) *(0 $3) *(0 $4)))) *(0 $1) *(0 $2) *(0 $3) *(0 $4))) *($4 +(-0.75 *(0 sin(+(*(0 $1) *(0 $2) *(0 $3) *(0 $4)))) *(0 log(+(*(0 $1) *(0 $2) *(0 $3) *(0 $4)))) *(0 exp(+(*(0 $1) *(0 $2) *(0 $3) *(0 $4)))) *(0 $1) *(0 $2) *(0 $3) *(0 $4))) 0 *(0 sin(+(*(0 $1) *(0 $2) *(0 $3) *(0 $4)))) *(0 log(+(*(0 $1) *(0 $2) *(0 $3) *(0 $4)))) *(0 exp(+(*(0 $1) *(0 $2) *(0 $3) *(0 $4)))) *(0 $1) *(0 $2) *(0 $3) *(0 $4))) +(-1 *(0 sin(+(*(0 $1) *(0 $2) *(0 $3) *(0 $4)))) *(0 log(+(*(0 $1) *(0 $2) *(0 $3) *(0 $4)))) *(0 exp(+(*(0 $1) *(0 $2) *(0 $3) *(0 $4)))) *(0 $1) *(0 $2) *(0 $3) *(0 $4))) 1 *(0 sin(+(*(0 $1) *(0 $2) *(0 $3) *(0 $4)))) *(0 log(+(*(0 $1) *(0 $2) *(0 $3) *(0 $4)))) *(0 exp(+(*(0 $1) *(0 $2) *(0 $3) *(0 $4)))) *(0 $1) *(0 $2) *(0 $3) *(0 $4))) 0)
reduced tree: /(-inf +(1 *(-1 sin(+(*(-1 $3) *(-0.75 $4)))) $4))
[2017-02-08 07:56:49:176] [INFO] DemesHill: 9	2	35	3941	84055	284	285	0.0565338	285	0	-31.7595	0	-28.9023	0	10
[2017-02-08 07:56:49:207] [INFO] DemesHill: 9	3	36	4061	30942	120	405	0.0803375	405	0	-31.7595	0	-28.9023	0	10
[2017-02-08 07:56:49:401] [INFO] Expansion 9 done
[2017-02-08 07:56:49:401] [INFO] Total number of evaluations so far: 4061
[2017-02-08 07:56:49:401] [INFO] The following candidate(s) have the best score [score=-27.7690715789794922, penalized score=-30.6262149810791016, complexity=10, complexity penalty=2.85714292526245117, diversity penalty=0]
[2017-02-08 07:56:49:401] [INFO] -27.7691 /(2.25 +(1 *(-1 sin(+(*(-1 $3) *(-0.5 $4)))) $4))
[2017-02-08 07:56:49:401] [INFO] Stats: 9	4061	2	250	-27.7691	10	0	3	0
[2017-02-08 07:56:49:402] [INFO] Start knob building, rep size=15 complexity=10
[2017-02-08 07:56:49:402] [INFO] After knob building, rep size=447 complexity=14
[2017-02-08 07:56:49:402] [INFO] Total number of field specs: 142
[2017-02-08 07:56:49:402] [INFO] Number of disc knobs mapped: 0
[2017-02-08 07:56:49:402] [INFO] Number of contin knobs mapped: 142
[2017-02-08 07:56:49:402] [INFO] Field set, in bytes: 22944
[2017-02-08 07:56:49:402] [INFO] One instance, in bytes: 208
[2017-02-08 07:56:49:402] [INFO] DemesHill: # demeID	iteration	total_steps	total_evals	microseconds	new_instances	num_instances	inst_RAM	num_evals	has_improved	best_weighted_score	delta_weighted	best_raw	delta_raw	complexity
[2017-02-08 07:56:49:403] [INFO] DemesHill: 10	1	37	4062	325	1	1	0.000198364	1	1	-31.4087	3.40282e+38	-28.5515	3.40282e+38	10
[2017-02-08 07:56:49:485] [WARN] The following instance could not be evaluated: [|2.5|1|1|1|0|0|0|0|0|-1|0|0|0|0|0|0|0|0|0|0|0|0|0|0|0|0|0|0|0|0|0|0|0|0|0|0|0|0|0|0|0|0|0|0|0|0|0|0|0|0|0|0|0|0|0|0|0|0|0|0|0|0|0|0|0|0|0|0|0|0|0|0|0|0|0|0|0|0|0|0|0|0|0|0|0|0|0|0|0|0|0|0|0|0|0|0|0|0|0|0|0|0|0|0|0|0|0|0|0|0|0|0|0|0|0|0|0|0|0|0|0|0|0|0|0|0|0|0|0|0|0|0|0|0|0|0|0|0|0|-0.75|-1|-1]
Unreduced tree: +(/(*(+(2.5 *(0 sin(+(*(0 $1) *(0 $2) *(0 $3) *(0 $4)))) *(-1 log(+(*(0 $1) *(0 $2) *(0 $3) *(0 $4)))) *(0 exp(+(*(0 $1) *(0 $2) *(0 $3) *(0 $4)))) *(0 $1) *(0 $2) *(0 $3) *(0 $4)) 1) +(*($4 +(1 *(0 sin(+(*(0 $1) *(0 $2) *(0 $3) *(0 $4)))) *(0 log(+(*(0 $1) *(0 $2) *(0 $3) *(0 $4)))) *(0 exp(+(*(0 $1) *(0 $2) *(0 $3) *(0 $4)))) *(0 $1) *(0 $2) *(0 $3) *(0 $4))) *(sin(+(*($3 +(-1 *(0 sin(+(*(0 $1) *(0 $2) *(0 $3) *(0 $4)))) *(0 log(+(*(0 $1) *(0 $2) *(0 $3) *(0 $4)))) *(0 exp(+(*(0 $1) *(0 $2) *(0 $3) *(0 $4)))) *(0 $1) *(0 $2) *(0 $3) *(0 $4))) *($4 +(-0.75 *(0 sin(+(*(0 $1) *(0 $2) *(0 $3) *(0 $4)))) *(0 log(+(*(0 $1) *(0 $2) *(0 $3) *(0 $4)))) *(0 exp(+(*(0 $1) *(0 $2) *(0 $3) *(0 $4)))) *(0 $1) *(0 $2) *(0 $3) *(0 $4))) 0 *(0 sin(+(*(0 $1) *(0 $2) *(0 $3) *(0 $4)))) *(0 log(+(*(0 $1) *(0 $2) *(0 $3) *(0 $4)))) *(0 exp(+(*(0 $1) *(0 $2) *(0 $3) *(0 $4)))) *(0 $1) *(0 $2) *(0 $3) *(0 $4))) +(-1 *(0 sin(+(*(0 $1) *(0 $2) *(0 $3) *(0 $4)))) *(0 log(+(*(0 $1) *(0 $2) *(0 $3) *(0 $4)))) *(0 exp(+(*(0 $1) *(0 $2) *(0 $3) *(0 $4)))) *(0 $1) *(0 $2) *(0 $3) *(0 $4))) 1 *(0 sin(+(*(0 $1) *(0 $2) *(0 $3) *(0 $4)))) *(0 log(+(*(0 $1) *(0 $2) *(0 $3) *(0 $4)))) *(0 exp(+(*(0 $1) *(0 $2) *(0 $3) *(0 $4)))) *(0 $1) *(0 $2) *(0 $3) *(0 $4))) 0)
reduced tree: /(-inf +(1 *(-1 sin(+(*(-1 $3) *(-0.75 $4)))) $4))
[2017-02-08 07:56:49:487] [WARN] The following instance could not be evaluated: [|2.5|1|1|1|0|0|0|0|0|1|0|0|0|0|0|0|0|0|0|0|0|0|0|0|0|0|0|0|0|0|0|0|0|0|0|0|0|0|0|0|0|0|0|0|0|0|0|0|0|0|0|0|0|0|0|0|0|0|0|0|0|0|0|0|0|0|0|0|0|0|0|0|0|0|0|0|0|0|0|0|0|0|0|0|0|0|0|0|0|0|0|0|0|0|0|0|0|0|0|0|0|0|0|0|0|0|0|0|0|0|0|0|0|0|0|0|0|0|0|0|0|0|0|0|0|0|0|0|0|0|0|0|0|0|0|0|0|0|0|-0.75|-1|-1]
Unreduced tree: +(/(*(+(2.5 *(0 sin(+(*(0 $1) *(0 $2) *(0 $3) *(0 $4)))) *(1 log(+(*(0 $1) *(0 $2) *(0 $3) *(0 $4)))) *(0 exp(+(*(0 $1) *(0 $2) *(0 $3) *(0 $4)))) *(0 $1) *(0 $2) *(0 $3) *(0 $4)) 1) +(*($4 +(1 *(0 sin(+(*(0 $1) *(0 $2) *(0 $3) *(0 $4)))) *(0 log(+(*(0 $1) *(0 $2) *(0 $3) *(0 $4)))) *(0 exp(+(*(0 $1) *(0 $2) *(0 $3) *(0 $4)))) *(0 $1) *(0 $2) *(0 $3) *(0 $4))) *(sin(+(*($3 +(-1 *(0 sin(+(*(0 $1) *(0 $2) *(0 $3) *(0 $4)))) *(0 log(+(*(0 $1) *(0 $2) *(0 $3) *(0 $4)))) *(0 exp(+(*(0 $1) *(0 $2) *(0 $3) *(0 $4)))) *(0 $1) *(0 $2) *(0 $3) *(0 $4))) *($4 +(-0.75 *(0 sin(+(*(0 $1) *(0 $2) *(0 $3) *(0 $4)))) *(0 log(+(*(0 $1) *(0 $2) *(0 $3) *(0 $4)))) *(0 exp(+(*(0 $1) *(0 $2) *(0 $3) *(0 $4)))) *(0 $1) *(0 $2) *(0 $3) *(0 $4))) 0 *(0 sin(+(*(0 $1) *(0 $2) *(0 $3) *(0 $4)))) *(0 log(+(*(0 $1) *(0 $2) *(0 $3) *(0 $4)))) *(0 exp(+(*(0 $1) *(0 $2) *(0 $3) *(0 $4)))) *(0 $1) *(0 $2) *(0 $3) *(0 $4))) +(-1 *(0 sin(+(*(0 $1) *(0 $2) *(0 $3) *(0 $4)))) *(0 log(+(*(0 $1) *(0 $2) *(0 $3) *(0 $4)))) *(0 exp(+(*(0 $1) *(0 $2) *(0 $3) *(0 $4)))) *(0 $1) *(0 $2) *(0 $3) *(0 $4))) 1 *(0 sin(+(*(0 $1) *(0 $2) *(0 $3) *(0 $4)))) *(0 log(+(*(0 $1) *(0 $2) *(0 $3) *(0 $4)))) *(0 exp(+(*(0 $1) *(0 $2) *(0 $3) *(0 $4)))) *(0 $1) *(0 $2) *(0 $3) *(0 $4))) 0)
reduced tree: /(-inf +(1 *(-1 sin(+(*(-1 $3) *(-0.75 $4)))) $4))
[2017-02-08 07:56:49:491] [INFO] DemesHill: 10	2	38	4346	88629	284	285	0.0565338	285	0	-31.4087	0	-28.5515	0	10
[2017-02-08 07:56:49:523] [INFO] DemesHill: 10	3	39	4466	31387	120	405	0.0803375	405	0	-31.4087	0	-28.5515	0	10
[2017-02-08 07:56:49:720] [INFO] Expansion 10 done
[2017-02-08 07:56:49:720] [INFO] Total number of evaluations so far: 4466
[2017-02-08 07:56:49:720] [INFO] The following candidate(s) have the best score [score=-27.7690715789794922, penalized score=-30.6262149810791016, complexity=10, complexity penalty=2.85714292526245117, diversity penalty=0]
[2017-02-08 07:56:49:720] [INFO] -27.7691 /(2.25 +(1 *(-1 sin(+(*(-1 $3) *(-0.5 $4)))) $4))
[2017-02-08 07:56:49:720] [INFO] Stats: 10	4466	2	250	-27.7691	10	0	3	0
[2017-02-08 07:56:49:721] [INFO] Start knob building, rep size=15 complexity=10
[2017-02-08 07:56:49:721] [INFO] After knob building, rep size=447 complexity=14
[2017-02-08 07:56:49:721] [INFO] Total number of field specs: 142
[2017-02-08 07:56:49:721] [INFO] Number of disc knobs mapped: 0
[2017-02-08 07:56:49:721] [INFO] Number of contin knobs mapped: 142
[2017-02-08 07:56:49:721] [INFO] Field set, in bytes: 22944
[2017-02-08 07:56:49:721] [INFO] One instance, in bytes: 208
[2017-02-08 07:56:49:721] [INFO] DemesHill: # demeID	iteration	total_steps	total_evals	microseconds	new_instances	num_instances	inst_RAM	num_evals	has_improved	best_weighted_score	delta_weighted	best_raw	delta_raw	complexity
[2017-02-08 07:56:49:721] [INFO] DemesHill: 11	1	40	4467	319	1	1	0.000198364	1	1	-31.7039	3.40282e+38	-28.8468	3.40282e+38	10
[2017-02-08 07:56:49:796] [WARN] The following instance could not be evaluated: [|2.5|1|1|1|0|0|0|0|0|-1|0|0|0|0|0|0|0|0|0|0|0|0|0|0|0|0|0|0|0|0|0|0|0|0|0|0|0|0|0|0|0|0|0|0|0|0|0|0|0|0|0|0|0|0|0|0|0|0|0|0|0|0|0|0|0|0|0|0|0|0|0|0|0|0|0|0|0|0|0|0|0|0|0|0|0|0|0|0|0|0|0|0|0|0|0|0|0|0|0|0|0|0|0|0|0|0|0|0|0|0|0|0|0|0|0|0|0|0|0|0|0|0|0|0|0|0|0|0|0|0|0|0|0|0|0|0|0|0|0|-0.5|-1|-1]
Unreduced tree: +(/(*(+(2.5 *(0 sin(+(*(0 $1) *(0 $2) *(0 $3) *(0 $4)))) *(-1 log(+(*(0 $1) *(0 $2) *(0 $3) *(0 $4)))) *(0 exp(+(*(0 $1) *(0 $2) *(0 $3) *(0 $4)))) *(0 $1) *(0 $2) *(0 $3) *(0 $4)) 1) +(*($4 +(1 *(0 sin(+(*(0 $1) *(0 $2) *(0 $3) *(0 $4)))) *(0 log(+(*(0 $1) *(0 $2) *(0 $3) *(0 $4)))) *(0 exp(+(*(0 $1) *(0 $2) *(0 $3) *(0 $4)))) *(0 $1) *(0 $2) *(0 $3) *(0 $4))) *(sin(+(*($3 +(-1 *(0 sin(+(*(0 $1) *(0 $2) *(0 $3) *(0 $4)))) *(0 log(+(*(0 $1) *(0 $2) *(0 $3) *(0 $4)))) *(0 exp(+(*(0 $1) *(0 $2) *(0 $3) *(0 $4)))) *(0 $1) *(0 $2) *(0 $3) *(0 $4))) *($4 +(-0.5 *(0 sin(+(*(0 $1) *(0 $2) *(0 $3) *(0 $4)))) *(0 log(+(*(0 $1) *(0 $2) *(0 $3) *(0 $4)))) *(0 exp(+(*(0 $1) *(0 $2) *(0 $3) *(0 $4)))) *(0 $1) *(0 $2) *(0 $3) *(0 $4))) 0 *(0 sin(+(*(0 $1) *(0 $2) *(0 $3) *(0 $4)))) *(0 log(+(*(0 $1) *(0 $2) *(0 $3) *(0 $4)))) *(0 exp(+(*(0 $1) *(0 $2) *(0 $3) *(0 $4)))) *(0 $1) *(0 $2) *(0 $3) *(0 $4))) +(-1 *(0 sin(+(*(0 $1) *(0 $2) *(0 $3) *(0 $4)))) *(0 log(+(*(0 $1) *(0 $2) *(0 $3) *(0 $4)))) *(0 exp(+(*(0 $1) *(0 $2) *(0 $3) *(0 $4)))) *(0 $1) *(0 $2) *(0 $3) *(0 $4))) 1 *(0 sin(+(*(0 $1) *(0 $2) *(0 $3) *(0 $4)))) *(0 log(+(*(0 $1) *(0 $2) *(0 $3) *(0 $4)))) *(0 exp(+(*(0 $1) *(0 $2) *(0 $3) *(0 $4)))) *(0 $1) *(0 $2) *(0 $3) *(0 $4))) 0)
reduced tree: /(-inf +(1 *(-1 sin(+(*(-1 $3) *(-0.5 $4)))) $4))
[2017-02-08 07:56:49:798] [WARN] The following instance could not be evaluated: [|2.5|1|1|1|0|0|0|0|0|1|0|0|0|0|0|0|0|0|0|0|0|0|0|0|0|0|0|0|0|0|0|0|0|0|0|0|0|0|0|0|0|0|0|0|0|0|0|0|0|0|0|0|0|0|0|0|0|0|0|0|0|0|0|0|0|0|0|0|0|0|0|0|0|0|0|0|0|0|0|0|0|0|0|0|0|0|0|0|0|0|0|0|0|0|0|0|0|0|0|0|0|0|0|0|0|0|0|0|0|0|0|0|0|0|0|0|0|0|0|0|0|0|0|0|0|0|0|0|0|0|0|0|0|0|0|0|0|0|0|-0.5|-1|-1]
Unreduced tree: +(/(*(+(2.5 *(0 sin(+(*(0 $1) *(0 $2) *(0 $3) *(0 $4)))) *(1 log(+(*(0 $1) *(0 $2) *(0 $3) *(0 $4)))) *(0 exp(+(*(0 $1) *(0 $2) *(0 $3) *(0 $4)))) *(0 $1) *(0 $2) *(0 $3) *(0 $4)) 1) +(*($4 +(1 *(0 sin(+(*(0 $1) *(0 $2) *(0 $3) *(0 $4)))) *(0 log(+(*(0 $1) *(0 $2) *(0 $3) *(0 $4)))) *(0 exp(+(*(0 $1) *(0 $2) *(0 $3) *(0 $4)))) *(0 $1) *(0 $2) *(0 $3) *(0 $4))) *(sin(+(*($3 +(-1 *(0 sin(+(*(0 $1) *(0 $2) *(0 $3) *(0 $4)))) *(0 log(+(*(0 $1) *(0 $2) *(0 $3) *(0 $4)))) *(0 exp(+(*(0 $1) *(0 $2) *(0 $3) *(0 $4)))) *(0 $1) *(0 $2) *(0 $3) *(0 $4))) *($4 +(-0.5 *(0 sin(+(*(0 $1) *(0 $2) *(0 $3) *(0 $4)))) *(0 log(+(*(0 $1) *(0 $2) *(0 $3) *(0 $4)))) *(0 exp(+(*(0 $1) *(0 $2) *(0 $3) *(0 $4)))) *(0 $1) *(0 $2) *(0 $3) *(0 $4))) 0 *(0 sin(+(*(0 $1) *(0 $2) *(0 $3) *(0 $4)))) *(0 log(+(*(0 $1) *(0 $2) *(0 $3) *(0 $4)))) *(0 exp(+(*(0 $1) *(0 $2) *(0 $3) *(0 $4)))) *(0 $1) *(0 $2) *(0 $3) *(0 $4))) +(-1 *(0 sin(+(*(0 $1) *(0 $2) *(0 $3) *(0 $4)))) *(0 log(+(*(0 $1) *(0 $2) *(0 $3) *(0 $4)))) *(0 exp(+(*(0 $1) *(0 $2) *(0 $3) *(0 $4)))) *(0 $1) *(0 $2) *(0 $3) *(0 $4))) 1 *(0 sin(+(*(0 $1) *(0 $2) *(0 $3) *(0 $4)))) *(0 log(+(*(0 $1) *(0 $2) *(0 $3) *(0 $4)))) *(0 exp(+(*(0 $1) *(0 $2) *(0 $3) *(0 $4)))) *(0 $1) *(0 $2) *(0 $3) *(0 $4))) 0)
reduced tree: /(-inf +(1 *(-1 sin(+(*(-1 $3) *(-0.5 $4)))) $4))
[2017-02-08 07:56:49:802] [INFO] DemesHill: 11	2	41	4751	80722	284	285	0.0565338	285	0	-31.7039	0	-28.8468	0	10
[2017-02-08 07:56:49:834] [INFO] DemesHill: 11	3	42	4871	31567	120	405	0.0803375	405	0	-31.7039	0	-28.8468	0	10
[2017-02-08 07:56:50:031] [INFO] Expansion 11 done
[2017-02-08 07:56:50:031] [INFO] Total number of evaluations so far: 4871
[2017-02-08 07:56:50:032] [INFO] The following candidate(s) have the best score [score=-27.7690715789794922, penalized score=-30.6262149810791016, complexity=10, complexity penalty=2.85714292526245117, diversity penalty=0]
[2017-02-08 07:56:50:032] [INFO] -27.7691 /(2.25 +(1 *(-1 sin(+(*(-1 $3) *(-0.5 $4)))) $4))
[2017-02-08 07:56:50:032] [INFO] Stats: 11	4871	2	250	-27.7691	10	0	3	0
[2017-02-08 07:56:50:032] [INFO] Start knob building, rep size=22 complexity=14
[2017-02-08 07:56:50:032] [INFO] After knob building, rep size=637 complexity=19
[2017-02-08 07:56:50:032] [INFO] Total number of field specs: 202
[2017-02-08 07:56:50:032] [INFO] Number of disc knobs mapped: 0
[2017-02-08 07:56:50:033] [INFO] Number of contin knobs mapped: 202
[2017-02-08 07:56:50:033] [INFO] Field set, in bytes: 32544
[2017-02-08 07:56:50:033] [INFO] One instance, in bytes: 280
[2017-02-08 07:56:50:033] [INFO] DemesHill: # demeID	iteration	total_steps	total_evals	microseconds	new_instances	num_instances	inst_RAM	num_evals	has_improved	best_weighted_score	delta_weighted	best_raw	delta_raw	complexity
[2017-02-08 07:56:50:033] [INFO] DemesHill: 12	1	43	4872	439	1	1	0.000267029	1	1	-31.8735	3.40282e+38	-27.8735	3.40282e+38	14
[2017-02-08 07:56:50:206] [INFO] DemesHill: 12	2	44	5276	172903	404	405	0.108147	405	1	-31.558	0.315529	-27.2723	0.601244	15
[2017-02-08 07:56:50:256] [INFO] DemesHill: 12	3	45	5396	49942	120	525	0.14019	525	0	-31.558	0	-27.2723	0	15
[2017-02-08 07:56:50:620] [INFO] Expansion 12 done
[2017-02-08 07:56:50:620] [INFO] Total number of evaluations so far: 5396
[2017-02-08 07:56:50:620] [INFO] The following candidate(s) have the best score [score=-27.2722549438476562, penalized score=-31.5579700469970703, complexity=15, complexity penalty=4.28571462631225586, diversity penalty=0]
[2017-02-08 07:56:50:620] [INFO] -27.2723 /(+(2 *(+(0.5 $4) exp(*(-1 $4)))) +(1 *(-1 sin(+(*(-1 $3) *(-0.5 $4)))) $4))
[2017-02-08 07:56:50:620] [INFO] Stats: 12	5396	3	250	-27.2723	15	0	3	0
[2017-02-08 07:56:50:621] [INFO] Start knob building, rep size=24 complexity=15
[2017-02-08 07:56:50:621] [INFO] After knob building, rep size=640 complexity=21
[2017-02-08 07:56:50:621] [INFO] Total number of field specs: 203
[2017-02-08 07:56:50:621] [INFO] Number of disc knobs mapped: 0
[2017-02-08 07:56:50:621] [INFO] Number of contin knobs mapped: 203
[2017-02-08 07:56:50:621] [INFO] Field set, in bytes: 32704
[2017-02-08 07:56:50:621] [INFO] One instance, in bytes: 280
[2017-02-08 07:56:50:621] [INFO] DemesHill: # demeID	iteration	total_steps	total_evals	microseconds	new_instances	num_instances	inst_RAM	num_evals	has_improved	best_weighted_score	delta_weighted	best_raw	delta_raw	complexity
[2017-02-08 07:56:50:622] [INFO] DemesHill: 13	1	46	5397	513	1	1	0.000267029	1	1	-31.558	3.40282e+38	-27.2723	3.40282e+38	15
[2017-02-08 07:56:50:827] [INFO] DemesHill: 13	2	47	5803	205365	406	407	0.108681	407	0	-31.558	0	-27.2723	0	15
[2017-02-08 07:56:50:883] [INFO] DemesHill: 13	3	48	5923	55278	120	527	0.140724	527	0	-31.558	0	-27.2723	0	15
[2017-02-08 07:56:51:316] [INFO] Expansion 13 done
[2017-02-08 07:56:51:316] [INFO] Total number of evaluations so far: 5923
[2017-02-08 07:56:51:316] [INFO] The following candidate(s) have the best score [score=-27.2722549438476562, penalized score=-31.5579700469970703, complexity=15, complexity penalty=4.28571462631225586, diversity penalty=0]
[2017-02-08 07:56:51:316] [INFO] -27.2723 /(+(2 *(+(0.5 $4) exp(*(-1 $4)))) +(1 *(-1 sin(+(*(-1 $3) *(-0.5 $4)))) $4))
[2017-02-08 07:56:51:316] [INFO] Stats: 13	5923	4	250	-27.2723	15	0	3	0
[2017-02-08 07:56:51:317] [INFO] Start knob building, rep size=24 complexity=15
[2017-02-08 07:56:51:317] [INFO] After knob building, rep size=640 complexity=21
[2017-02-08 07:56:51:317] [INFO] Total number of field specs: 203
[2017-02-08 07:56:51:317] [INFO] Number of disc knobs mapped: 0
[2017-02-08 07:56:51:317] [INFO] Number of contin knobs mapped: 203
[2017-02-08 07:56:51:317] [INFO] Field set, in bytes: 32704
[2017-02-08 07:56:51:317] [INFO] One instance, in bytes: 280
[2017-02-08 07:56:51:317] [INFO] DemesHill: # demeID	iteration	total_steps	total_evals	microseconds	new_instances	num_instances	inst_RAM	num_evals	has_improved	best_weighted_score	delta_weighted	best_raw	delta_raw	complexity
[2017-02-08 07:56:51:318] [INFO] DemesHill: 14	1	49	5924	543	1	1	0.000267029	1	1	-32.1602	3.40282e+38	-27.8745	3.40282e+38	15
[2017-02-08 07:56:51:523] [INFO] DemesHill: 14	2	50	6330	205205	406	407	0.108681	407	1	-31.5438	0.616346	-26.6867	1.18777	17
[2017-02-08 07:56:51:588] [INFO] DemesHill: 14	3	51	6450	65213	120	527	0.140724	527	0	-31.5438	0	-26.6867	0	17
[2017-02-08 07:56:52:024] [INFO] Expansion 14 done
[2017-02-08 07:56:52:024] [INFO] Total number of evaluations so far: 6450
[2017-02-08 07:56:52:024] [INFO] The following candidate(s) have the best score [score=-26.6867046356201172, penalized score=-31.5438480377197266, complexity=17, complexity penalty=4.85714292526245117, diversity penalty=0]
[2017-02-08 07:56:52:024] [INFO] -26.6867 /(+(2 *(+(0.5 $4) +(1 $4) exp(*(-2 $4)))) +(1 *(-1 sin(+(*(-1 $3) *(-0.5 $4)))) $4))
[2017-02-08 07:56:52:024] [INFO] Stats: 14	6450	4	250	-26.6867	17	0	3	0
[2017-02-08 07:56:52:025] [INFO] Start knob building, rep size=27 complexity=17
[2017-02-08 07:56:52:025] [INFO] After knob building, rep size=643 complexity=23
[2017-02-08 07:56:52:025] [INFO] Total number of field specs: 204
[2017-02-08 07:56:52:025] [INFO] Number of disc knobs mapped: 0
[2017-02-08 07:56:52:025] [INFO] Number of contin knobs mapped: 204
[2017-02-08 07:56:52:025] [INFO] Field set, in bytes: 32864
[2017-02-08 07:56:52:025] [INFO] One instance, in bytes: 280
[2017-02-08 07:56:52:025] [INFO] DemesHill: # demeID	iteration	total_steps	total_evals	microseconds	new_instances	num_instances	inst_RAM	num_evals	has_improved	best_weighted_score	delta_weighted	best_raw	delta_raw	complexity
[2017-02-08 07:56:52:026] [INFO] DemesHill: 15	1	52	6451	653	1	1	0.000267029	1	1	-31.5438	3.40282e+38	-26.6867	3.40282e+38	17
[2017-02-08 07:56:52:240] [INFO] DemesHill: 15	2	53	6859	213506	408	409	0.109215	409	0	-31.5438	0	-26.6867	0	17
[2017-02-08 07:56:52:299] [INFO] DemesHill: 15	3	54	6979	59569	120	529	0.141258	529	0	-31.5438	0	-26.6867	0	17
[2017-02-08 07:56:52:773] [INFO] Expansion 15 done
[2017-02-08 07:56:52:773] [INFO] Total number of evaluations so far: 6979
[2017-02-08 07:56:52:773] [INFO] The following candidate(s) have the best score [score=-26.6867046356201172, penalized score=-31.5438480377197266, complexity=17, complexity penalty=4.85714292526245117, diversity penalty=0]
[2017-02-08 07:56:52:773] [INFO] -26.6867 /(+(2 *(+(0.5 $4) +(1 $4) exp(*(-2 $4)))) +(1 *(-1 sin(+(*(-1 $3) *(-0.5 $4)))) $4))
[2017-02-08 07:56:52:773] [INFO] Stats: 15	6979	5	250	-26.6867	17	0	3	0
[2017-02-08 07:56:52:774] [INFO] Start knob building, rep size=28 complexity=17
[2017-02-08 07:56:52:775] [INFO] After knob building, rep size=766 complexity=24
[2017-02-08 07:56:52:775] [INFO] Total number of field specs: 243
[2017-02-08 07:56:52:775] [INFO] Number of disc knobs mapped: 0
[2017-02-08 07:56:52:775] [INFO] Number of contin knobs mapped: 243
[2017-02-08 07:56:52:775] [INFO] Field set, in bytes: 39104
[2017-02-08 07:56:52:775] [INFO] One instance, in bytes: 328
[2017-02-08 07:56:52:775] [INFO] DemesHill: # demeID	iteration	total_steps	total_evals	microseconds	new_instances	num_instances	inst_RAM	num_evals	has_improved	best_weighted_score	delta_weighted	best_raw	delta_raw	complexity
[2017-02-08 07:56:52:776] [INFO] DemesHill: 16	1	55	6980	709	1	1	0.000312805	1	1	-31.5861	3.40282e+38	-26.7289	3.40282e+38	17
[2017-02-08 07:56:53:080] [INFO] DemesHill: 16	2	56	7466	304281	486	487	0.152336	487	1	-31.3373	0.24877	-26.4802	0.24877	17
[2017-02-08 07:56:53:148] [INFO] DemesHill: 16	3	57	7586	68411	120	607	0.189873	607	0	-31.3373	0	-26.4802	0	17
[2017-02-08 07:56:53:790] [INFO] Expansion 16 done
[2017-02-08 07:56:53:790] [INFO] Total number of evaluations so far: 7586
[2017-02-08 07:56:53:790] [INFO] The following candidate(s) have the best score [score=-26.4801521301269531, penalized score=-31.3372955322265625, complexity=17, complexity penalty=4.85714292526245117, diversity penalty=0]
[2017-02-08 07:56:53:790] [INFO] -26.4802 /(+(2 *(+(-0.5 *(+(2 $4) $4)) exp(*(-2 $4)))) +(1 *(-1 sin(+(*(-1 $3) *(-0.5 $4)))) $4))
[2017-02-08 07:56:53:790] [INFO] Stats: 16	7586	6	250	-26.4802	17	0	3	0
[2017-02-08 07:56:53:791] [INFO] Start knob building, rep size=28 complexity=17
[2017-02-08 07:56:53:791] [INFO] After knob building, rep size=766 complexity=24
[2017-02-08 07:56:53:791] [INFO] Total number of field specs: 243
[2017-02-08 07:56:53:791] [INFO] Number of disc knobs mapped: 0
[2017-02-08 07:56:53:791] [INFO] Number of contin knobs mapped: 243
[2017-02-08 07:56:53:791] [INFO] Field set, in bytes: 39104
[2017-02-08 07:56:53:791] [INFO] One instance, in bytes: 328
[2017-02-08 07:56:53:791] [INFO] DemesHill: # demeID	iteration	total_steps	total_evals	microseconds	new_instances	num_instances	inst_RAM	num_evals	has_improved	best_weighted_score	delta_weighted	best_raw	delta_raw	complexity
[2017-02-08 07:56:53:792] [INFO] DemesHill: 17	1	58	7587	683	1	1	0.000312805	1	1	-31.3373	3.40282e+38	-26.4802	3.40282e+38	17
[2017-02-08 07:56:54:095] [INFO] DemesHill: 17	2	59	8073	302702	486	487	0.152336	487	1	-30.465	0.872328	-25.6078	0.872328	17
[2017-02-08 07:56:54:175] [INFO] DemesHill: 17	3	60	8193	80679	120	607	0.189873	607	1	-29.9644	0.500526	-25.3515	0.256304	16
[2017-02-08 07:56:54:245] [INFO] DemesHill: 17	4	61	8313	69511	120	727	0.227409	727	0	-29.9644	0	-25.3515	0	16
[2017-02-08 07:56:55:038] [INFO] Expansion 17 done
[2017-02-08 07:56:55:038] [INFO] Total number of evaluations so far: 8313
[2017-02-08 07:56:55:038] [INFO] The following candidate(s) have the best score [score=-25.3515205383300781, penalized score=-30.2086639404296875, complexity=17, complexity penalty=4.85714292526245117, diversity penalty=0]
[2017-02-08 07:56:55:038] [INFO] -25.3515 /(+(2 *(+(-0.5 *(+(4 $4) $4)) exp(*(-2 $4)))) +(1 *(-1 sin(+(*(-1 $3) *(-0.5 $4)))) $4))
[2017-02-08 07:56:55:038] [INFO] Stats: 17	8313	7	250	-25.3515	17	0	4	0
[2017-02-08 07:56:55:039] [INFO] Start knob building, rep size=26 complexity=16
[2017-02-08 07:56:55:039] [INFO] After knob building, rep size=640 complexity=21
[2017-02-08 07:56:55:039] [INFO] Total number of field specs: 203
[2017-02-08 07:56:55:039] [INFO] Number of disc knobs mapped: 0
[2017-02-08 07:56:55:039] [INFO] Number of contin knobs mapped: 203
[2017-02-08 07:56:55:039] [INFO] Field set, in bytes: 32704
[2017-02-08 07:56:55:039] [INFO] One instance, in bytes: 280
[2017-02-08 07:56:55:039] [INFO] DemesHill: # demeID	iteration	total_steps	total_evals	microseconds	new_instances	num_instances	inst_RAM	num_evals	has_improved	best_weighted_score	delta_weighted	best_raw	delta_raw	complexity
[2017-02-08 07:56:55:040] [INFO] DemesHill: 18	1	62	8314	535	1	1	0.000267029	1	1	-29.9644	3.40282e+38	-25.393	3.40282e+38	16
[2017-02-08 07:56:55:247] [INFO] DemesHill: 18	2	63	8720	206708	406	407	0.108681	407	0	-29.9644	0	-25.393	0	16
[2017-02-08 07:56:55:304] [INFO] DemesHill: 18	3	64	8840	57544	120	527	0.140724	527	0	-29.9644	0	-25.393	0	16
[2017-02-08 07:56:55:762] [INFO] Expansion 18 done
[2017-02-08 07:56:55:762] [INFO] Total number of evaluations so far: 8840
[2017-02-08 07:56:55:762] [INFO] The following candidate(s) have the best score [score=-25.3515205383300781, penalized score=-30.2086639404296875, complexity=17, complexity penalty=4.85714292526245117, diversity penalty=0]
[2017-02-08 07:56:55:762] [INFO] -25.3515 /(+(2 *(+(-0.5 *(+(4 $4) $4)) exp(*(-2 $4)))) +(1 *(-1 sin(+(*(-1 $3) *(-0.5 $4)))) $4))
[2017-02-08 07:56:55:762] [INFO] Stats: 18	8840	8	250	-25.3515	17	0	3	0
[2017-02-08 07:56:55:763] [INFO] Start knob building, rep size=28 complexity=17
[2017-02-08 07:56:55:763] [INFO] After knob building, rep size=766 complexity=24
[2017-02-08 07:56:55:763] [INFO] Total number of field specs: 243
[2017-02-08 07:56:55:763] [INFO] Number of disc knobs mapped: 0
[2017-02-08 07:56:55:763] [INFO] Number of contin knobs mapped: 243
[2017-02-08 07:56:55:763] [INFO] Field set, in bytes: 39104
[2017-02-08 07:56:55:763] [INFO] One instance, in bytes: 328
[2017-02-08 07:56:55:763] [INFO] DemesHill: # demeID	iteration	total_steps	total_evals	microseconds	new_instances	num_instances	inst_RAM	num_evals	has_improved	best_weighted_score	delta_weighted	best_raw	delta_raw	complexity
[2017-02-08 07:56:55:764] [INFO] DemesHill: 19	1	65	8841	668	1	1	0.000312805	1	1	-30.2087	3.40282e+38	-25.3515	3.40282e+38	17
[2017-02-08 07:56:56:072] [INFO] DemesHill: 19	2	66	9327	307421	486	487	0.152336	487	1	-29.9644	0.244223	-25.3255	0.0260315	16
[2017-02-08 07:56:56:145] [INFO] DemesHill: 19	3	67	9447	73064	120	607	0.189873	607	0	-29.9644	0	-25.3255	0	16
[2017-02-08 07:56:56:799] [INFO] Expansion 19 done
[2017-02-08 07:56:56:799] [INFO] Total number of evaluations so far: 9447
[2017-02-08 07:56:56:799] [INFO] The following candidate(s) have the best score [score=-25.3254890441894531, penalized score=-31.0397758483886719, complexity=20, complexity penalty=5.71428585052490234, diversity penalty=0]
[2017-02-08 07:56:56:799] [INFO] -25.3255 /(+(2 *(+(-0.5 *(+(4 *(+(1 *(-1 $4)) $4)) $4)) exp(*(-2 $4)))) +(1 *(-1 sin(+(*(-1 $3) *(-0.5 $4)))) $4))
[2017-02-08 07:56:56:799] [INFO] Stats: 19	9447	9	250	-25.3255	20	0	3	0
[2017-02-08 07:56:56:801] [INFO] Start knob building, rep size=26 complexity=16
[2017-02-08 07:56:56:801] [INFO] After knob building, rep size=640 complexity=21
[2017-02-08 07:56:56:801] [INFO] Total number of field specs: 203
[2017-02-08 07:56:56:801] [INFO] Number of disc knobs mapped: 0
[2017-02-08 07:56:56:801] [INFO] Number of contin knobs mapped: 203
[2017-02-08 07:56:56:801] [INFO] Field set, in bytes: 32704
[2017-02-08 07:56:56:801] [INFO] One instance, in bytes: 280
[2017-02-08 07:56:56:801] [INFO] DemesHill: # demeID	iteration	total_steps	total_evals	microseconds	new_instances	num_instances	inst_RAM	num_evals	has_improved	best_weighted_score	delta_weighted	best_raw	delta_raw	complexity
[2017-02-08 07:56:56:801] [INFO] DemesHill: 20	1	68	9448	562	1	1	0.000267029	1	1	-30.1073	3.40282e+38	-25.5359	3.40282e+38	16
[2017-02-08 07:56:57:013] [INFO] DemesHill: 20	2	69	9854	211367	406	407	0.108681	407	1	-29.9644	0.142839	-25.3515	0.184332	16
[2017-02-08 07:56:57:070] [INFO] DemesHill: 20	3	70	9974	56912	120	527	0.140724	527	0	-29.9644	0	-25.3515	0	16
[2017-02-08 07:56:57:534] [INFO] Expansion 20 done
[2017-02-08 07:56:57:534] [INFO] Total number of evaluations so far: 9974
[2017-02-08 07:56:57:534] [INFO] The following candidate(s) have the best score [score=-25.3254890441894531, penalized score=-31.0397758483886719, complexity=20, complexity penalty=5.71428585052490234, diversity penalty=0]
[2017-02-08 07:56:57:534] [INFO] -25.3255 /(+(2 *(+(-0.5 *(+(4 *(+(1 *(-1 $4)) $4)) $4)) exp(*(-2 $4)))) +(1 *(-1 sin(+(*(-1 $3) *(-0.5 $4)))) $4))
[2017-02-08 07:56:57:534] [INFO] Stats: 20	9974	10	250	-25.3255	20	0	3	0
[2017-02-08 07:56:57:536] [INFO] Start knob building, rep size=28 complexity=17
[2017-02-08 07:56:57:536] [INFO] After knob building, rep size=766 complexity=24
[2017-02-08 07:56:57:536] [INFO] Total number of field specs: 243
[2017-02-08 07:56:57:536] [INFO] Number of disc knobs mapped: 0
[2017-02-08 07:56:57:536] [INFO] Number of contin knobs mapped: 243
[2017-02-08 07:56:57:536] [INFO] Field set, in bytes: 39104
[2017-02-08 07:56:57:536] [INFO] One instance, in bytes: 328
[2017-02-08 07:56:57:536] [INFO] DemesHill: # demeID	iteration	total_steps	total_evals	microseconds	new_instances	num_instances	inst_RAM	num_evals	has_improved	best_weighted_score	delta_weighted	best_raw	delta_raw	complexity
[2017-02-08 07:56:57:537] [INFO] DemesHill: 21	1	71	9975	671	1	1	0.000312805	1	1	-30.465	3.40282e+38	-25.6078	3.40282e+38	17
[2017-02-08 07:56:57:552] [INFO] DemesHill: 21	2	72	10000	15674	25	26	0.00813293	26	0	-30.465	0	-25.6078	0	17
[2017-02-08 07:56:57:578] [INFO] Expansion 21 done
[2017-02-08 07:56:57:578] [INFO] Total number of evaluations so far: 10000
[2017-02-08 07:56:57:578] [INFO] The following candidate(s) have the best score [score=-25.3254890441894531, penalized score=-31.0397758483886719, complexity=20, complexity penalty=5.71428585052490234, diversity penalty=0]
[2017-02-08 07:56:57:578] [INFO] -25.3255 /(+(2 *(+(-0.5 *(+(4 *(+(1 *(-1 $4)) $4)) $4)) exp(*(-2 $4)))) +(1 *(-1 sin(+(*(-1 $3) *(-0.5 $4)))) $4))
[2017-02-08 07:56:57:578] [INFO] Stats: 21	10000	10	250	-25.3255	20	0	2	1
[2017-02-08 07:56:57:580] [INFO] Best candidates:
-25.3255 /(+(2 *(+(-0.5 *(+(4 *(+(1 *(-1 $4)) $4)) $4)) exp(*(-2 $4)))) +(1 *(-1 sin(+(*(-1 $3) *(-0.5 $4)))) $4))  [score=-25.3254890441894531, penalized score=-31.0397758483886719, complexity=20, complexity penalty=5.71428585052490234, diversity penalty=0] demeID: 19

[2017-02-08 07:56:57:585] [INFO] Cache composite scores hits=7923 misses=2078
